###############################################################################
#                                                                             #
# IAR C/C++ Compiler V8.10.3.10338/W32 for 8051         16/Dec/2014  18:18:14 #
# Copyright 2004-2011 IAR Systems AB.                                         #
#                                                                             #
#    Core               =  plain                                              #
#    Code model         =  banked                                             #
#    Data model         =  large                                              #
#    Calling convention =  xdata reentrant                                    #
#    Constant location  =  data_rom                                           #
#    Dptr setup         =  1,16                                               #
#    Source file        =  E:\Zigbee-timer\Texas Instruments\Projects\zstack\ #
#                          Samples\MyfirstAPP\Source\fire.c                   #
#    Command line       =  -f "E:\Zigbee-timer\Texas                          #
#                          Instruments\Projects\zstack\Samples\MyfirstAPP\CC2 #
#                          530DB\..\..\..\Tools\CC2530DB\f8wEndev.cfg"        #
#                          (-DCPU32MHZ -DROOT=__near_func -DBLINK_LEDS) -f    #
#                          "E:\Zigbee-timer\Texas Instruments\Projects\zstack #
#                          \Samples\MyfirstAPP\CC2530DB\..\..\..\Tools\CC2530 #
#                          DB\f8wConfig.cfg" (-DSECURE=0                      #
#                          -DZG_SECURE_DYNAMIC=0 -DREFLECTOR                  #
#                          -DDEFAULT_CHANLIST=0x02000000                      #
#                          -DZDAPP_CONFIG_PAN_ID=0xA1B2                       #
#                          -DNWK_START_DELAY=100 -DEXTENDED_JOINING_RANDOM_MA #
#                          SK=0x007F -DBEACON_REQUEST_DELAY=100               #
#                          -DBEACON_REQ_DELAY_MASK=0x00FF                     #
#                          -DROUTE_EXPIRY_TIME=30 -DAPSC_ACK_WAIT_DURATION_PO #
#                          LLED=3000 -DNWK_INDIRECT_MSG_TIMEOUT=7             #
#                          -DMAX_RREQ_ENTRIES=8 -DAPSC_MAX_FRAME_RETRIES=3    #
#                          -DNWK_MAX_DATA_RETRIES=2                           #
#                          -DMAX_POLL_FAILURE_RETRIES=2 -DMAX_BCAST=9         #
#                          -DAPS_MAX_GROUPS=16 -DMAX_RTG_ENTRIES=40           #
#                          -DNWK_MAX_BINDING_ENTRIES=4                        #
#                          -DMAX_BINDING_CLUSTER_IDS=4 "-DDEFAULT_KEY={0x01,  #
#                          0x03, 0x05, 0x07, 0x09, 0x0B, 0x0D, 0x0F, 0x00,    #
#                          0x02, 0x04, 0x06, 0x08, 0x0A, 0x0C, 0x0D}"         #
#                          -DMAC_MAX_FRAME_SIZE=116 "-DCONST=const __code"    #
#                          -DGENERIC=__generic -DRFD_RCVC_ALWAYS_ON=FALSE     #
#                          -DPOLL_RATE=1000 -DQUEUED_POLL_RATE=100            #
#                          -DRESPONSE_POLL_RATE=100) -DREJOIN_POLL_RATE=440   #
#                          "E:\Zigbee-timer\Texas Instruments\Projects\zstack #
#                          \Samples\MyfirstAPP\Source\fire.c" -D ZIGBEEPRO    #
#                          -D NWK_AUTO_POLL -D ZTOOL_P1 -D MT_TASK -D         #
#                          MT_SYS_FUNC -D MT_ZDO_FUNC -D LCD_SUPPORTED=DEBUG  #
#                          -D xPOWER_SAVING -lC "E:\Zigbee-timer\Texas        #
#                          Instruments\Projects\zstack\Samples\MyfirstAPP\CC2 #
#                          530DB\EndDeviceEB-Pro\List\" -lA                   #
#                          "E:\Zigbee-timer\Texas Instruments\Projects\zstack #
#                          \Samples\MyfirstAPP\CC2530DB\EndDeviceEB-Pro\List\ #
#                          " --diag_suppress Pe001,Pa010 -o                   #
#                          "E:\Zigbee-timer\Texas Instruments\Projects\zstack #
#                          \Samples\MyfirstAPP\CC2530DB\EndDeviceEB-Pro\Obj\" #
#                           -e --debug --core=plain --dptr=16,1               #
#                          --data_model=large --code_model=banked             #
#                          --calling_convention=xdata_reentrant               #
#                          --place_constants=data_rom --nr_virtual_regs 8 -I  #
#                          "E:\Zigbee-timer\Texas Instruments\Projects\zstack #
#                          \Samples\MyfirstAPP\CC2530DB\" -I                  #
#                          "E:\Zigbee-timer\Texas Instruments\Projects\zstack #
#                          \Samples\MyfirstAPP\CC2530DB\..\SOURCE\" -I        #
#                          "E:\Zigbee-timer\Texas Instruments\Projects\zstack #
#                          \Samples\MyfirstAPP\CC2530DB\..\..\..\ZMAIN\TI2530 #
#                          DB\" -I "E:\Zigbee-timer\Texas                     #
#                          Instruments\Projects\zstack\Samples\MyfirstAPP\CC2 #
#                          530DB\..\..\..\..\..\COMPONENTS\MT\" -I            #
#                          "E:\Zigbee-timer\Texas Instruments\Projects\zstack #
#                          \Samples\MyfirstAPP\CC2530DB\..\..\..\..\..\COMPON #
#                          ENTS\HAL\INCLUDE\" -I "E:\Zigbee-timer\Texas       #
#                          Instruments\Projects\zstack\Samples\MyfirstAPP\CC2 #
#                          530DB\..\..\..\..\..\COMPONENTS\HAL\TARGET\CC2530E #
#                          B\" -I "E:\Zigbee-timer\Texas                      #
#                          Instruments\Projects\zstack\Samples\MyfirstAPP\CC2 #
#                          530DB\..\..\..\..\..\COMPONENTS\OSAL\MCU\CCSOC\"   #
#                          -I "E:\Zigbee-timer\Texas                          #
#                          Instruments\Projects\zstack\Samples\MyfirstAPP\CC2 #
#                          530DB\..\..\..\..\..\COMPONENTS\OSAL\INCLUDE\" -I  #
#                          "E:\Zigbee-timer\Texas Instruments\Projects\zstack #
#                          \Samples\MyfirstAPP\CC2530DB\..\..\..\..\..\COMPON #
#                          ENTS\STACK\AF\" -I "E:\Zigbee-timer\Texas          #
#                          Instruments\Projects\zstack\Samples\MyfirstAPP\CC2 #
#                          530DB\..\..\..\..\..\COMPONENTS\STACK\NWK\" -I     #
#                          "E:\Zigbee-timer\Texas Instruments\Projects\zstack #
#                          \Samples\MyfirstAPP\CC2530DB\..\..\..\..\..\COMPON #
#                          ENTS\STACK\SEC\" -I "E:\Zigbee-timer\Texas         #
#                          Instruments\Projects\zstack\Samples\MyfirstAPP\CC2 #
#                          530DB\..\..\..\..\..\COMPONENTS\STACK\SAPI\" -I    #
#                          "E:\Zigbee-timer\Texas Instruments\Projects\zstack #
#                          \Samples\MyfirstAPP\CC2530DB\..\..\..\..\..\COMPON #
#                          ENTS\STACK\SYS\" -I "E:\Zigbee-timer\Texas         #
#                          Instruments\Projects\zstack\Samples\MyfirstAPP\CC2 #
#                          530DB\..\..\..\..\..\COMPONENTS\STACK\ZDO\" -I     #
#                          "E:\Zigbee-timer\Texas Instruments\Projects\zstack #
#                          \Samples\MyfirstAPP\CC2530DB\..\..\..\..\..\COMPON #
#                          ENTS\ZMAC\F8W\" -I "E:\Zigbee-timer\Texas          #
#                          Instruments\Projects\zstack\Samples\MyfirstAPP\CC2 #
#                          530DB\..\..\..\..\..\COMPONENTS\ZMAC\" -I          #
#                          "E:\Zigbee-timer\Texas Instruments\Projects\zstack #
#                          \Samples\MyfirstAPP\CC2530DB\..\..\..\..\..\COMPON #
#                          ENTS\SERVICES\SADDR\" -I "E:\Zigbee-timer\Texas    #
#                          Instruments\Projects\zstack\Samples\MyfirstAPP\CC2 #
#                          530DB\..\..\..\..\..\COMPONENTS\SERVICES\SDATA\"   #
#                          -I "E:\Zigbee-timer\Texas                          #
#                          Instruments\Projects\zstack\Samples\MyfirstAPP\CC2 #
#                          530DB\..\..\..\..\..\COMPONENTS\MAC\INCLUDE\" -I   #
#                          "E:\Zigbee-timer\Texas Instruments\Projects\zstack #
#                          \Samples\MyfirstAPP\CC2530DB\..\..\..\..\..\COMPON #
#                          ENTS\MAC\HIGH_LEVEL\" -I "E:\Zigbee-timer\Texas    #
#                          Instruments\Projects\zstack\Samples\MyfirstAPP\CC2 #
#                          530DB\..\..\..\..\..\COMPONENTS\MAC\LOW_LEVEL\srf0 #
#                          4\" -I "E:\Zigbee-timer\Texas                      #
#                          Instruments\Projects\zstack\Samples\MyfirstAPP\CC2 #
#                          530DB\..\..\..\..\..\COMPONENTS\MAC\LOW_LEVEL\srf0 #
#                          4\SINGLE_CHIP\" -Ohz --require_prototypes          #
#    List file          =  E:\Zigbee-timer\Texas Instruments\Projects\zstack\ #
#                          Samples\MyfirstAPP\CC2530DB\EndDeviceEB-Pro\List\f #
#                          ire.lst                                            #
#    Object file        =  E:\Zigbee-timer\Texas Instruments\Projects\zstack\ #
#                          Samples\MyfirstAPP\CC2530DB\EndDeviceEB-Pro\Obj\fi #
#                          re.r51                                             #
#                                                                             #
#                                                                             #
###############################################################################

E:\Zigbee-timer\Texas Instruments\Projects\zstack\Samples\MyfirstAPP\Source\fire.c
      1          #include <ioCC2530.h>
      2          #include "fire.h"
      3          #include "hal_types.h"
      4          
      5          
      6          #define uint unsigned int
      7          #define uchar unsigned char
      8          
      9          #define led1 P1_0
     10          #define led2 P1_1
     11          #define led3 P1_2
     12          #define led4 P1_3
     13          
     14          
     15          uint8 fire = 0;
     16          
     17          //延时子函数
     18          void Delay(uint n)  
                      ^
Error[Pa045]: function "Delay" has no prototype
     19          {
     20           uint tt;
     21           for(tt=0;tt<n;tt++);
     22           for(tt=0;tt<n;tt++);
     23           for(tt=0;tt<n;tt++);
     24           for(tt=0;tt<n;tt++);
     25           for(tt=0;tt<n;tt++);
     26          }
     27          
     28          
     29          /*
     30          //LED灯初始化
     31          void led_init(void)
     32          {
     33             //P1为普通 I/O 口
     34             P1SEL =0x00; 
     35             // P1.0 P1.1 P1.2 P1.3 输出
     36             P1DIR = 0x0F;          
     37             //关闭LED1
     38             led1=1;
     39             //关闭LED2
     40             led2=1;
     41             //关闭LED3
     42             led3=1;
     43             //关闭LED4
     44             led4=1;
     45             
     46          }
     47          */
     48          //io及外部中断初始化
     49          void io_init(void)
     50          {
     51            
     52            P0DIR &= ~(1 << 4); 
     53            P0SEL &= ~(1 << 4);
     54            
     55          }
     56          
     57          
     58          //主函数
     59          
     60          uint8 getfire(void)   
     61          {
     62              uint8 a;
     63              a=P0; 
     64              if(~a&0x10)
     65                return 1;
     66              else 
     67                return 0;
     68           }
     69          
     70          
     71          
     72          
     73          /*
     74          //中断服务子程序
     75          
     76          #pragma vector = P0INT_VECTOR
     77           __interrupt void P0_ISR(void)
     78           {
     79                 
     80                  if(P0IFG & 0x10)         
     81                  {
     82                    //给主函数的标志位
     83                    Flag1 = 1;
     84                    //清中断标志
     85                    P0IFG = 0;
     86                    //LED1改变状态
     87          
     88                  }
     89                  //清中断标志
     90                  P0IF = 0; 
     91                        
     92           }
     93           unsigned short int dove(void)
     94           {
     95           while(1)
     96           {
     97             if(Flag1)//检测到标志位
     98             {
     99                Flag1 = 0;//清零标志位
    100                fire1=1;
    101                EA = 0;
    102                 Delay(50000);
    103                  EA = 1;
    104                return fire1;
    105             }
    106          
    107           }
    108           }
    109           void Delay(uint n)  
    110          {
    111           uint tt;
    112           for(tt=0;tt<n;tt++);
    113           for(tt=0;tt<n;tt++);
    114           for(tt=0;tt<n;tt++);
    115           for(tt=0;tt<n;tt++);
    116           for(tt=0;tt<n;tt++);
    117          }
    118          */

Errors: 1
Warnings: none
