###############################################################################
#                                                                             #
# IAR C/C++ Compiler V8.10.3.10338/W32 for 8051         16/Dec/2014  18:18:10 #
# Copyright 2004-2011 IAR Systems AB.                                         #
#                                                                             #
#    Core               =  plain                                              #
#    Code model         =  banked                                             #
#    Data model         =  large                                              #
#    Calling convention =  xdata reentrant                                    #
#    Constant location  =  data_rom                                           #
#    Dptr setup         =  1,16                                               #
#    Source file        =  E:\Zigbee-timer\Texas Instruments\Components\mt\MT #
#                          _TASK.c                                            #
#    Command line       =  -f "E:\Zigbee-timer\Texas                          #
#                          Instruments\Projects\zstack\Samples\MyfirstAPP\CC2 #
#                          530DB\..\..\..\Tools\CC2530DB\f8wEndev.cfg"        #
#                          (-DCPU32MHZ -DROOT=__near_func -DBLINK_LEDS) -f    #
#                          "E:\Zigbee-timer\Texas Instruments\Projects\zstack #
#                          \Samples\MyfirstAPP\CC2530DB\..\..\..\Tools\CC2530 #
#                          DB\f8wConfig.cfg" (-DSECURE=0                      #
#                          -DZG_SECURE_DYNAMIC=0 -DREFLECTOR                  #
#                          -DDEFAULT_CHANLIST=0x02000000                      #
#                          -DZDAPP_CONFIG_PAN_ID=0xA1B2                       #
#                          -DNWK_START_DELAY=100 -DEXTENDED_JOINING_RANDOM_MA #
#                          SK=0x007F -DBEACON_REQUEST_DELAY=100               #
#                          -DBEACON_REQ_DELAY_MASK=0x00FF                     #
#                          -DROUTE_EXPIRY_TIME=30 -DAPSC_ACK_WAIT_DURATION_PO #
#                          LLED=3000 -DNWK_INDIRECT_MSG_TIMEOUT=7             #
#                          -DMAX_RREQ_ENTRIES=8 -DAPSC_MAX_FRAME_RETRIES=3    #
#                          -DNWK_MAX_DATA_RETRIES=2                           #
#                          -DMAX_POLL_FAILURE_RETRIES=2 -DMAX_BCAST=9         #
#                          -DAPS_MAX_GROUPS=16 -DMAX_RTG_ENTRIES=40           #
#                          -DNWK_MAX_BINDING_ENTRIES=4                        #
#                          -DMAX_BINDING_CLUSTER_IDS=4 "-DDEFAULT_KEY={0x01,  #
#                          0x03, 0x05, 0x07, 0x09, 0x0B, 0x0D, 0x0F, 0x00,    #
#                          0x02, 0x04, 0x06, 0x08, 0x0A, 0x0C, 0x0D}"         #
#                          -DMAC_MAX_FRAME_SIZE=116 "-DCONST=const __code"    #
#                          -DGENERIC=__generic -DRFD_RCVC_ALWAYS_ON=FALSE     #
#                          -DPOLL_RATE=1000 -DQUEUED_POLL_RATE=100            #
#                          -DRESPONSE_POLL_RATE=100) -DREJOIN_POLL_RATE=440   #
#                          "E:\Zigbee-timer\Texas Instruments\Components\mt\M #
#                          T_TASK.c" -D ZIGBEEPRO -D NWK_AUTO_POLL -D         #
#                          ZTOOL_P1 -D MT_TASK -D MT_SYS_FUNC -D MT_ZDO_FUNC  #
#                          -D LCD_SUPPORTED=DEBUG -D xPOWER_SAVING -lC        #
#                          "E:\Zigbee-timer\Texas Instruments\Projects\zstack #
#                          \Samples\MyfirstAPP\CC2530DB\EndDeviceEB-Pro\List\ #
#                          " -lA "E:\Zigbee-timer\Texas                       #
#                          Instruments\Projects\zstack\Samples\MyfirstAPP\CC2 #
#                          530DB\EndDeviceEB-Pro\List\" --diag_suppress       #
#                          Pe001,Pa010 -o "E:\Zigbee-timer\Texas              #
#                          Instruments\Projects\zstack\Samples\MyfirstAPP\CC2 #
#                          530DB\EndDeviceEB-Pro\Obj\" -e --debug             #
#                          --core=plain --dptr=16,1 --data_model=large        #
#                          --code_model=banked --calling_convention=xdata_ree #
#                          ntrant --place_constants=data_rom                  #
#                          --nr_virtual_regs 8 -I "E:\Zigbee-timer\Texas      #
#                          Instruments\Projects\zstack\Samples\MyfirstAPP\CC2 #
#                          530DB\" -I "E:\Zigbee-timer\Texas                  #
#                          Instruments\Projects\zstack\Samples\MyfirstAPP\CC2 #
#                          530DB\..\SOURCE\" -I "E:\Zigbee-timer\Texas        #
#                          Instruments\Projects\zstack\Samples\MyfirstAPP\CC2 #
#                          530DB\..\..\..\ZMAIN\TI2530DB\" -I                 #
#                          "E:\Zigbee-timer\Texas Instruments\Projects\zstack #
#                          \Samples\MyfirstAPP\CC2530DB\..\..\..\..\..\COMPON #
#                          ENTS\MT\" -I "E:\Zigbee-timer\Texas                #
#                          Instruments\Projects\zstack\Samples\MyfirstAPP\CC2 #
#                          530DB\..\..\..\..\..\COMPONENTS\HAL\INCLUDE\" -I   #
#                          "E:\Zigbee-timer\Texas Instruments\Projects\zstack #
#                          \Samples\MyfirstAPP\CC2530DB\..\..\..\..\..\COMPON #
#                          ENTS\HAL\TARGET\CC2530EB\" -I                      #
#                          "E:\Zigbee-timer\Texas Instruments\Projects\zstack #
#                          \Samples\MyfirstAPP\CC2530DB\..\..\..\..\..\COMPON #
#                          ENTS\OSAL\MCU\CCSOC\" -I "E:\Zigbee-timer\Texas    #
#                          Instruments\Projects\zstack\Samples\MyfirstAPP\CC2 #
#                          530DB\..\..\..\..\..\COMPONENTS\OSAL\INCLUDE\" -I  #
#                          "E:\Zigbee-timer\Texas Instruments\Projects\zstack #
#                          \Samples\MyfirstAPP\CC2530DB\..\..\..\..\..\COMPON #
#                          ENTS\STACK\AF\" -I "E:\Zigbee-timer\Texas          #
#                          Instruments\Projects\zstack\Samples\MyfirstAPP\CC2 #
#                          530DB\..\..\..\..\..\COMPONENTS\STACK\NWK\" -I     #
#                          "E:\Zigbee-timer\Texas Instruments\Projects\zstack #
#                          \Samples\MyfirstAPP\CC2530DB\..\..\..\..\..\COMPON #
#                          ENTS\STACK\SEC\" -I "E:\Zigbee-timer\Texas         #
#                          Instruments\Projects\zstack\Samples\MyfirstAPP\CC2 #
#                          530DB\..\..\..\..\..\COMPONENTS\STACK\SAPI\" -I    #
#                          "E:\Zigbee-timer\Texas Instruments\Projects\zstack #
#                          \Samples\MyfirstAPP\CC2530DB\..\..\..\..\..\COMPON #
#                          ENTS\STACK\SYS\" -I "E:\Zigbee-timer\Texas         #
#                          Instruments\Projects\zstack\Samples\MyfirstAPP\CC2 #
#                          530DB\..\..\..\..\..\COMPONENTS\STACK\ZDO\" -I     #
#                          "E:\Zigbee-timer\Texas Instruments\Projects\zstack #
#                          \Samples\MyfirstAPP\CC2530DB\..\..\..\..\..\COMPON #
#                          ENTS\ZMAC\F8W\" -I "E:\Zigbee-timer\Texas          #
#                          Instruments\Projects\zstack\Samples\MyfirstAPP\CC2 #
#                          530DB\..\..\..\..\..\COMPONENTS\ZMAC\" -I          #
#                          "E:\Zigbee-timer\Texas Instruments\Projects\zstack #
#                          \Samples\MyfirstAPP\CC2530DB\..\..\..\..\..\COMPON #
#                          ENTS\SERVICES\SADDR\" -I "E:\Zigbee-timer\Texas    #
#                          Instruments\Projects\zstack\Samples\MyfirstAPP\CC2 #
#                          530DB\..\..\..\..\..\COMPONENTS\SERVICES\SDATA\"   #
#                          -I "E:\Zigbee-timer\Texas                          #
#                          Instruments\Projects\zstack\Samples\MyfirstAPP\CC2 #
#                          530DB\..\..\..\..\..\COMPONENTS\MAC\INCLUDE\" -I   #
#                          "E:\Zigbee-timer\Texas Instruments\Projects\zstack #
#                          \Samples\MyfirstAPP\CC2530DB\..\..\..\..\..\COMPON #
#                          ENTS\MAC\HIGH_LEVEL\" -I "E:\Zigbee-timer\Texas    #
#                          Instruments\Projects\zstack\Samples\MyfirstAPP\CC2 #
#                          530DB\..\..\..\..\..\COMPONENTS\MAC\LOW_LEVEL\srf0 #
#                          4\" -I "E:\Zigbee-timer\Texas                      #
#                          Instruments\Projects\zstack\Samples\MyfirstAPP\CC2 #
#                          530DB\..\..\..\..\..\COMPONENTS\MAC\LOW_LEVEL\srf0 #
#                          4\SINGLE_CHIP\" -Ohz --require_prototypes          #
#    List file          =  E:\Zigbee-timer\Texas Instruments\Projects\zstack\ #
#                          Samples\MyfirstAPP\CC2530DB\EndDeviceEB-Pro\List\M #
#                          T_TASK.lst                                         #
#    Object file        =  E:\Zigbee-timer\Texas Instruments\Projects\zstack\ #
#                          Samples\MyfirstAPP\CC2530DB\EndDeviceEB-Pro\Obj\MT #
#                          _TASK.r51                                          #
#                                                                             #
#                                                                             #
###############################################################################

E:\Zigbee-timer\Texas Instruments\Components\mt\MT_TASK.c
      1          /***************************************************************************************************
      2            Filename:       MT_TASK.c
      3            Revised:        $Date: 2009-03-12 16:25:22 -0700 (Thu, 12 Mar 2009) $
      4            Revision:       $Revision: 19404 $
      5          
      6            Description:    MonitorTest Task handling routines
      7          
      8            Copyright 2007 Texas Instruments Incorporated. All rights reserved.
      9          
     10            IMPORTANT: Your use of this Software is limited to those specific rights
     11            granted under the terms of a software license agreement between the user
     12            who downloaded the software, his/her employer (which must be your employer)
     13            and Texas Instruments Incorporated (the "License").  You may not use this
     14            Software unless you agree to abide by the terms of the License. The License
     15            limits your use, and you acknowledge, that the Software may not be modified,
     16            copied or distributed unless embedded on a Texas Instruments microcontroller
     17            or used solely and exclusively in conjunction with a Texas Instruments radio
     18            frequency transceiver, which is integrated into your product.  Other than for
     19            the foregoing purpose, you may not use, reproduce, copy, prepare derivative
     20            works of, modify, distribute, perform, display or sell this Software and/or
     21            its documentation for any purpose.
     22          
     23            YOU FURTHER ACKNOWLEDGE AND AGREE THAT THE SOFTWARE AND DOCUMENTATION ARE
     24            PROVIDED “AS IS” WITHOUT WARRANTY OF ANY KIND, EITHER EXPRESS OR IMPLIED,
     25            INCLUDING WITHOUT LIMITATION, ANY WARRANTY OF MERCHANTABILITY, TITLE,
     26            NON-INFRINGEMENT AND FITNESS FOR A PARTICULAR PURPOSE. IN NO EVENT SHALL
     27            TEXAS INSTRUMENTS OR ITS LICENSORS BE LIABLE OR OBLIGATED UNDER CONTRACT,
     28            NEGLIGENCE, STRICT LIABILITY, CONTRIBUTION, BREACH OF WARRANTY, OR OTHER
     29            LEGAL EQUITABLE THEORY ANY DIRECT OR INDIRECT DAMAGES OR EXPENSES
     30            INCLUDING BUT NOT LIMITED TO ANY INCIDENTAL, SPECIAL, INDIRECT, PUNITIVE
     31            OR CONSEQUENTIAL DAMAGES, LOST PROFITS OR LOST DATA, COST OF PROCUREMENT
     32            OF SUBSTITUTE GOODS, TECHNOLOGY, SERVICES, OR ANY CLAIMS BY THIRD PARTIES
     33            (INCLUDING BUT NOT LIMITED TO ANY DEFENSE THEREOF), OR OTHER SIMILAR COSTS.
     34          
     35            Should you have any questions regarding your right to use this Software,
     36            contact Texas Instruments Incorporated at www.TI.com.
     37          
     38           ***************************************************************************************************/
     39          
     40          /***************************************************************************************************
     41           * INCLUDES
     42           ***************************************************************************************************/
     43          #include "ZComDef.h"
     44          #include "MT_TASK.h"
     45          #include "MT.h"
     46          #include "MT_DEBUG.h"
     47          #include "MT_UART.h"
     48          #include "MT_SYS.h"
     49          
     50          #include "hal_uart.h"
     51          
     52          #include "OSAL_Memory.h"
     53          
     54          /***************************************************************************************************
     55           * LOCAL FUNCTIONS
     56           ***************************************************************************************************/
     57          void MT_ProcessIncomingCommand( mtOSALSerialData_t *msg );
     58          
     59          /***************************************************************************************************
     60           * GLOBALS
     61           ***************************************************************************************************/
     62          
     63          /***************************************************************************************************
     64           * @fn      MT_TaskInit
     65           *
     66           * @brief  MonitorTest Task Initialization.  This function is put into the
     67           *         task table.
     68           *
     69           * @param   byte task_id - task ID of the MT Task
     70           *
     71           * @return  void
     72           ***************************************************************************************************/

   \                                 In  segment BANKED_CODE, align 1, keep-with-next
     73          void MT_TaskInit(uint8 task_id)
   \                     MT_TaskInit:
     74          {
   \   000000   74F7         MOV     A,#-0x9
   \   000002   12....       LCALL   ?BANKED_ENTER_XDATA
   \   000005                ; Saved register size: 9
   \   000005                ; Auto size: 0
   \   000005   E9           MOV     A,R1
   \   000006   FE           MOV     R6,A
     75            /* Initialize MT */
     76            MT_Init(task_id);
   \   000007                ; Setup parameters for call to function MT_Init
   \   000007   12....       LCALL   ??MT_Init?relay
     77          
     78            /* Initialize the Serial port */
     79            MT_UartInit();
   \   00000A                ; Setup parameters for call to function MT_UartInit
   \   00000A   12....       LCALL   ??MT_UartInit?relay
     80          
     81            /* Register taskID - Do this after UartInit() because it will reset the taskID */
     82            MT_UartRegisterTaskID (task_id);
   \   00000D                ; Setup parameters for call to function MT_UartRegisterTaskID
   \   00000D   EE           MOV     A,R6
   \   00000E   F9           MOV     R1,A
   \   00000F   12....       LCALL   ??MT_UartRegisterTaskID?relay
     83          
     84          } /* MT_TaskInit() */
   \   000012   7F01         MOV     R7,#0x1
   \   000014   02....       LJMP    ?BANKED_LEAVE_XDATA
     85          
     86          /***************************************************************************************************
     87           * @fn      MT_ProcessEvent
     88           *
     89           * @brief MonitorTest Task Event Processor.  This task is put into the task table.
     90           *
     91           * @param   byte task_id - task ID of the MT Task
     92           * @param   UINT16 events - event(s) for the MT Task
     93           *
     94           * @return  void
     95           ***************************************************************************************************/

   \                                 In  segment BANKED_CODE, align 1, keep-with-next
     96          UINT16 MT_ProcessEvent(uint8 task_id, uint16 events)
   \                     MT_ProcessEvent:
     97          {
   \   000000   74F6         MOV     A,#-0xa
   \   000002   12....       LCALL   ?BANKED_ENTER_XDATA
   \   000005                ; Saved register size: 10
   \   000005                ; Auto size: 0
   \   000005   EA           MOV     A,R2
   \   000006   FE           MOV     R6,A
   \   000007   EB           MOV     A,R3
   \   000008   FF           MOV     R7,A
     98            uint8 *msg_ptr;
     99            
    100            (void)task_id;  // Intentionally unreferenced parameter
    101          
    102            /* Could be multiple events, so switch won't work */
    103            if ( events & SYS_EVENT_MSG )
   \   000009   5480         ANL     A,#0x80
   \   00000B   700E         JNZ     ??MT_ProcessEvent_0
    104            {
    105              while ( (msg_ptr = osal_msg_receive( MT_TaskID )) )
    106              {
    107                MT_ProcessIncomingCommand((mtOSALSerialData_t *)msg_ptr);
    108              }
    109          
    110              /* Return unproccessed events */
    111              return (events ^ SYS_EVENT_MSG);
    112            }
    113          
    114            if ( events & MT_ZTOOL_SERIAL_RCV_BUFFER_FULL )
   \   00000D   EE           MOV     A,R6
   \   00000E   5404         ANL     A,#0x4
   \   000010   601D         JZ      ??MT_ProcessEvent_1
    115            {
    116              /* Return unproccessed events */
    117              return (events ^ MT_ZTOOL_SERIAL_RCV_BUFFER_FULL);
   \   000012   EE           MOV     A,R6
   \   000013   6404         XRL     A,#0x4
   \   000015   FA           MOV     R2,A
   \   000016   805D         SJMP    ??MT_ProcessEvent_2
    118            }
   \                     ??MT_ProcessEvent_3:
   \   000018                ; Setup parameters for call to function MT_ProcessIncomingCommand
   \   000018   12....       LCALL   ??MT_ProcessIncomingCommand?relay
   \                     ??MT_ProcessEvent_0:
   \   00001B                ; Setup parameters for call to function osal_msg_receive
   \   00001B   90....       MOV     DPTR,#MT_TaskID
   \   00001E   E0           MOVX    A,@DPTR
   \   00001F   F9           MOV     R1,A
   \   000020   12....       LCALL   ??osal_msg_receive?relay
   \   000023   EA           MOV     A,R2
   \   000024   4B           ORL     A,R3
   \   000025   70F1         JNZ     ??MT_ProcessEvent_3
   \   000027   EE           MOV     A,R6
   \   000028   FA           MOV     R2,A
   \   000029   EF           MOV     A,R7
   \   00002A   6480         XRL     A,#0x80
   \                     ??MT_ProcessEvent_4:
   \   00002C   FB           MOV     R3,A
   \   00002D   8046         SJMP    ??MT_ProcessEvent_2
    119          
    120            /* Handle MT_SYS_OSAL_START_TIMER callbacks */
    121          #if defined MT_SYS_FUNC
    122            if ( events & (MT_SYS_OSAL_EVENT_MASK))
   \                     ??MT_ProcessEvent_1:
   \   00002F   EF           MOV     A,R7
   \   000030   540F         ANL     A,#0xf
   \   000032   603D         JZ      ??MT_ProcessEvent_5
    123            {
    124              if (events & MT_SYS_OSAL_EVENT_0)
   \   000034   EF           MOV     A,R7
   \   000035   5408         ANL     A,#0x8
   \   000037   6009         JZ      ??MT_ProcessEvent_6
    125              {
    126                MT_SysOsalTimerExpired(0x00);
   \   000039                ; Setup parameters for call to function MT_SysOsalTimerExpired
   \   000039   7900         MOV     R1,#0x0
   \   00003B   12....       LCALL   ??MT_SysOsalTimerExpired?relay
    127                events ^= MT_SYS_OSAL_EVENT_0;
   \   00003E   7408         MOV     A,#0x8
   \   000040   6F           XRL     A,R7
   \   000041   FF           MOV     R7,A
    128              }
    129          
    130              if (events & MT_SYS_OSAL_EVENT_1)
   \                     ??MT_ProcessEvent_6:
   \   000042   EF           MOV     A,R7
   \   000043   5404         ANL     A,#0x4
   \   000045   6009         JZ      ??MT_ProcessEvent_7
    131              {
    132                MT_SysOsalTimerExpired(0x01);
   \   000047                ; Setup parameters for call to function MT_SysOsalTimerExpired
   \   000047   7901         MOV     R1,#0x1
   \   000049   12....       LCALL   ??MT_SysOsalTimerExpired?relay
    133                events ^= MT_SYS_OSAL_EVENT_1;
   \   00004C   7404         MOV     A,#0x4
   \   00004E   6F           XRL     A,R7
   \   00004F   FF           MOV     R7,A
    134              }
    135          
    136              if (events & MT_SYS_OSAL_EVENT_2)
   \                     ??MT_ProcessEvent_7:
   \   000050   EF           MOV     A,R7
   \   000051   5402         ANL     A,#0x2
   \   000053   6009         JZ      ??MT_ProcessEvent_8
    137              {
    138                MT_SysOsalTimerExpired(0x02);
   \   000055                ; Setup parameters for call to function MT_SysOsalTimerExpired
   \   000055   7902         MOV     R1,#0x2
   \   000057   12....       LCALL   ??MT_SysOsalTimerExpired?relay
    139                events ^= MT_SYS_OSAL_EVENT_2;
   \   00005A   7402         MOV     A,#0x2
   \   00005C   6F           XRL     A,R7
   \   00005D   FF           MOV     R7,A
    140              }
    141          
    142              if (events & MT_SYS_OSAL_EVENT_3)
   \                     ??MT_ProcessEvent_8:
   \   00005E   EF           MOV     A,R7
   \   00005F   5401         ANL     A,#0x1
   \   000061   6009         JZ      ??MT_ProcessEvent_9
    143              {
    144                MT_SysOsalTimerExpired(0x03);
   \   000063                ; Setup parameters for call to function MT_SysOsalTimerExpired
   \   000063   7903         MOV     R1,#0x3
   \   000065   12....       LCALL   ??MT_SysOsalTimerExpired?relay
    145                events ^= MT_SYS_OSAL_EVENT_3;
   \   000068   7401         MOV     A,#0x1
   \   00006A   6F           XRL     A,R7
   \   00006B   FF           MOV     R7,A
    146              }
    147          
    148              return events;
   \                     ??MT_ProcessEvent_9:
   \   00006C   EE           MOV     A,R6
   \   00006D   FA           MOV     R2,A
   \   00006E   EF           MOV     A,R7
   \   00006F   80BB         SJMP    ??MT_ProcessEvent_4
    149            }
    150          #endif
    151          
    152            /* Discard or make more handlers */
    153            return 0;
   \                     ??MT_ProcessEvent_5:
   \   000071   7A00         MOV     R2,#0x0
   \   000073   7B00         MOV     R3,#0x0
   \                     ??MT_ProcessEvent_2:
   \   000075                REQUIRE ?Subroutine0
   \   000075                ; // Fall through to label ?Subroutine0
    154          
    155          } /* MT_ProcessEvent() */

   \                                 In  segment BANKED_CODE, align 1, keep-with-next
   \                     ?Subroutine0:
   \   000000   7F02         MOV     R7,#0x2
   \   000002   02....       LJMP    ?BANKED_LEAVE_XDATA
    156          
    157          /***************************************************************************************************
    158           * @fn      MT_ProcessIncomingCommand
    159           *
    160           * @brief
    161           *
    162           *   Process Event Messages.
    163           *
    164           * @param   byte *msg - pointer to event message
    165           *
    166           * @return
    167           ***************************************************************************************************/

   \                                 In  segment BANKED_CODE, align 1, keep-with-next
    168          void MT_ProcessIncomingCommand( mtOSALSerialData_t *msg )
   \                     MT_ProcessIncomingCommand:
    169          {
   \   000000   74F2         MOV     A,#-0xe
   \   000002   12....       LCALL   ?BANKED_ENTER_XDATA
   \   000005                ; Saved register size: 14
   \   000005                ; Auto size: 0
   \   000005   8A..         MOV     ?V0 + 0,R2
   \   000007   8B..         MOV     ?V0 + 1,R3
    170            byte deallocate;
    171            byte *msg_ptr;
    172            byte len;
    173          
    174            /* A little setup for AF, CB_FUNC and MT_SYS_APP_RSP_MSG */
    175            msg_ptr = msg->msg;
   \   000009   8A82         MOV     DPL,R2
   \   00000B   8B83         MOV     DPH,R3
   \   00000D   A3           INC     DPTR
   \   00000E   A3           INC     DPTR
   \   00000F   E0           MOVX    A,@DPTR
   \   000010   FA           MOV     R2,A
   \   000011   A3           INC     DPTR
   \   000012   E0           MOVX    A,@DPTR
   \   000013   FB           MOV     R3,A
   \   000014   EA           MOV     A,R2
   \   000015   FE           MOV     R6,A
   \   000016   EB           MOV     A,R3
   \   000017   FF           MOV     R7,A
    176          
    177            deallocate = true;
    178          
    179            /* Use the first byte of the message as the command ID */
    180            switch ( msg->hdr.event )
   \   000018   EE           MOV     A,R6
   \   000019   2403         ADD     A,#0x3
   \   00001B   F8           MOV     R0,A
   \   00001C   EF           MOV     A,R7
   \   00001D   3400         ADDC    A,#0x0
   \   00001F   F9           MOV     R1,A
   \   000020   85..82       MOV     DPL,?V0 + 0
   \   000023   85..83       MOV     DPH,?V0 + 1
   \   000026   E0           MOVX    A,@DPTR
   \   000027   14           DEC     A
   \   000028   6011         JZ      ??MT_ProcessIncomingCommand_0
   \   00002A   14           DEC     A
   \   00002B   6013         JZ      ??MT_ProcessIncomingCommand_1
   \   00002D   24FE         ADD     A,#-0x2
   \   00002F   6021         JZ      ??MT_ProcessIncomingCommand_2
   \   000031   24FE         ADD     A,#-0x2
   \   000033   6014         JZ      ??MT_ProcessIncomingCommand_3
   \   000035   24E2         ADD     A,#-0x1e
   \   000037   605D         JZ      ??MT_ProcessIncomingCommand_4
   \   000039   8066         SJMP    ??MT_ProcessIncomingCommand_5
    181            {
    182              case CMD_SERIAL_MSG:
    183                MT_ProcessIncoming(msg->msg);
   \                     ??MT_ProcessIncomingCommand_0:
   \   00003B                ; Setup parameters for call to function MT_ProcessIncoming
   \   00003B   12....       LCALL   ??MT_ProcessIncoming?relay
    184                break;
   \   00003E   8061         SJMP    ??MT_ProcessIncomingCommand_5
    185          
    186              case CMD_DEBUG_MSG:
    187                MT_ProcessDebugMsg( (mtDebugMsg_t *)msg );
   \                     ??MT_ProcessIncomingCommand_1:
   \   000040                ; Setup parameters for call to function MT_ProcessDebugMsg
   \   000040   AA..         MOV     R2,?V0 + 0
   \   000042   AB..         MOV     R3,?V0 + 1
   \   000044   12....       LCALL   ??MT_ProcessDebugMsg?relay
    188                break;
   \   000047   8058         SJMP    ??MT_ProcessIncomingCommand_5
    189          
    190              case CMD_DEBUG_STR:
    191                MT_ProcessDebugStr( (mtDebugStr_t *)msg );
   \                     ??MT_ProcessIncomingCommand_3:
   \   000049                ; Setup parameters for call to function MT_ProcessDebugStr
   \   000049   AA..         MOV     R2,?V0 + 0
   \   00004B   AB..         MOV     R3,?V0 + 1
   \   00004D   12....       LCALL   ??MT_ProcessDebugStr?relay
    192                break;
   \   000050   804F         SJMP    ??MT_ProcessIncomingCommand_5
    193          
    194              case CB_FUNC:
    195                /*
    196                  Build SPI message here instead of redundantly calling MT_BuildSPIMsg
    197                  because we have copied data already in the allocated message
    198                */
    199          
    200                /* msg_ptr is the beginning of the intended SPI message */
    201                len = SPI_0DATA_MSG_LEN + msg_ptr[DATALEN_FIELD];
   \                     ??MT_ProcessIncomingCommand_2:
   \   000052   8882         MOV     DPL,R0
   \   000054   8983         MOV     DPH,R1
   \   000056   E0           MOVX    A,@DPTR
   \   000057   2405         ADD     A,#0x5
   \   000059   F5..         MOV     ?V0 + 2,A
    202          
    203                /*
    204                  FCS goes to the last byte in the message and is calculated over all
    205                  the bytes except FCS and SOP
    206                */
    207                msg_ptr[len-1] = MT_UartCalcFCS(msg_ptr + 1, (byte)(len-2));
   \   00005B                ; Setup parameters for call to function MT_UartCalcFCS
   \   00005B   74FE         MOV     A,#-0x2
   \   00005D   25..         ADD     A,?V0 + 2
   \   00005F   F9           MOV     R1,A
   \   000060   8E82         MOV     DPL,R6
   \   000062   8F83         MOV     DPH,R7
   \   000064   A3           INC     DPTR
   \   000065   AA82         MOV     R2,DPL
   \   000067   AB83         MOV     R3,DPH
   \   000069   12....       LCALL   ??MT_UartCalcFCS?relay
   \   00006C   E9           MOV     A,R1
   \   00006D   C0E0         PUSH    A
   \   00006F   85....       MOV     ?V0 + 4,?V0 + 2
   \   000072   EE           MOV     A,R6
   \   000073   25..         ADD     A,?V0 + 4
   \   000075   F8           MOV     R0,A
   \   000076   EF           MOV     A,R7
   \   000077   3400         ADDC    A,#0x0
   \   000079   F9           MOV     R1,A
   \   00007A   E8           MOV     A,R0
   \   00007B   24FF         ADD     A,#-0x1
   \   00007D   F582         MOV     DPL,A
   \   00007F   E9           MOV     A,R1
   \   000080   34FF         ADDC    A,#-0x1
   \   000082   F583         MOV     DPH,A
   \   000084   D0E0         POP     A
   \   000086   F0           MOVX    @DPTR,A
    208          
    209          #ifdef MT_UART_DEFAULT_PORT
    210                HalUARTWrite ( MT_UART_DEFAULT_PORT, msg_ptr, len );
   \   000087                ; Setup parameters for call to function HalUARTWrite
   \   000087   AC..         MOV     R4,?V0 + 2
   \   000089   7D00         MOV     R5,#0x0
   \   00008B   EE           MOV     A,R6
   \   00008C   FA           MOV     R2,A
   \   00008D   EF           MOV     A,R7
   \   00008E   FB           MOV     R3,A
   \   00008F   7900         MOV     R1,#0x0
   \   000091   12....       LCALL   ??HalUARTWrite?relay
    211          #endif
    212                break;
   \   000094   800B         SJMP    ??MT_ProcessIncomingCommand_5
    213          
    214          #if !defined ( NONWK )
    215              case MT_SYS_APP_RSP_MSG:
    216                len = SPI_0DATA_MSG_LEN + msg_ptr[DATALEN_FIELD];
    217                MTProcessAppRspMsg( msg_ptr, len );
   \                     ??MT_ProcessIncomingCommand_4:
   \   000096                ; Setup parameters for call to function MTProcessAppRspMsg
   \   000096   8882         MOV     DPL,R0
   \   000098   8983         MOV     DPH,R1
   \   00009A   E0           MOVX    A,@DPTR
   \   00009B   2405         ADD     A,#0x5
   \   00009D   F9           MOV     R1,A
   \   00009E   12....       LCALL   ??MTProcessAppRspMsg?relay
    218                break;
    219          #endif  // NONWK
    220          
    221              default:
    222                break;
    223            }
    224          
    225            if ( deallocate )
    226            {
    227              osal_msg_deallocate( (uint8 *)msg );
   \                     ??MT_ProcessIncomingCommand_5:
   \   0000A1                ; Setup parameters for call to function osal_msg_deallocate
   \   0000A1   AA..         MOV     R2,?V0 + 0
   \   0000A3   AB..         MOV     R3,?V0 + 1
   \   0000A5   12....       LCALL   ??osal_msg_deallocate?relay
    228            }
    229          }
   \   0000A8   7F06         MOV     R7,#0x6
   \   0000AA   02....       LJMP    ?BANKED_LEAVE_XDATA
    230          
    231          #ifdef MT_TASK
    232          /***************************************************************************************************
    233           * @fn      MT_TransportAlloc
    234           *
    235           * @brief   Allocate memory for transport msg
    236           *
    237           * @param   uint8 cmd0 - The first byte of the MT command id containing the command type and subsystem.
    238           *          uint8 len - length
    239           *
    240           * @return  pointer the allocated memory or NULL if fail to allocate the memory
    241           ***************************************************************************************************/

   \                                 In  segment BANKED_CODE, align 1, keep-with-next
    242          uint8 *MT_TransportAlloc(uint8 cmd0, uint8 len)
   \                     MT_TransportAlloc:
    243          {
   \   000000   74F6         MOV     A,#-0xa
   \   000002   12....       LCALL   ?BANKED_ENTER_XDATA
   \   000005                ; Saved register size: 10
   \   000005                ; Auto size: 0
   \   000005   EA           MOV     A,R2
    244            uint8 *p;
    245          
    246            (void)cmd0;  // Intentionally unreferenced parameter
    247            
    248            /* Allocate a buffer of data length + SOP+CMD+FCS (5bytes) */
    249            p = osal_msg_allocate(len + SPI_0DATA_MSG_LEN);
   \   000006                ; Setup parameters for call to function osal_msg_allocate
   \   000006   2405         ADD     A,#0x5
   \   000008   FA           MOV     R2,A
   \   000009   E4           CLR     A
   \   00000A   3400         ADDC    A,#0x0
   \   00000C   FB           MOV     R3,A
   \   00000D   12....       LCALL   ??osal_msg_allocate?relay
   \   000010   8A82         MOV     DPL,R2
   \   000012   8B83         MOV     DPH,R3
    250          
    251            if (p)
   \   000014   E582         MOV     A,DPL
   \   000016   4583         ORL     A,DPH
   \   000018   6007         JZ      ??MT_TransportAlloc_0
    252            {
    253              p++; /* Save space for SOP_VALUE, msg structure */
    254              return p;
   \   00001A   A3           INC     DPTR
   \   00001B   AA82         MOV     R2,DPL
   \   00001D   AB83         MOV     R3,DPH
   \   00001F   8004         SJMP    ??MT_TransportAlloc_1
    255            }
    256            else
    257            {
    258              return NULL;
   \                     ??MT_TransportAlloc_0:
   \   000021   7A00         MOV     R2,#0x0
   \   000023   7B00         MOV     R3,#0x0
    259            }
   \                     ??MT_TransportAlloc_1:
   \   000025   02....       LJMP    ?Subroutine0 & 0xFFFF
    260          }
    261          
    262          /***************************************************************************************************
    263           * @fn      MT_TransportSend
    264           *
    265           * @brief   Fill in SOP and FCS then send out the msg
    266           *
    267           * @param   uint8 *pBuf - pointer to the message that contains CMD, length, data and FCS
    268           *
    269           * @return  None
    270           ***************************************************************************************************/

   \                                 In  segment BANKED_CODE, align 1, keep-with-next
    271          void MT_TransportSend(uint8 *pBuf)
   \                     MT_TransportSend:
    272          {
   \   000000   74F6         MOV     A,#-0xa
   \   000002   12....       LCALL   ?BANKED_ENTER_XDATA
   \   000005                ; Saved register size: 10
   \   000005                ; Auto size: 0
    273            uint8 *msgPtr;
    274            uint8 dataLen = pBuf[0]; /* Data length is on byte #1 from the pointer */
   \   000005   8A82         MOV     DPL,R2
   \   000007   8B83         MOV     DPH,R3
   \   000009   E0           MOVX    A,@DPTR
   \   00000A   F9           MOV     R1,A
    275          
    276            /* Move back to the SOP */
    277            msgPtr = pBuf-1;
   \   00000B   EA           MOV     A,R2
   \   00000C   24FF         ADD     A,#-0x1
   \   00000E   F5..         MOV     ?V0 + 0,A
   \   000010   EB           MOV     A,R3
   \   000011   34FF         ADDC    A,#-0x1
   \   000013   F5..         MOV     ?V0 + 1,A
    278          
    279            /* Insert SOP */
    280            msgPtr[0] = MT_UART_SOF;
   \   000015   85..82       MOV     DPL,?V0 + 0
   \   000018   F583         MOV     DPH,A
   \   00001A   74FE         MOV     A,#-0x2
   \   00001C   F0           MOVX    @DPTR,A
    281          
    282            /* Insert FCS */
    283            msgPtr[SPI_0DATA_MSG_LEN - 1 + dataLen] = MT_UartCalcFCS (pBuf, (3 + dataLen));
   \   00001D   8982         MOV     DPL,R1
   \   00001F   AE82         MOV     R6,DPL
   \   000021                ; Setup parameters for call to function MT_UartCalcFCS
   \   000021   09           INC     R1
   \   000022   09           INC     R1
   \   000023   09           INC     R1
   \   000024   12....       LCALL   ??MT_UartCalcFCS?relay
   \   000027   E5..         MOV     A,?V0 + 0
   \   000029   2E           ADD     A,R6
   \   00002A   F582         MOV     DPL,A
   \   00002C   E5..         MOV     A,?V0 + 1
   \   00002E   3400         ADDC    A,#0x0
   \   000030   F583         MOV     DPH,A
   \   000032   A3           INC     DPTR
   \   000033   A3           INC     DPTR
   \   000034   A3           INC     DPTR
   \   000035   A3           INC     DPTR
   \   000036   E9           MOV     A,R1
   \   000037   F0           MOVX    @DPTR,A
    284          
    285            /* Send to UART */
    286          #ifdef MT_UART_DEFAULT_PORT
    287            HalUARTWrite(MT_UART_DEFAULT_PORT, msgPtr, dataLen + SPI_0DATA_MSG_LEN);
   \   000038                ; Setup parameters for call to function HalUARTWrite
   \   000038   EE           MOV     A,R6
   \   000039   2405         ADD     A,#0x5
   \   00003B   FC           MOV     R4,A
   \   00003C   E4           CLR     A
   \   00003D   3400         ADDC    A,#0x0
   \   00003F   FD           MOV     R5,A
   \   000040   AA..         MOV     R2,?V0 + 0
   \   000042   AB..         MOV     R3,?V0 + 1
   \   000044   7900         MOV     R1,#0x0
   \   000046   12....       LCALL   ??HalUARTWrite?relay
    288          #endif
    289          
    290            /* Deallocate */
    291            osal_msg_deallocate(msgPtr);
   \   000049                ; Setup parameters for call to function osal_msg_deallocate
   \   000049   AA..         MOV     R2,?V0 + 0
   \   00004B   AB..         MOV     R3,?V0 + 1
   \   00004D   12....       LCALL   ??osal_msg_deallocate?relay
    292          }
   \   000050   02....       LJMP    ?Subroutine0 & 0xFFFF

   \                                 In  segment BANK_RELAYS, align 1
   \                     ??MT_TaskInit?relay:
   \   000000   12....       LCALL   ?BDISPATCH
   \   000003   ......       DC24    MT_TaskInit

   \                                 In  segment BANK_RELAYS, align 1
   \                     ??MT_ProcessEvent?relay:
   \   000000   12....       LCALL   ?BDISPATCH
   \   000003   ......       DC24    MT_ProcessEvent

   \                                 In  segment BANK_RELAYS, align 1
   \                     ??MT_ProcessIncomingCommand?relay:
   \   000000   12....       LCALL   ?BDISPATCH
   \   000003   ......       DC24    MT_ProcessIncomingCommand

   \                                 In  segment BANK_RELAYS, align 1
   \                     ??MT_TransportAlloc?relay:
   \   000000   12....       LCALL   ?BDISPATCH
   \   000003   ......       DC24    MT_TransportAlloc

   \                                 In  segment BANK_RELAYS, align 1
   \                     ??MT_TransportSend?relay:
   \   000000   12....       LCALL   ?BDISPATCH
   \   000003   ......       DC24    MT_TransportSend
    293          #endif /* MT_TASK */
    294          /***************************************************************************************************
    295           ***************************************************************************************************/

   Maximum stack usage in bytes:

     Function                       ISTACK PSTACK XSTACK
     --------                       ------ ------ ------
     MT_ProcessEvent                    0      0     10
       -> MT_ProcessIncomingCommand     0      0     20
       -> osal_msg_receive              0      0     20
       -> MT_SysOsalTimerExpired        0      0     20
       -> MT_SysOsalTimerExpired        0      0     20
       -> MT_SysOsalTimerExpired        0      0     20
       -> MT_SysOsalTimerExpired        0      0     20
     MT_ProcessIncomingCommand          1      0     24
       -> MT_ProcessIncoming            0      0     28
       -> MT_ProcessDebugMsg            0      0     28
       -> MT_ProcessDebugStr            0      0     28
       -> MT_UartCalcFCS                0      0     28
       -> HalUARTWrite                  0      0     28
       -> MTProcessAppRspMsg            0      0     28
       -> osal_msg_deallocate           0      0     28
     MT_TaskInit                        0      0      9
       -> MT_Init                       0      0     18
       -> MT_UartInit                   0      0     18
       -> MT_UartRegisterTaskID         0      0     18
     MT_TransportAlloc                  0      0     10
       -> osal_msg_allocate             0      0     20
     MT_TransportSend                   1      0     10
       -> MT_UartCalcFCS                0      0     20
       -> HalUARTWrite                  0      0     20
       -> osal_msg_deallocate           0      0     20


   Segment part sizes:

     Function/Label                    Bytes
     --------------                    -----
     MT_TaskInit                         23
     MT_ProcessEvent                    117
     ?Subroutine0                         5
     MT_ProcessIncomingCommand          173
     MT_TransportAlloc                   40
     MT_TransportSend                    83
     ??MT_TaskInit?relay                  6
     ??MT_ProcessEvent?relay              6
     ??MT_ProcessIncomingCommand?relay    6
     ??MT_TransportAlloc?relay            6
     ??MT_TransportSend?relay             6

 
 441 bytes in segment BANKED_CODE
  30 bytes in segment BANK_RELAYS
 
 471 bytes of CODE memory

Errors: none
Warnings: none
