###############################################################################
#                                                                             #
# IAR C/C++ Compiler V8.10.3.10338/W32 for 8051         10/Jun/2019  13:32:08 #
# Copyright 2004-2011 IAR Systems AB.                                         #
#                                                                             #
#    Core               =  plain                                              #
#    Code model         =  banked                                             #
#    Data model         =  large                                              #
#    Calling convention =  xdata reentrant                                    #
#    Constant location  =  data_rom                                           #
#    Dptr setup         =  1,16                                               #
#    Source file        =  C:\Users\fangxi1998\Desktop\课程设计\zigbee        #
#                          嵌入式linux\zigbee最终\1\Zigbee-TempFireHumi\Texas #
#                           Instruments\Projects\zstack\ZMain\TI2530DB\OnBoar #
#                          d.c                                                #
#    Command line       =  -f "C:\Users\fangxi1998\Desktop\课程设计\zigbee    #
#                          嵌入式linux\zigbee最终\1\Zigbee-TempFireHumi\Texas #
#                           Instruments\Projects\zstack\Samples\MyfirstAPP\CC #
#                          2530DB\..\..\..\Tools\CC2530DB\f8wRouter.cfg"      #
#                          (-DCPU32MHZ -DROOT=__near_func                     #
#                          -DMAC_CFG_APP_PENDING_QUEUE=TRUE -DRTR_NWK         #
#                          -DBLINK_LEDS) -f "C:\Users\fangxi1998\Desktop\课程 #
#                          设计\zigbee 嵌入式linux\zigbee最终\1\Zigbee-TempFi #
#                          reHumi\Texas Instruments\Projects\zstack\Samples\M #
#                          yfirstAPP\CC2530DB\..\..\..\Tools\CC2530DB\f8wConf #
#                          ig.cfg" (-DSECURE=0 -DZG_SECURE_DYNAMIC=0          #
#                          -DREFLECTOR -DDEFAULT_CHANLIST=0x04000000          #
#                          -DZDAPP_CONFIG_PAN_ID=0xA1B2                       #
#                          -DNWK_START_DELAY=100 -DEXTENDED_JOINING_RANDOM_MA #
#                          SK=0x007F -DBEACON_REQUEST_DELAY=100               #
#                          -DBEACON_REQ_DELAY_MASK=0x00FF                     #
#                          -DROUTE_EXPIRY_TIME=30 -DAPSC_ACK_WAIT_DURATION_PO #
#                          LLED=3000 -DNWK_INDIRECT_MSG_TIMEOUT=7             #
#                          -DMAX_RREQ_ENTRIES=8 -DAPSC_MAX_FRAME_RETRIES=3    #
#                          -DNWK_MAX_DATA_RETRIES=2                           #
#                          -DMAX_POLL_FAILURE_RETRIES=2 -DMAX_BCAST=9         #
#                          -DAPS_MAX_GROUPS=16 -DMAX_RTG_ENTRIES=40           #
#                          -DNWK_MAX_BINDING_ENTRIES=4                        #
#                          -DMAX_BINDING_CLUSTER_IDS=4 "-DDEFAULT_KEY={0x01,  #
#                          0x03, 0x05, 0x07, 0x09, 0x0B, 0x0D, 0x0F, 0x00,    #
#                          0x02, 0x04, 0x06, 0x08, 0x0A, 0x0C, 0x0D}"         #
#                          -DMAC_MAX_FRAME_SIZE=116 "-DCONST=const __code"    #
#                          -DGENERIC=__generic -DRFD_RCVC_ALWAYS_ON=FALSE     #
#                          -DPOLL_RATE=1000 -DQUEUED_POLL_RATE=100            #
#                          -DRESPONSE_POLL_RATE=100) -DREJOIN_POLL_RATE=440   #
#                          "C:\Users\fangxi1998\Desktop\课程设计\zigbee       #
#                          嵌入式linux\zigbee最终\1\Zigbee-TempFireHumi\Texas #
#                           Instruments\Projects\zstack\ZMain\TI2530DB\OnBoar #
#                          d.c" -D ZIGBEEPRO -D ZTOOL_P1 -D MT_TASK -D        #
#                          MT_SYS_FUNC -D MT_ZDO_FUNC -D LCD_SUPPORTED=DEBUG  #
#                          -lC "C:\Users\fangxi1998\Desktop\课程设计\zigbee   #
#                          嵌入式linux\zigbee最终\1\Zigbee-TempFireHumi\Texas #
#                           Instruments\Projects\zstack\Samples\MyfirstAPP\CC #
#                          2530DB\RouterEB-Pro\List\" -lA                     #
#                          "C:\Users\fangxi1998\Desktop\课程设计\zigbee       #
#                          嵌入式linux\zigbee最终\1\Zigbee-TempFireHumi\Texas #
#                           Instruments\Projects\zstack\Samples\MyfirstAPP\CC #
#                          2530DB\RouterEB-Pro\List\" --diag_suppress         #
#                          Pe001,Pa010 -o "C:\Users\fangxi1998\Desktop\课程设 #
#                          计\zigbee 嵌入式linux\zigbee最终\1\Zigbee-TempFire #
#                          Humi\Texas Instruments\Projects\zstack\Samples\Myf #
#                          irstAPP\CC2530DB\RouterEB-Pro\Obj\" -e --debug     #
#                          --core=plain --dptr=16,1 --data_model=large        #
#                          --code_model=banked --calling_convention=xdata_ree #
#                          ntrant --place_constants=data_rom                  #
#                          --nr_virtual_regs 8 -I "C:\Users\fangxi1998\Deskto #
#                          p\课程设计\zigbee 嵌入式linux\zigbee最终\1\Zigbee- #
#                          TempFireHumi\Texas Instruments\Projects\zstack\Sam #
#                          ples\MyfirstAPP\CC2530DB\" -I                      #
#                          "C:\Users\fangxi1998\Desktop\课程设计\zigbee       #
#                          嵌入式linux\zigbee最终\1\Zigbee-TempFireHumi\Texas #
#                           Instruments\Projects\zstack\Samples\MyfirstAPP\CC #
#                          2530DB\..\SOURCE\" -I "C:\Users\fangxi1998\Desktop #
#                          \课程设计\zigbee 嵌入式linux\zigbee最终\1\Zigbee-T #
#                          empFireHumi\Texas Instruments\Projects\zstack\Samp #
#                          les\MyfirstAPP\CC2530DB\..\..\..\ZMAIN\TI2530DB\"  #
#                          -I "C:\Users\fangxi1998\Desktop\课程设计\zigbee    #
#                          嵌入式linux\zigbee最终\1\Zigbee-TempFireHumi\Texas #
#                           Instruments\Projects\zstack\Samples\MyfirstAPP\CC #
#                          2530DB\..\..\..\..\..\COMPONENTS\MT\" -I           #
#                          "C:\Users\fangxi1998\Desktop\课程设计\zigbee       #
#                          嵌入式linux\zigbee最终\1\Zigbee-TempFireHumi\Texas #
#                           Instruments\Projects\zstack\Samples\MyfirstAPP\CC #
#                          2530DB\..\..\..\..\..\COMPONENTS\HAL\INCLUDE\" -I  #
#                          "C:\Users\fangxi1998\Desktop\课程设计\zigbee       #
#                          嵌入式linux\zigbee最终\1\Zigbee-TempFireHumi\Texas #
#                           Instruments\Projects\zstack\Samples\MyfirstAPP\CC #
#                          2530DB\..\..\..\..\..\COMPONENTS\HAL\TARGET\CC2530 #
#                          EB\" -I "C:\Users\fangxi1998\Desktop\课程设计\zigb #
#                          ee 嵌入式linux\zigbee最终\1\Zigbee-TempFireHumi\Te #
#                          xas Instruments\Projects\zstack\Samples\MyfirstAPP #
#                          \CC2530DB\..\..\..\..\..\COMPONENTS\OSAL\MCU\CCSOC #
#                          \" -I "C:\Users\fangxi1998\Desktop\课程设计\zigbee #
#                           嵌入式linux\zigbee最终\1\Zigbee-TempFireHumi\Texa #
#                          s Instruments\Projects\zstack\Samples\MyfirstAPP\C #
#                          C2530DB\..\..\..\..\..\COMPONENTS\OSAL\INCLUDE\"   #
#                          -I "C:\Users\fangxi1998\Desktop\课程设计\zigbee    #
#                          嵌入式linux\zigbee最终\1\Zigbee-TempFireHumi\Texas #
#                           Instruments\Projects\zstack\Samples\MyfirstAPP\CC #
#                          2530DB\..\..\..\..\..\COMPONENTS\STACK\AF\" -I     #
#                          "C:\Users\fangxi1998\Desktop\课程设计\zigbee       #
#                          嵌入式linux\zigbee最终\1\Zigbee-TempFireHumi\Texas #
#                           Instruments\Projects\zstack\Samples\MyfirstAPP\CC #
#                          2530DB\..\..\..\..\..\COMPONENTS\STACK\NWK\" -I    #
#                          "C:\Users\fangxi1998\Desktop\课程设计\zigbee       #
#                          嵌入式linux\zigbee最终\1\Zigbee-TempFireHumi\Texas #
#                           Instruments\Projects\zstack\Samples\MyfirstAPP\CC #
#                          2530DB\..\..\..\..\..\COMPONENTS\STACK\SEC\" -I    #
#                          "C:\Users\fangxi1998\Desktop\课程设计\zigbee       #
#                          嵌入式linux\zigbee最终\1\Zigbee-TempFireHumi\Texas #
#                           Instruments\Projects\zstack\Samples\MyfirstAPP\CC #
#                          2530DB\..\..\..\..\..\COMPONENTS\STACK\SAPI\" -I   #
#                          "C:\Users\fangxi1998\Desktop\课程设计\zigbee       #
#                          嵌入式linux\zigbee最终\1\Zigbee-TempFireHumi\Texas #
#                           Instruments\Projects\zstack\Samples\MyfirstAPP\CC #
#                          2530DB\..\..\..\..\..\COMPONENTS\STACK\SYS\" -I    #
#                          "C:\Users\fangxi1998\Desktop\课程设计\zigbee       #
#                          嵌入式linux\zigbee最终\1\Zigbee-TempFireHumi\Texas #
#                           Instruments\Projects\zstack\Samples\MyfirstAPP\CC #
#                          2530DB\..\..\..\..\..\COMPONENTS\STACK\ZDO\" -I    #
#                          "C:\Users\fangxi1998\Desktop\课程设计\zigbee       #
#                          嵌入式linux\zigbee最终\1\Zigbee-TempFireHumi\Texas #
#                           Instruments\Projects\zstack\Samples\MyfirstAPP\CC #
#                          2530DB\..\..\..\..\..\COMPONENTS\ZMAC\F8W\" -I     #
#                          "C:\Users\fangxi1998\Desktop\课程设计\zigbee       #
#                          嵌入式linux\zigbee最终\1\Zigbee-TempFireHumi\Texas #
#                           Instruments\Projects\zstack\Samples\MyfirstAPP\CC #
#                          2530DB\..\..\..\..\..\COMPONENTS\ZMAC\" -I         #
#                          "C:\Users\fangxi1998\Desktop\课程设计\zigbee       #
#                          嵌入式linux\zigbee最终\1\Zigbee-TempFireHumi\Texas #
#                           Instruments\Projects\zstack\Samples\MyfirstAPP\CC #
#                          2530DB\..\..\..\..\..\COMPONENTS\SERVICES\SADDR\"  #
#                          -I "C:\Users\fangxi1998\Desktop\课程设计\zigbee    #
#                          嵌入式linux\zigbee最终\1\Zigbee-TempFireHumi\Texas #
#                           Instruments\Projects\zstack\Samples\MyfirstAPP\CC #
#                          2530DB\..\..\..\..\..\COMPONENTS\SERVICES\SDATA\"  #
#                          -I "C:\Users\fangxi1998\Desktop\课程设计\zigbee    #
#                          嵌入式linux\zigbee最终\1\Zigbee-TempFireHumi\Texas #
#                           Instruments\Projects\zstack\Samples\MyfirstAPP\CC #
#                          2530DB\..\..\..\..\..\COMPONENTS\MAC\INCLUDE\" -I  #
#                          "C:\Users\fangxi1998\Desktop\课程设计\zigbee       #
#                          嵌入式linux\zigbee最终\1\Zigbee-TempFireHumi\Texas #
#                           Instruments\Projects\zstack\Samples\MyfirstAPP\CC #
#                          2530DB\..\..\..\..\..\COMPONENTS\MAC\HIGH_LEVEL\"  #
#                          -I "C:\Users\fangxi1998\Desktop\课程设计\zigbee    #
#                          嵌入式linux\zigbee最终\1\Zigbee-TempFireHumi\Texas #
#                           Instruments\Projects\zstack\Samples\MyfirstAPP\CC #
#                          2530DB\..\..\..\..\..\COMPONENTS\MAC\LOW_LEVEL\srf #
#                          04\" -I "C:\Users\fangxi1998\Desktop\课程设计\zigb #
#                          ee 嵌入式linux\zigbee最终\1\Zigbee-TempFireHumi\Te #
#                          xas Instruments\Projects\zstack\Samples\MyfirstAPP #
#                          \CC2530DB\..\..\..\..\..\COMPONENTS\MAC\LOW_LEVEL\ #
#                          srf04\SINGLE_CHIP\" -Ohz                           #
#    List file          =  C:\Users\fangxi1998\Desktop\课程设计\zigbee        #
#                          嵌入式linux\zigbee最终\1\Zigbee-TempFireHumi\Texas #
#                           Instruments\Projects\zstack\Samples\MyfirstAPP\CC #
#                          2530DB\RouterEB-Pro\List\OnBoard.lst               #
#    Object file        =  C:\Users\fangxi1998\Desktop\课程设计\zigbee        #
#                          嵌入式linux\zigbee最终\1\Zigbee-TempFireHumi\Texas #
#                           Instruments\Projects\zstack\Samples\MyfirstAPP\CC #
#                          2530DB\RouterEB-Pro\Obj\OnBoard.r51                #
#                                                                             #
#                                                                             #
###############################################################################

C:\Users\fangxi1998\Desktop\课程设计\zigbee 嵌入式linux\zigbee最终\1\Zigbee-TempFireHumi\Texas Instruments\Projects\zstack\ZMain\TI2530DB\OnBoard.c
      1          /**************************************************************************************************
      2            Filename:       OnBoard.c
      3            Revised:        $Date: 2009-03-12 16:26:27 -0700 (Thu, 12 Mar 2009) $
      4            Revision:       $Revision: 19405 $
      5          
      6            Description:    This file contains the UI and control for the
      7                            peripherals on the EVAL development board
      8            Notes:          This file targets the Chipcon CC2530
      9          
     10          
     11            Copyright 2005-2008 Texas Instruments Incorporated. All rights reserved.
     12          
     13            IMPORTANT: Your use of this Software is limited to those specific rights
     14            granted under the terms of a software license agreement between the user
     15            who downloaded the software, his/her employer (which must be your employer)
     16            and Texas Instruments Incorporated (the "License").  You may not use this
     17            Software unless you agree to abide by the terms of the License. The License
     18            limits your use, and you acknowledge, that the Software may not be modified,
     19            copied or distributed unless embedded on a Texas Instruments microcontroller
     20            or used solely and exclusively in conjunction with a Texas Instruments radio
     21            frequency transceiver, which is integrated into your product.  Other than for
     22            the foregoing purpose, you may not use, reproduce, copy, prepare derivative
     23            works of, modify, distribute, perform, display or sell this Software and/or
     24            its documentation for any purpose.
     25          
     26            YOU FURTHER ACKNOWLEDGE AND AGREE THAT THE SOFTWARE AND DOCUMENTATION ARE
     27            PROVIDED AS IS?WITHOUT WARRANTY OF ANY KIND, EITHER EXPRESS OR IMPLIED,
     28            INCLUDING WITHOUT LIMITATION, ANY WARRANTY OF MERCHANTABILITY, TITLE,
     29            NON-INFRINGEMENT AND FITNESS FOR A PARTICULAR PURPOSE. IN NO EVENT SHALL
     30            TEXAS INSTRUMENTS OR ITS LICENSORS BE LIABLE OR OBLIGATED UNDER CONTRACT,
     31            NEGLIGENCE, STRICT LIABILITY, CONTRIBUTION, BREACH OF WARRANTY, OR OTHER
     32            LEGAL EQUITABLE THEORY ANY DIRECT OR INDIRECT DAMAGES OR EXPENSES
     33            INCLUDING BUT NOT LIMITED TO ANY INCIDENTAL, SPECIAL, INDIRECT, PUNITIVE
     34            OR CONSEQUENTIAL DAMAGES, LOST PROFITS OR LOST DATA, COST OF PROCUREMENT
     35            OF SUBSTITUTE GOODS, TECHNOLOGY, SERVICES, OR ANY CLAIMS BY THIRD PARTIES
     36            (INCLUDING BUT NOT LIMITED TO ANY DEFENSE THEREOF), OR OTHER SIMILAR COSTS.
     37          
     38            Should you have any questions regarding your right to use this Software,
     39            contact Texas Instruments Incorporated at www.TI.com.
     40          **************************************************************************************************/
     41          
     42          /*********************************************************************
     43           * INCLUDES
     44           */
     45          
     46          #include "ZComDef.h"
     47          #include "OnBoard.h"

   \                                 In  segment SFR_AN, at 0x9d
   \   unsigned char volatile __sfr SLEEPSTA
   \                     SLEEPSTA:
   \   000000                DS 1

   \                                 In  segment SFR_AN, at 0xa8
   \   union <unnamed> volatile __sfr _A_IEN0
   \                     _A_IEN0:
   \   000000                DS 1
     48          #include "OSAL.h"
     49          #include "MT.h"
     50          #include "MT_SYS.h"
     51          #include "DebugTrace.h"
     52          
     53          /* Hal */
     54          #include "hal_lcd.h"
     55          #include "hal_mcu.h"
     56          #include "hal_timer.h"
     57          #include "hal_key.h"
     58          #include "hal_led.h"
     59          
     60          /*********************************************************************
     61           * MACROS
     62           */
     63          
     64          /*********************************************************************
     65           * CONSTANTS
     66           */
     67          
     68          // Task ID not initialized
     69          #define NO_TASK_ID 0xFF
     70          
     71          // Minimum length RAM "pattern" for Stack check
     72          #define MIN_RAM_INIT 12
     73          
     74          /*********************************************************************
     75           * TYPEDEFS
     76           */
     77          
     78          /*********************************************************************
     79           * GLOBAL VARIABLES
     80           */
     81          

   \                                 In  segment XDATA_Z, align 1, keep-with-next
     82          uint8 OnboardKeyIntEnable;
   \                     OnboardKeyIntEnable:
   \   000000                DS 1
   \   000001                REQUIRE __INIT_XDATA_Z
     83          
     84          // 64-bit Extended Address of this device

   \                                 In  segment XDATA_Z, align 1, keep-with-next
     85          uint8 aExtendedAddress[8];
   \                     aExtendedAddress:
   \   000000                DS 8
   \   000008                REQUIRE __INIT_XDATA_Z
     86          
     87          /*********************************************************************
     88           * EXTERNAL VARIABLES
     89           */
     90          
     91          /*********************************************************************
     92           * EXTERNAL FUNCTIONS
     93           */
     94          
     95          extern uint8 macMcuRandomByte(void);
     96          
     97          /*********************************************************************
     98           * LOCAL VARIABLES
     99           */
    100          
    101          // Registered keys task ID, initialized to NOT USED.

   \                                 In  segment XDATA_I, align 1, keep-with-next
    102          static byte registeredKeysTaskID = NO_TASK_ID;
   \                     registeredKeysTaskID:
   \   000000                DS 1
   \   000001                REQUIRE `?<Initializer for registeredKeysTaskID>`
   \   000001                REQUIRE __INIT_XDATA_I
    103          
    104          /*********************************************************************
    105           * LOCAL FUNCTIONS
    106           */
    107          
    108          static void ChkReset( void );
    109          
    110          /*********************************************************************
    111           * @fn      InitBoard()
    112           * @brief   Initialize the CC2420DB Board Peripherals
    113           * @param   level: COLD,WARM,READY
    114           * @return  None
    115           */

   \                                 In  segment BANKED_CODE, align 1, keep-with-next
    116          void InitBoard( byte level )
   \                     InitBoard:
    117          {
   \   000000   74F7         MOV     A,#-0x9
   \   000002   12....       LCALL   ?BANKED_ENTER_XDATA
   \   000005                ; Saved register size: 9
   \   000005                ; Auto size: 0
   \   000005   E9           MOV     A,R1
    118            if ( level == OB_COLD )
   \   000006   7053         JNZ     ??InitBoard_0
    119            {
    120              // Interrupts off
    121              osal_int_disable( INTS_ALL );
   \   000008                ; Setup parameters for call to function osal_int_disable
   \   000008   79FF         MOV     R1,#-0x1
   \   00000A   12....       LCALL   ??osal_int_disable?relay
    122              // Turn all LEDs off
    123              HalLedSet( HAL_LED_ALL, HAL_LED_MODE_OFF );
   \   00000D                ; Setup parameters for call to function HalLedSet
   \   00000D   7A00         MOV     R2,#0x0
   \   00000F   790F         MOV     R1,#0xf
   \   000011   12....       LCALL   ??HalLedSet?relay
    124              // Check for Brown-Out reset
    125              ChkReset();
   \   000014   E59D         MOV     A,0x9d
   \   000016   5418         ANL     A,#0x18
   \   000018   F8           MOV     R0,A
   \   000019   6050         JZ      ??InitBoard_1
   \   00001B   7408         MOV     A,#0x8
   \   00001D   68           XRL     A,R0
   \   00001E   604B         JZ      ??InitBoard_1
   \   000020   7410         MOV     A,#0x10
   \   000022   68           XRL     A,R0
   \   000023   6046         JZ      ??InitBoard_1
   \   000025   C2AF         CLR     0xa8.7
   \                     ??InitBoard_2:
   \   000027   7E08         MOV     R6,#0x8
   \                     ??InitBoard_3:
   \   000029                ; Setup parameters for call to function HalLedSet
   \   000029   7A01         MOV     R2,#0x1
   \   00002B   EE           MOV     A,R6
   \   00002C   F9           MOV     R1,A
   \   00002D   12....       LCALL   ??HalLedSet?relay
   \   000030                ; Setup parameters for call to function Onboard_wait
   \   000030   7A24         MOV     R2,#0x24
   \   000032   7BF4         MOV     R3,#-0xc
   \   000034   12....       LCALL   ??Onboard_wait?relay
   \   000037                ; Setup parameters for call to function Onboard_wait
   \   000037   7A24         MOV     R2,#0x24
   \   000039   7BF4         MOV     R3,#-0xc
   \   00003B   12....       LCALL   ??Onboard_wait?relay
   \   00003E                ; Setup parameters for call to function HalLedSet
   \   00003E   7A00         MOV     R2,#0x0
   \   000040   EE           MOV     A,R6
   \   000041   F9           MOV     R1,A
   \   000042   12....       LCALL   ??HalLedSet?relay
   \   000045                ; Setup parameters for call to function Onboard_wait
   \   000045   7A7C         MOV     R2,#0x7c
   \   000047   7B92         MOV     R3,#-0x6e
   \   000049   12....       LCALL   ??Onboard_wait?relay
   \   00004C                ; Setup parameters for call to function Onboard_wait
   \   00004C   7A7C         MOV     R2,#0x7c
   \   00004E   7B92         MOV     R3,#-0x6e
   \   000050   12....       LCALL   ??Onboard_wait?relay
   \   000053   EE           MOV     A,R6
   \   000054   C3           CLR     C
   \   000055   13           RRC     A
   \   000056   FE           MOV     R6,A
   \   000057   70D0         JNZ     ??InitBoard_3
   \   000059   80CC         SJMP    ??InitBoard_2
    126            }
    127            else  // !OB_COLD
    128            {
    129          #ifdef ZTOOL_PORT
    130              MT_SysResetInd();
   \                     ??InitBoard_0:
   \   00005B                ; Setup parameters for call to function MT_SysResetInd
   \   00005B   12....       LCALL   ??MT_SysResetInd?relay
    131          #endif
    132          
    133               /* Initialize Key stuff */
    134              OnboardKeyIntEnable = HAL_KEY_INTERRUPT_DISABLE;    //初始化为查询方式
   \   00005E   90....       MOV     DPTR,#OnboardKeyIntEnable
   \   000061   E4           CLR     A
   \   000062   F0           MOVX    @DPTR,A
    135              HalKeyConfig( OnboardKeyIntEnable, OnBoard_KeyCallback);
   \   000063                ; Setup parameters for call to function HalKeyConfig
   \   000063   7A..         MOV     R2,#??OnBoard_KeyCallback?relay & 0xff
   \   000065   7B..         MOV     R3,#(??OnBoard_KeyCallback?relay >> 8) & 0xff
   \   000067   F9           MOV     R1,A
   \   000068   12....       LCALL   ??HalKeyConfig?relay
    136            }
    137          }
   \                     ??InitBoard_1:
   \   00006B                REQUIRE ?Subroutine0
   \   00006B                REQUIRE SLEEPSTA
   \   00006B                REQUIRE _A_IEN0
   \   00006B                ; // Fall through to label ?Subroutine0

   \                                 In  segment BANKED_CODE, align 1, keep-with-next
   \                     ?Subroutine0:
   \   000000   7F01         MOV     R7,#0x1
   \   000002   02....       LJMP    ?BANKED_LEAVE_XDATA
    138          
    139          /*********************************************************************
    140           * @fn      ChkReset()
    141           * @brief   Check reset bits - if reset cause is unknown, assume a
    142           *          brown-out (low power), assume batteries are not reliable,
    143           *          hang in a loop and sequence through the LEDs.
    144           * @param   None
    145           * @return  None
    146           *********************************************************************/
    147          void ChkReset( void )
    148          {
    149            uint8 led;
    150            uint8 rib;
    151          
    152            // Isolate reset indicator bits
    153            rib = SLEEPSTA & LRESET;
    154          
    155            if ( rib == RESETPO )
    156            {
    157              // Put code here to handle Power-On reset
    158            }
    159            else if ( rib == RESETEX )
    160            {
    161              // Put code here to handle External reset
    162            }
    163            else if ( rib == RESETWD )
    164            {
    165              // Put code here to handle WatchDog reset
    166            }
    167            else
    168            {
    169              // Unknown, hang and blink
    170              HAL_DISABLE_INTERRUPTS();
    171              led = HAL_LED_4;
    172              while ( 1 ) {
    173                HalLedSet( led, HAL_LED_MODE_ON );
    174                MicroWait( 62500 );
    175                MicroWait( 62500 );
    176                HalLedSet( led, HAL_LED_MODE_OFF );
    177                MicroWait( 37500 );
    178                MicroWait( 37500 );
    179                if ( !(led >>= 1) )
    180                  led = HAL_LED_4;
    181              }
    182            }
    183          }
    184          
    185          /*********************************************************************
    186           *                        "Keyboard" Support
    187           *********************************************************************/
    188          
    189          /*********************************************************************
    190           * Keyboard Register function
    191           *
    192           * The keyboard handler is setup to send all keyboard changes to
    193           * one task (if a task is registered).
    194           *
    195           * If a task registers, it will get all the keys. You can change this
    196           * to register for individual keys.
    197           *********************************************************************/

   \                                 In  segment BANKED_CODE, align 1, keep-with-next
    198          byte RegisterForKeys( byte task_id )
   \                     RegisterForKeys:
    199          {
   \   000000   C082         PUSH    DPL
   \   000002   C083         PUSH    DPH
   \   000004                ; Saved register size: 2
   \   000004                ; Auto size: 0
   \   000004   E9           MOV     A,R1
   \   000005   F8           MOV     R0,A
    200            // Allow only the first task
    201            if ( registeredKeysTaskID == NO_TASK_ID )
   \   000006   90....       MOV     DPTR,#registeredKeysTaskID
   \   000009   E0           MOVX    A,@DPTR
   \   00000A   F4           CPL     A
   \   00000B   7006         JNZ     ??RegisterForKeys_0
    202            {
    203              registeredKeysTaskID = task_id;
   \   00000D   E8           MOV     A,R0
   \   00000E   F0           MOVX    @DPTR,A
    204              return ( true );
   \   00000F   7901         MOV     R1,#0x1
   \   000011   8002         SJMP    ??RegisterForKeys_1
    205            }
    206            else
    207              return ( false );
   \                     ??RegisterForKeys_0:
   \   000013   7900         MOV     R1,#0x0
   \                     ??RegisterForKeys_1:
   \   000015                REQUIRE ?Subroutine1
   \   000015                ; // Fall through to label ?Subroutine1
    208          }

   \                                 In  segment BANKED_CODE, align 1, keep-with-next
   \                     ?Subroutine1:
   \   000000   D083         POP     DPH
   \   000002   D082         POP     DPL
   \   000004   02....       LJMP    ?BRET
    209          
    210          /*********************************************************************
    211           * @fn      OnBoard_SendKeys
    212           *
    213           * @brief   Send "Key Pressed" message to application.
    214           *
    215           * @param   keys  - keys that were pressed
    216           *          state - shifted
    217           *
    218           * @return  status
    219           *********************************************************************/

   \                                 In  segment BANKED_CODE, align 1, keep-with-next
    220          byte OnBoard_SendKeys( byte keys, byte state )
   \                     OnBoard_SendKeys:
    221          {
   \   000000   74F6         MOV     A,#-0xa
   \   000002   12....       LCALL   ?BANKED_ENTER_XDATA
   \   000005                ; Saved register size: 10
   \   000005                ; Auto size: 0
   \   000005   E9           MOV     A,R1
   \   000006   FE           MOV     R6,A
   \   000007   EA           MOV     A,R2
   \   000008   FF           MOV     R7,A
    222            keyChange_t *msgPtr;
    223          //按键事件被注册在sampleAPP应用registeredKeysTaskID = SampleApp_TaskID
    224            if ( registeredKeysTaskID != NO_TASK_ID )
   \   000009   90....       MOV     DPTR,#registeredKeysTaskID
   \   00000C   E0           MOVX    A,@DPTR
   \   00000D   F4           CPL     A
   \   00000E   602B         JZ      ??OnBoard_SendKeys_0
    225            {
    226              // Send the address to the task
    227              
    228              msgPtr = (keyChange_t *)osal_msg_allocate( sizeof(keyChange_t) );
   \   000010                ; Setup parameters for call to function osal_msg_allocate
   \   000010   7A04         MOV     R2,#0x4
   \   000012   7B00         MOV     R3,#0x0
   \   000014   12....       LCALL   ??osal_msg_allocate?relay
    229              if ( msgPtr )
   \   000017   EA           MOV     A,R2
   \   000018   4B           ORL     A,R3
   \   000019   601C         JZ      ??OnBoard_SendKeys_1
    230              {
    231                msgPtr->hdr.event = KEY_CHANGE;
   \   00001B   8A82         MOV     DPL,R2
   \   00001D   8B83         MOV     DPH,R3
   \   00001F   74C0         MOV     A,#-0x40
   \   000021   F0           MOVX    @DPTR,A
    232                msgPtr->state = state;
   \   000022   EF           MOV     A,R7
   \   000023   A3           INC     DPTR
   \   000024   A3           INC     DPTR
   \   000025   F0           MOVX    @DPTR,A
    233                msgPtr->keys = keys;
   \   000026   EE           MOV     A,R6
   \   000027   8A82         MOV     DPL,R2
   \   000029   8B83         MOV     DPH,R3
   \   00002B   A3           INC     DPTR
   \   00002C   A3           INC     DPTR
   \   00002D   A3           INC     DPTR
   \   00002E   F0           MOVX    @DPTR,A
    234          
    235                osal_msg_send( registeredKeysTaskID, (uint8 *)msgPtr );
   \   00002F                ; Setup parameters for call to function osal_msg_send
   \   00002F   90....       MOV     DPTR,#registeredKeysTaskID
   \   000032   E0           MOVX    A,@DPTR
   \   000033   F9           MOV     R1,A
   \   000034   12....       LCALL   ??osal_msg_send?relay
    236              }
    237              return ( ZSuccess );
   \                     ??OnBoard_SendKeys_1:
   \   000037   7900         MOV     R1,#0x0
   \   000039   8002         SJMP    ??OnBoard_SendKeys_2
    238            }
    239            else
    240              return ( ZFailure );
   \                     ??OnBoard_SendKeys_0:
   \   00003B   7901         MOV     R1,#0x1
   \                     ??OnBoard_SendKeys_2:
   \   00003D                REQUIRE ?Subroutine2
   \   00003D                ; // Fall through to label ?Subroutine2
    241          }

   \                                 In  segment BANKED_CODE, align 1, keep-with-next
   \                     ?Subroutine2:
   \   000000   7F02         MOV     R7,#0x2
   \   000002   02....       LJMP    ?BANKED_LEAVE_XDATA
    242          
    243          /*********************************************************************
    244           * @fn      OnBoard_KeyCallback
    245           *
    246           * @brief   Callback service for keys
    247           *
    248           * @param   keys  - keys that were pressed
    249           *          state - shifted
    250           *
    251           * @return  void
    252           *********************************************************************/

   \                                 In  segment BANKED_CODE, align 1, keep-with-next
    253          void OnBoard_KeyCallback ( uint8 keys, uint8 state )
   \                     OnBoard_KeyCallback:
    254          {
   \   000000   74F7         MOV     A,#-0x9
   \   000002   12....       LCALL   ?BANKED_ENTER_XDATA
   \   000005                ; Saved register size: 9
   \   000005                ; Auto size: 0
   \   000005   E9           MOV     A,R1
   \   000006   FE           MOV     R6,A
    255            uint8 shift;
    256            
    257            (void)state;  // Intentionally unreferenced parameter
    258          
    259            // shift key (S1) is used to generate key interrupt
    260            // applications should not use S1 when key interrupt is enabled
    261            shift = (OnboardKeyIntEnable == HAL_KEY_INTERRUPT_ENABLE) ? false : (((keys & HAL_KEY_SW_6)||(keys & HAL_KEY_SW_5)) ? true : false);
   \   000007   90....       MOV     DPTR,#OnboardKeyIntEnable
   \   00000A   E0           MOVX    A,@DPTR
   \   00000B   6401         XRL     A,#0x1
   \   00000D   7004         JNZ     ??OnBoard_KeyCallback_0
   \                     ??OnBoard_KeyCallback_1:
   \   00000F   7A00         MOV     R2,#0x0
   \   000011   8007         SJMP    ??OnBoard_KeyCallback_2
   \                     ??OnBoard_KeyCallback_0:
   \   000013   7430         MOV     A,#0x30
   \   000015   5E           ANL     A,R6
   \   000016   60F7         JZ      ??OnBoard_KeyCallback_1
   \   000018   7A01         MOV     R2,#0x1
    262          
    263            if ( OnBoard_SendKeys( keys, shift ) != ZSuccess )
   \                     ??OnBoard_KeyCallback_2:
   \   00001A                ; Setup parameters for call to function OnBoard_SendKeys
   \   00001A   12....       LCALL   ??OnBoard_SendKeys?relay
    264            {
    265              // Process SW1 here
    266              if ( keys & HAL_KEY_SW_1 )  // Switch 1   _UP
    267              {
    268              }
    269              // Process SW2 here
    270              if ( keys & HAL_KEY_SW_2 )  // Switch 2   _RIGHT
    271              {
    272              }
    273              // Process SW3 here
    274              if ( keys & HAL_KEY_SW_3 )  // Switch 3   _DOWN
    275              {
    276              }
    277              // Process SW4 here
    278              if ( keys & HAL_KEY_SW_4 )  // Switch 4   _LEFT
    279              {
    280              }
    281              // Process SW5 here
    282          //  if ( keys & HAL_KEY_SW_5 )  // Switch 5   _CENTER
    283              {
    284              }
    285              // Process SW6 here
    286          //   if ( keys & HAL_KEY_SW_6 )  // Switch 6       
    287              {
    288              }
    289            }
    290          }
   \   00001D   02....       LJMP    ?Subroutine0 & 0xFFFF
    291          
    292          /*********************************************************************
    293           *                    SLEEP MANAGEMENT FUNCTIONS
    294           *
    295           * These functions support processing of MAC and ZStack power mode
    296           * transitions, used when the system goes into or awakes from sleep.
    297           */
    298          
    299           /*********************************************************************
    300           * @fn      OnBoard_stack_used()
    301           *
    302           * @brief
    303           *
    304           *   Runs through the stack looking for touched memory.
    305           *
    306           * @param   none
    307           *
    308           * @return  number of bytes used by the stack
    309           *********************************************************************/

   \                                 In  segment BANKED_CODE, align 1, keep-with-next
    310          uint16 OnBoard_stack_used( void )
   \                     OnBoard_stack_used:
    311          {
   \   000000   C082         PUSH    DPL
   \   000002   C083         PUSH    DPH
   \   000004                ; Saved register size: 2
   \   000004                ; Auto size: 0
    312            byte *pStack = (byte*)MCU_RAM_END;
   \   000004   78FF         MOV     R0,#-0x1
   \   000006   79FF         MOV     R1,#-0x1
    313            byte *pHold;
    314            byte found = false;
    315            byte x;
    316          
    317            // Look from the end of RAM for MIN_RAM_INIT number of "pattern" bytes
    318            // This should be the high water stack mark.
    319            while ( !found && pStack )
    320            {
    321              // Found an init value?
    322              if ( *pStack == STACK_INIT_VALUE )
   \                     ??OnBoard_stack_used_0:
   \   000008   8882         MOV     DPL,R0
   \   00000A   8983         MOV     DPH,R1
   \   00000C   E0           MOVX    A,@DPTR
   \   00000D   64CD         XRL     A,#0xcd
   \   00000F   7020         JNZ     ??OnBoard_stack_used_1
    323              {
    324                // Look for a bunch in a row
    325                pHold = pStack;
    326                for ( x = 0; x < MIN_RAM_INIT; x++ )
   \   000011   7A00         MOV     R2,#0x0
    327                {
    328                  if ( *pHold != STACK_INIT_VALUE )
   \                     ??OnBoard_stack_used_2:
   \   000013   E0           MOVX    A,@DPTR
   \   000014   64CD         XRL     A,#0xcd
   \   000016   7013         JNZ     ??OnBoard_stack_used_3
    329                    break;
    330                  else
    331                    pHold--;
   \   000018   E582         MOV     A,DPL
   \   00001A   24FF         ADD     A,#-0x1
   \   00001C   F582         MOV     DPL,A
   \   00001E   E583         MOV     A,DPH
   \   000020   34FF         ADDC    A,#-0x1
   \   000022   F583         MOV     DPH,A
    332                }
   \   000024   0A           INC     R2
   \   000025   EA           MOV     A,R2
   \   000026   C3           CLR     C
   \   000027   940C         SUBB    A,#0xc
   \   000029   40E8         JC      ??OnBoard_stack_used_2
    333                // Did we find the needed minimum number in a row
    334                if ( x >= MIN_RAM_INIT )
   \                     ??OnBoard_stack_used_3:
   \   00002B   EA           MOV     A,R2
   \   00002C   C3           CLR     C
   \   00002D   940C         SUBB    A,#0xc
   \   00002F   5013         JNC     ??OnBoard_stack_used_4
    335                  found = true;
    336              }
    337              if ( !found )
    338                pStack--;
   \                     ??OnBoard_stack_used_1:
   \   000031   E8           MOV     A,R0
   \   000032   24FF         ADD     A,#-0x1
   \   000034   18           DEC     R0
   \   000035   E9           MOV     A,R1
   \   000036   34FF         ADDC    A,#-0x1
   \   000038   F9           MOV     R1,A
    339            }
   \   000039   E8           MOV     A,R0
   \   00003A   49           ORL     A,R1
   \   00003B   70CB         JNZ     ??OnBoard_stack_used_0
    340          
    341            if ( pStack )
    342              return ( (uint16)((byte*)MCU_RAM_END - pStack) );
    343            else
    344              return ( 0 );
   \                     ??OnBoard_stack_used_5:
   \   00003D   7A00         MOV     R2,#0x0
   \   00003F   7B00         MOV     R3,#0x0
   \                     ??OnBoard_stack_used_6:
   \   000041   02....       LJMP    ?Subroutine1 & 0xFFFF
   \                     ??OnBoard_stack_used_4:
   \   000044   E8           MOV     A,R0
   \   000045   49           ORL     A,R1
   \   000046   60F5         JZ      ??OnBoard_stack_used_5
   \   000048   74FF         MOV     A,#-0x1
   \   00004A   C3           CLR     C
   \   00004B   98           SUBB    A,R0
   \   00004C   FA           MOV     R2,A
   \   00004D   74FF         MOV     A,#-0x1
   \   00004F   99           SUBB    A,R1
   \   000050   FB           MOV     R3,A
   \   000051   80EE         SJMP    ??OnBoard_stack_used_6
    345          }
    346          
    347          /*********************************************************************
    348           * @fn      _itoa
    349           *
    350           * @brief   convert a 16bit number to ASCII
    351           *
    352           * @param   num -
    353           *          buf -
    354           *          radix -
    355           *
    356           * @return  void
    357           *
    358           *********************************************************************/

   \                                 In  segment BANKED_CODE, align 1, keep-with-next
    359          void _itoa(uint16 num, byte *buf, byte radix)
   \                     _itoa:
    360          {
   \   000000   74F0         MOV     A,#-0x10
   \   000002   12....       LCALL   ?BANKED_ENTER_XDATA
   \   000005                ; Saved register size: 16
   \   000005                ; Auto size: 5
   \   000005   74FB         MOV     A,#-0x5
   \   000007   12....       LCALL   ?ALLOC_XSTACK8
   \   00000A   EA           MOV     A,R2
   \   00000B   FE           MOV     R6,A
   \   00000C   EB           MOV     A,R3
   \   00000D   FF           MOV     R7,A
   \   00000E   8C..         MOV     ?V0 + 0,R4
   \   000010   8D..         MOV     ?V0 + 1,R5
    361            char c,i;
    362            byte *p, rst[5];
    363          
    364            p = rst;
   \   000012   85..82       MOV     DPL,?XSP + 0
   \   000015   85..83       MOV     DPH,?XSP + 1
   \   000018   AC82         MOV     R4,DPL
   \   00001A   AD83         MOV     R5,DPH
    365            for ( i=0; i<5; i++,p++ )
   \   00001C   75..00       MOV     ?V0 + 4,#0x0
   \   00001F   8982         MOV     DPL,R1
   \   000021   8582..       MOV     ?V0 + 6,DPL
   \   000024   75..00       MOV     ?V0 + 7,#0x0
    366            {
    367              c = num % radix;  // Isolate a digit
   \                     ??_itoa_0:
   \   000027   EE           MOV     A,R6
   \   000028   F8           MOV     R0,A
   \   000029   EF           MOV     A,R7
   \   00002A   F9           MOV     R1,A
   \   00002B   AA..         MOV     R2,?V0 + 6
   \   00002D   AB..         MOV     R3,?V0 + 7
   \   00002F   12....       LCALL   ?US_DIV_MOD
   \   000032   EA           MOV     A,R2
    368              *p = c + (( c < 10 ) ? '0' : '7');  // Convert to Ascii
   \   000033   940A         SUBB    A,#0xa
   \   000035   5004         JNC     ??_itoa_1
   \   000037   7830         MOV     R0,#0x30
   \   000039   8002         SJMP    ??_itoa_2
   \                     ??_itoa_1:
   \   00003B   7837         MOV     R0,#0x37
   \                     ??_itoa_2:
   \   00003D   E8           MOV     A,R0
   \   00003E   2A           ADD     A,R2
   \   00003F   8C82         MOV     DPL,R4
   \   000041   8D83         MOV     DPH,R5
   \   000043   F0           MOVX    @DPTR,A
    369              num /= radix;
   \   000044   EE           MOV     A,R6
   \   000045   F8           MOV     R0,A
   \   000046   EF           MOV     A,R7
   \   000047   F9           MOV     R1,A
   \   000048   AA..         MOV     R2,?V0 + 6
   \   00004A   AB..         MOV     R3,?V0 + 7
   \   00004C   12....       LCALL   ?US_DIV_MOD
   \   00004F   88..         MOV     ?V0 + 2,R0
   \   000051   89..         MOV     ?V0 + 3,R1
   \   000053   AE..         MOV     R6,?V0 + 2
   \   000055   AF..         MOV     R7,?V0 + 3
    370              if ( !num )
   \   000057   EE           MOV     A,R6
   \   000058   4F           ORL     A,R7
   \   000059   600D         JZ      ??_itoa_3
    371                break;
    372            }
   \   00005B   05..         INC     ?V0 + 4
   \   00005D   A3           INC     DPTR
   \   00005E   AC82         MOV     R4,DPL
   \   000060   AD83         MOV     R5,DPH
   \   000062   E5..         MOV     A,?V0 + 4
   \   000064   9405         SUBB    A,#0x5
   \   000066   40BF         JC      ??_itoa_0
    373          
    374            for ( c=0 ; c<=i; c++ )
   \                     ??_itoa_3:
   \   000068   7A00         MOV     R2,#0x0
    375              *buf++ = *p--;  // Reverse character order
   \                     ??_itoa_4:
   \   00006A   8C82         MOV     DPL,R4
   \   00006C   8D83         MOV     DPH,R5
   \   00006E   E0           MOVX    A,@DPTR
   \   00006F   85..82       MOV     DPL,?V0 + 0
   \   000072   85..83       MOV     DPH,?V0 + 1
   \   000075   F0           MOVX    @DPTR,A
   \   000076   EC           MOV     A,R4
   \   000077   24FF         ADD     A,#-0x1
   \   000079   1C           DEC     R4
   \   00007A   ED           MOV     A,R5
   \   00007B   34FF         ADDC    A,#-0x1
   \   00007D   FD           MOV     R5,A
   \   00007E   A3           INC     DPTR
   \   00007F   8582..       MOV     ?V0 + 0,DPL
   \   000082   8583..       MOV     ?V0 + 1,DPH
   \   000085   0A           INC     R2
   \   000086   E5..         MOV     A,?V0 + 4
   \   000088   C3           CLR     C
   \   000089   9A           SUBB    A,R2
   \   00008A   50DE         JNC     ??_itoa_4
    376          
    377            *buf = '\0';
   \   00008C   E4           CLR     A
   \   00008D   F0           MOVX    @DPTR,A
    378          }
   \   00008E   7405         MOV     A,#0x5
   \   000090   12....       LCALL   ?DEALLOC_XSTACK8
   \   000093   7F08         MOV     R7,#0x8
   \   000095   02....       LJMP    ?BANKED_LEAVE_XDATA
    379          
    380          /*********************************************************************
    381           * @fn        Onboard_rand
    382           *
    383           * @brief    Random number generator
    384           *
    385           * @param   none
    386           *
    387           * @return  uint16 - new random number
    388           *
    389           *********************************************************************/

   \                                 In  segment BANKED_CODE, align 1, keep-with-next
    390          uint16 Onboard_rand( void )
   \                     Onboard_rand:
    391          {
   \   000000   74F6         MOV     A,#-0xa
   \   000002   12....       LCALL   ?BANKED_ENTER_XDATA
   \   000005                ; Saved register size: 10
   \   000005                ; Auto size: 0
    392            uint16 randNum;
    393          
    394            randNum = macMcuRandomByte();
   \   000005                ; Setup parameters for call to function macMcuRandomByte
   \   000005   12....       LCALL   ??macMcuRandomByte?relay
   \   000008   E9           MOV     A,R1
   \   000009   F5..         MOV     ?V0 + 0,A
    395            randNum += (macMcuRandomByte() << 8);
    396            return ( randNum );
   \   00000B                ; Setup parameters for call to function macMcuRandomByte
   \   00000B   12....       LCALL   ??macMcuRandomByte?relay
   \   00000E   E5..         MOV     A,?V0 + 0
   \   000010   2400         ADD     A,#0x0
   \   000012   FA           MOV     R2,A
   \   000013   E4           CLR     A
   \   000014   39           ADDC    A,R1
   \   000015   FB           MOV     R3,A
   \   000016   02....       LJMP    ?Subroutine2 & 0xFFFF
    397          }
    398          
    399          /*********************************************************************
    400           * @fn        Onboard_wait
    401           *
    402           * @brief    Random number generator
    403           *
    404           * @param   uint16 - time to wait
    405           *
    406           * @return  none
    407           *
    408           *********************************************************************/

   \                                 In  segment BANKED_CODE, align 1, keep-with-next
    409          void Onboard_wait( uint16 timeout )
   \                     Onboard_wait:
    410          {
   \   000000                ; Saved register size: 0
   \   000000                ; Auto size: 0
   \   000000   8003         SJMP    ??Onboard_wait_0
    411            while (timeout--)
    412            {
    413              asm("NOP");
   \                     ??Onboard_wait_1:
   \   000002   00           NOP
    414              asm("NOP");
   \   000003   00           NOP
    415              asm("NOP");
   \   000004   00           NOP
    416            }
   \                     ??Onboard_wait_0:
   \   000005   EA           MOV     A,R2
   \   000006   F8           MOV     R0,A
   \   000007   EB           MOV     A,R3
   \   000008   F9           MOV     R1,A
   \   000009   E8           MOV     A,R0
   \   00000A   24FF         ADD     A,#-0x1
   \   00000C   1A           DEC     R2
   \   00000D   E9           MOV     A,R1
   \   00000E   34FF         ADDC    A,#-0x1
   \   000010   FB           MOV     R3,A
   \   000011   E8           MOV     A,R0
   \   000012   49           ORL     A,R1
   \   000013   70ED         JNZ     ??Onboard_wait_1
    417          }
   \   000015   02....       LJMP    ?BRET
    418          
    419          /*********************************************************************
    420           *                    EXTERNAL I/O FUNCTIONS
    421           *
    422           * User defined functions to control external devices. Add your code
    423           * to the following functions to control devices wired to DB outputs.
    424           *
    425           *********************************************************************/
    426          

   \                                 In  segment BANKED_CODE, align 1, keep-with-next
    427          void BigLight_On( void )
   \                     BigLight_On:
    428          {
   \   000000                ; Saved register size: 0
   \   000000                ; Auto size: 0
    429            // Put code here to turn on an external light
    430          }
   \   000000   02....       LJMP    ?BRET
    431          

   \                                 In  segment BANKED_CODE, align 1, keep-with-next
    432          void BigLight_Off( void )
   \                     BigLight_Off:
    433          {
   \   000000                ; Saved register size: 0
   \   000000                ; Auto size: 0
    434            // Put code here to turn off an external light
    435          }
   \   000000   02....       LJMP    ?BRET
    436          

   \                                 In  segment BANKED_CODE, align 1, keep-with-next
    437          void BuzzerControl( byte on )
   \                     BuzzerControl:
    438          {
   \   000000                ; Saved register size: 0
   \   000000                ; Auto size: 0
    439            // Put code here to turn a buzzer on/off
    440            (void)on;
    441          }
   \   000000   02....       LJMP    ?BRET
    442          

   \                                 In  segment BANKED_CODE, align 1, keep-with-next
    443          void Dimmer( byte lvl )
   \                     Dimmer:
    444          {
   \   000000                ; Saved register size: 0
   \   000000                ; Auto size: 0
    445            // Put code here to control a dimmer
    446            (void)lvl;
    447          }
   \   000000   02....       LJMP    ?BRET
    448          
    449          // No dip switches on this board

   \                                 In  segment BANKED_CODE, align 1, keep-with-next
    450          byte GetUserDipSw( void )
   \                     GetUserDipSw:
    451          {
   \   000000                ; Saved register size: 0
   \   000000                ; Auto size: 0
    452            return 0;
   \   000000   7900         MOV     R1,#0x0
   \   000002   02....       LJMP    ?BRET
    453          }

   \                                 In  segment XDATA_ID, align 1, keep-with-next
   \                     `?<Initializer for registeredKeysTaskID>`:
   \   000000   FF           DB 255

   \                                 In  segment BANK_RELAYS, align 1
   \                     ??InitBoard?relay:
   \   000000   12....       LCALL   ?BDISPATCH
   \   000003   ......       DC24    InitBoard

   \                                 In  segment BANK_RELAYS, align 1
   \                     ??RegisterForKeys?relay:
   \   000000   12....       LCALL   ?BDISPATCH
   \   000003   ......       DC24    RegisterForKeys

   \                                 In  segment BANK_RELAYS, align 1
   \                     ??OnBoard_SendKeys?relay:
   \   000000   12....       LCALL   ?BDISPATCH
   \   000003   ......       DC24    OnBoard_SendKeys

   \                                 In  segment BANK_RELAYS, align 1
   \                     ??OnBoard_KeyCallback?relay:
   \   000000   12....       LCALL   ?BDISPATCH
   \   000003   ......       DC24    OnBoard_KeyCallback

   \                                 In  segment BANK_RELAYS, align 1
   \                     ??OnBoard_stack_used?relay:
   \   000000   12....       LCALL   ?BDISPATCH
   \   000003   ......       DC24    OnBoard_stack_used

   \                                 In  segment BANK_RELAYS, align 1
   \                     ??_itoa?relay:
   \   000000   12....       LCALL   ?BDISPATCH
   \   000003   ......       DC24    _itoa

   \                                 In  segment BANK_RELAYS, align 1
   \                     ??Onboard_rand?relay:
   \   000000   12....       LCALL   ?BDISPATCH
   \   000003   ......       DC24    Onboard_rand

   \                                 In  segment BANK_RELAYS, align 1
   \                     ??Onboard_wait?relay:
   \   000000   12....       LCALL   ?BDISPATCH
   \   000003   ......       DC24    Onboard_wait

   \                                 In  segment BANK_RELAYS, align 1
   \                     ??BigLight_On?relay:
   \   000000   12....       LCALL   ?BDISPATCH
   \   000003   ......       DC24    BigLight_On

   \                                 In  segment BANK_RELAYS, align 1
   \                     ??BigLight_Off?relay:
   \   000000   12....       LCALL   ?BDISPATCH
   \   000003   ......       DC24    BigLight_Off

   \                                 In  segment BANK_RELAYS, align 1
   \                     ??BuzzerControl?relay:
   \   000000   12....       LCALL   ?BDISPATCH
   \   000003   ......       DC24    BuzzerControl

   \                                 In  segment BANK_RELAYS, align 1
   \                     ??Dimmer?relay:
   \   000000   12....       LCALL   ?BDISPATCH
   \   000003   ......       DC24    Dimmer

   \                                 In  segment BANK_RELAYS, align 1
   \                     ??GetUserDipSw?relay:
   \   000000   12....       LCALL   ?BDISPATCH
   \   000003   ......       DC24    GetUserDipSw
    454          
    455          /*********************************************************************
    456          *********************************************************************/

   Maximum stack usage in bytes:

     Function               ISTACK PSTACK XSTACK
     --------               ------ ------ ------
     BigLight_Off               0      0      0
     BigLight_On                0      0      0
     BuzzerControl              0      0      0
     Dimmer                     0      0      0
     GetUserDipSw               0      0      0
     InitBoard                  0      0      9
       -> osal_int_disable      0      0     18
       -> HalLedSet             0      0     18
       -> HalLedSet             0      0     18
       -> Onboard_wait          0      0     18
       -> Onboard_wait          0      0     18
       -> HalLedSet             0      0     18
       -> Onboard_wait          0      0     18
       -> Onboard_wait          0      0     18
       -> MT_SysResetInd        0      0     18
       -> HalKeyConfig          0      0     18
     OnBoard_KeyCallback        0      0      9
       -> OnBoard_SendKeys      0      0     18
     OnBoard_SendKeys           1      0     19
       -> osal_msg_allocate     0      0     20
       -> osal_msg_send         0      0     20
     OnBoard_stack_used         2      0      0
     Onboard_rand               0      0     10
       -> macMcuRandomByte      0      0     20
       -> macMcuRandomByte      0      0     20
     Onboard_wait               0      0      9
     RegisterForKeys            2      0      0
     _itoa                      1      0     21


   Segment part sizes:

     Function/Label                          Bytes
     --------------                          -----
     SLEEPSTA                                   1
     _A_IEN0                                    1
     OnboardKeyIntEnable                        1
     aExtendedAddress                           8
     registeredKeysTaskID                       1
     InitBoard                                107
     ?Subroutine0                               5
     RegisterForKeys                           21
     ?Subroutine1                               7
     OnBoard_SendKeys                          61
     ?Subroutine2                               5
     OnBoard_KeyCallback                       32
     OnBoard_stack_used                        83
     _itoa                                    152
     Onboard_rand                              25
     Onboard_wait                              24
     BigLight_On                                3
     BigLight_Off                               3
     BuzzerControl                              3
     Dimmer                                     3
     GetUserDipSw                               5
     ?<Initializer for registeredKeysTaskID>    1
     ??InitBoard?relay                          6
     ??RegisterForKeys?relay                    6
     ??OnBoard_SendKeys?relay                   6
     ??OnBoard_KeyCallback?relay                6
     ??OnBoard_stack_used?relay                 6
     ??_itoa?relay                              6
     ??Onboard_rand?relay                       6
     ??Onboard_wait?relay                       6
     ??BigLight_On?relay                        6
     ??BigLight_Off?relay                       6
     ??BuzzerControl?relay                      6
     ??Dimmer?relay                             6
     ??GetUserDipSw?relay                       6

 
 539 bytes in segment BANKED_CODE
  78 bytes in segment BANK_RELAYS
   2 bytes in segment SFR_AN
   1 byte  in segment XDATA_I
   1 byte  in segment XDATA_ID
   9 bytes in segment XDATA_Z
 
 618 bytes of CODE  memory
   0 bytes of DATA  memory (+ 2 bytes shared)
  10 bytes of XDATA memory

Errors: none
Warnings: none
