###############################################################################
#                                                                             #
# IAR C/C++ Compiler V8.10.3.10338/W32 for 8051         25/May/2019  10:31:45 #
# Copyright 2004-2011 IAR Systems AB.                                         #
#                                                                             #
#    Core               =  plain                                              #
#    Code model         =  banked                                             #
#    Data model         =  large                                              #
#    Calling convention =  xdata reentrant                                    #
#    Constant location  =  data_rom                                           #
#    Dptr setup         =  1,16                                               #
#    Source file        =  F:\Zigbee\1\Zigbee-TempFireHumi\Texas              #
#                          Instruments\Projects\zstack\Samples\MyfirstAPP\Sou #
#                          rce\yanwu.c                                        #
#    Command line       =  -f "F:\Zigbee\1\Zigbee-TempFireHumi\Texas          #
#                          Instruments\Projects\zstack\Samples\MyfirstAPP\CC2 #
#                          530DB\..\..\..\Tools\CC2530DB\f8wRouter.cfg"       #
#                          (-DCPU32MHZ -DROOT=__near_func                     #
#                          -DMAC_CFG_APP_PENDING_QUEUE=TRUE -DRTR_NWK         #
#                          -DBLINK_LEDS) -f "F:\Zigbee\1\Zigbee-TempFireHumi\ #
#                          Texas Instruments\Projects\zstack\Samples\MyfirstA #
#                          PP\CC2530DB\..\..\..\Tools\CC2530DB\f8wConfig.cfg" #
#                           (-DSECURE=0 -DZG_SECURE_DYNAMIC=0 -DREFLECTOR     #
#                          -DDEFAULT_CHANLIST=0x04000000                      #
#                          -DZDAPP_CONFIG_PAN_ID=0xA1B2                       #
#                          -DNWK_START_DELAY=100 -DEXTENDED_JOINING_RANDOM_MA #
#                          SK=0x007F -DBEACON_REQUEST_DELAY=100               #
#                          -DBEACON_REQ_DELAY_MASK=0x00FF                     #
#                          -DROUTE_EXPIRY_TIME=30 -DAPSC_ACK_WAIT_DURATION_PO #
#                          LLED=3000 -DNWK_INDIRECT_MSG_TIMEOUT=7             #
#                          -DMAX_RREQ_ENTRIES=8 -DAPSC_MAX_FRAME_RETRIES=3    #
#                          -DNWK_MAX_DATA_RETRIES=2                           #
#                          -DMAX_POLL_FAILURE_RETRIES=2 -DMAX_BCAST=9         #
#                          -DAPS_MAX_GROUPS=16 -DMAX_RTG_ENTRIES=40           #
#                          -DNWK_MAX_BINDING_ENTRIES=4                        #
#                          -DMAX_BINDING_CLUSTER_IDS=4 "-DDEFAULT_KEY={0x01,  #
#                          0x03, 0x05, 0x07, 0x09, 0x0B, 0x0D, 0x0F, 0x00,    #
#                          0x02, 0x04, 0x06, 0x08, 0x0A, 0x0C, 0x0D}"         #
#                          -DMAC_MAX_FRAME_SIZE=116 "-DCONST=const __code"    #
#                          -DGENERIC=__generic -DRFD_RCVC_ALWAYS_ON=FALSE     #
#                          -DPOLL_RATE=1000 -DQUEUED_POLL_RATE=100            #
#                          -DRESPONSE_POLL_RATE=100) -DREJOIN_POLL_RATE=440   #
#                          "F:\Zigbee\1\Zigbee-TempFireHumi\Texas             #
#                          Instruments\Projects\zstack\Samples\MyfirstAPP\Sou #
#                          rce\yanwu.c" -D ZIGBEEPRO -D ZTOOL_P1 -D MT_TASK   #
#                          -D MT_SYS_FUNC -D MT_ZDO_FUNC -D                   #
#                          LCD_SUPPORTED=DEBUG -lC "F:\Zigbee\1\Zigbee-TempFi #
#                          reHumi\Texas Instruments\Projects\zstack\Samples\M #
#                          yfirstAPP\CC2530DB\RouterEB-Pro\List\" -lA         #
#                          "F:\Zigbee\1\Zigbee-TempFireHumi\Texas             #
#                          Instruments\Projects\zstack\Samples\MyfirstAPP\CC2 #
#                          530DB\RouterEB-Pro\List\" --diag_suppress          #
#                          Pe001,Pa010 -o "F:\Zigbee\1\Zigbee-TempFireHumi\Te #
#                          xas Instruments\Projects\zstack\Samples\MyfirstAPP #
#                          \CC2530DB\RouterEB-Pro\Obj\" -e --debug            #
#                          --core=plain --dptr=16,1 --data_model=large        #
#                          --code_model=banked --calling_convention=xdata_ree #
#                          ntrant --place_constants=data_rom                  #
#                          --nr_virtual_regs 8 -I "F:\Zigbee\1\Zigbee-TempFir #
#                          eHumi\Texas Instruments\Projects\zstack\Samples\My #
#                          firstAPP\CC2530DB\" -I "F:\Zigbee\1\Zigbee-TempFir #
#                          eHumi\Texas Instruments\Projects\zstack\Samples\My #
#                          firstAPP\CC2530DB\..\SOURCE\" -I                   #
#                          "F:\Zigbee\1\Zigbee-TempFireHumi\Texas             #
#                          Instruments\Projects\zstack\Samples\MyfirstAPP\CC2 #
#                          530DB\..\..\..\ZMAIN\TI2530DB\" -I                 #
#                          "F:\Zigbee\1\Zigbee-TempFireHumi\Texas             #
#                          Instruments\Projects\zstack\Samples\MyfirstAPP\CC2 #
#                          530DB\..\..\..\..\..\COMPONENTS\MT\" -I            #
#                          "F:\Zigbee\1\Zigbee-TempFireHumi\Texas             #
#                          Instruments\Projects\zstack\Samples\MyfirstAPP\CC2 #
#                          530DB\..\..\..\..\..\COMPONENTS\HAL\INCLUDE\" -I   #
#                          "F:\Zigbee\1\Zigbee-TempFireHumi\Texas             #
#                          Instruments\Projects\zstack\Samples\MyfirstAPP\CC2 #
#                          530DB\..\..\..\..\..\COMPONENTS\HAL\TARGET\CC2530E #
#                          B\" -I "F:\Zigbee\1\Zigbee-TempFireHumi\Texas      #
#                          Instruments\Projects\zstack\Samples\MyfirstAPP\CC2 #
#                          530DB\..\..\..\..\..\COMPONENTS\OSAL\MCU\CCSOC\"   #
#                          -I "F:\Zigbee\1\Zigbee-TempFireHumi\Texas          #
#                          Instruments\Projects\zstack\Samples\MyfirstAPP\CC2 #
#                          530DB\..\..\..\..\..\COMPONENTS\OSAL\INCLUDE\" -I  #
#                          "F:\Zigbee\1\Zigbee-TempFireHumi\Texas             #
#                          Instruments\Projects\zstack\Samples\MyfirstAPP\CC2 #
#                          530DB\..\..\..\..\..\COMPONENTS\STACK\AF\" -I      #
#                          "F:\Zigbee\1\Zigbee-TempFireHumi\Texas             #
#                          Instruments\Projects\zstack\Samples\MyfirstAPP\CC2 #
#                          530DB\..\..\..\..\..\COMPONENTS\STACK\NWK\" -I     #
#                          "F:\Zigbee\1\Zigbee-TempFireHumi\Texas             #
#                          Instruments\Projects\zstack\Samples\MyfirstAPP\CC2 #
#                          530DB\..\..\..\..\..\COMPONENTS\STACK\SEC\" -I     #
#                          "F:\Zigbee\1\Zigbee-TempFireHumi\Texas             #
#                          Instruments\Projects\zstack\Samples\MyfirstAPP\CC2 #
#                          530DB\..\..\..\..\..\COMPONENTS\STACK\SAPI\" -I    #
#                          "F:\Zigbee\1\Zigbee-TempFireHumi\Texas             #
#                          Instruments\Projects\zstack\Samples\MyfirstAPP\CC2 #
#                          530DB\..\..\..\..\..\COMPONENTS\STACK\SYS\" -I     #
#                          "F:\Zigbee\1\Zigbee-TempFireHumi\Texas             #
#                          Instruments\Projects\zstack\Samples\MyfirstAPP\CC2 #
#                          530DB\..\..\..\..\..\COMPONENTS\STACK\ZDO\" -I     #
#                          "F:\Zigbee\1\Zigbee-TempFireHumi\Texas             #
#                          Instruments\Projects\zstack\Samples\MyfirstAPP\CC2 #
#                          530DB\..\..\..\..\..\COMPONENTS\ZMAC\F8W\" -I      #
#                          "F:\Zigbee\1\Zigbee-TempFireHumi\Texas             #
#                          Instruments\Projects\zstack\Samples\MyfirstAPP\CC2 #
#                          530DB\..\..\..\..\..\COMPONENTS\ZMAC\" -I          #
#                          "F:\Zigbee\1\Zigbee-TempFireHumi\Texas             #
#                          Instruments\Projects\zstack\Samples\MyfirstAPP\CC2 #
#                          530DB\..\..\..\..\..\COMPONENTS\SERVICES\SADDR\"   #
#                          -I "F:\Zigbee\1\Zigbee-TempFireHumi\Texas          #
#                          Instruments\Projects\zstack\Samples\MyfirstAPP\CC2 #
#                          530DB\..\..\..\..\..\COMPONENTS\SERVICES\SDATA\"   #
#                          -I "F:\Zigbee\1\Zigbee-TempFireHumi\Texas          #
#                          Instruments\Projects\zstack\Samples\MyfirstAPP\CC2 #
#                          530DB\..\..\..\..\..\COMPONENTS\MAC\INCLUDE\" -I   #
#                          "F:\Zigbee\1\Zigbee-TempFireHumi\Texas             #
#                          Instruments\Projects\zstack\Samples\MyfirstAPP\CC2 #
#                          530DB\..\..\..\..\..\COMPONENTS\MAC\HIGH_LEVEL\"   #
#                          -I "F:\Zigbee\1\Zigbee-TempFireHumi\Texas          #
#                          Instruments\Projects\zstack\Samples\MyfirstAPP\CC2 #
#                          530DB\..\..\..\..\..\COMPONENTS\MAC\LOW_LEVEL\srf0 #
#                          4\" -I "F:\Zigbee\1\Zigbee-TempFireHumi\Texas      #
#                          Instruments\Projects\zstack\Samples\MyfirstAPP\CC2 #
#                          530DB\..\..\..\..\..\COMPONENTS\MAC\LOW_LEVEL\srf0 #
#                          4\SINGLE_CHIP\" -Ohz                               #
#    List file          =  F:\Zigbee\1\Zigbee-TempFireHumi\Texas              #
#                          Instruments\Projects\zstack\Samples\MyfirstAPP\CC2 #
#                          530DB\RouterEB-Pro\List\yanwu.lst                  #
#    Object file        =  F:\Zigbee\1\Zigbee-TempFireHumi\Texas              #
#                          Instruments\Projects\zstack\Samples\MyfirstAPP\CC2 #
#                          530DB\RouterEB-Pro\Obj\yanwu.r51                   #
#                                                                             #
#                                                                             #
###############################################################################

F:\Zigbee\1\Zigbee-TempFireHumi\Texas Instruments\Projects\zstack\Samples\MyfirstAPP\Source\yanwu.c
      1          
      2          #include <ioCC2530.h>

   \                                 In  segment SFR_AN, at 0x80
   \   union <unnamed> volatile __sfr _A_P0
   \                     _A_P0:
   \   000000                DS 1

   \                                 In  segment SFR_AN, at 0xfd
   \   unsigned char volatile __sfr P0DIR
   \                     P0DIR:
   \   000000                DS 1
      3          #include <string.h>
      4          #include "yanwu.h"
      5          #define uchar unsigned char
      6          #define uint unsigned int

   \                                 In  segment XDATA_Z, align 1, keep-with-next
      7          uchar R_data[4];
   \                     R_data:
   \   000000                DS 4
   \   000004                REQUIRE __INIT_XDATA_Z
      8          

   \                                 In  segment BANKED_CODE, align 1, keep-with-next
      9          void getRAIN(void)
   \                     getRAIN:
     10          {
   \   000000   C082         PUSH    DPL
   \   000002   C083         PUSH    DPH
   \   000004                ; Saved register size: 2
   \   000004                ; Auto size: 0
     11            DATA_Rain=0;
   \   000004   C281         CLR     0x80.1
     12            Delay_mas(30); //>18MS
   \   000006                ; Setup parameters for call to function Delay_mas
   \   000006   7A1E         MOV     R2,#0x1e
   \   000008   7B00         MOV     R3,#0x0
   \   00000A   12....       LCALL   ??Delay_mas?relay
     13            DATA_Rain=1;
   \   00000D   D281         SETB    0x80.1
     14            P0DIR &= ~0x02; //重新配置 IO 口方向 输入
   \   00000F   53FDFD       ANL     0xfd,#0xfd
     15            Delay1_10uas();
   \   000012                ; Setup parameters for call to function Delay_uas
   \   000012   12....       LCALL   ?Subroutine1 & 0xFFFF
     16            if(DATA_Rain)
   \                     ??CrossCallReturnLabel_0:
   \   000015   A281         MOV     C,0x80.1
   \   000017   500A         JNC     ??getRAIN_0
     17            {
     18              Delay1_10uas();
   \   000019                ; Setup parameters for call to function Delay_uas
   \   000019   12....       LCALL   ?Subroutine1 & 0xFFFF
     19              R_data[0]='1';
   \                     ??CrossCallReturnLabel_1:
   \   00001C   90....       MOV     DPTR,#R_data
   \   00001F   7431         MOV     A,#0x31
   \   000021   8005         SJMP    ??getRAIN_1
     20            }
     21            else
     22            {
     23              R_data[0]='0';
   \                     ??getRAIN_0:
   \   000023   90....       MOV     DPTR,#R_data
   \   000026   7430         MOV     A,#0x30
   \                     ??getRAIN_1:
   \   000028   F0           MOVX    @DPTR,A
     24            }
     25          }
   \   000029                REQUIRE ?Subroutine0
   \   000029                REQUIRE _A_P0
   \   000029                REQUIRE P0DIR
   \   000029                ; // Fall through to label ?Subroutine0

   \                                 In  segment BANKED_CODE, align 1, keep-with-next
   \                     ?Subroutine0:
   \   000000   D083         POP     DPH
   \   000002   D082         POP     DPL
   \   000004   02....       LJMP    ?BRET

   \                                 In  segment BANKED_CODE, align 1, keep-with-next
     26          void Delay_uas() //1 us 延时
   \                     Delay_uas:
     27          {
   \   000000                ; Saved register size: 0
   \   000000                ; Auto size: 0
     28          asm("nop");//如果太多，很有可能校验通不过
   \   000000   00           nop
     29          asm("nop");
   \   000001   00           nop
     30          asm("nop");
   \   000002   00           nop
     31          asm("nop");
   \   000003   00           nop
     32          }
   \   000004   02....       LJMP    ?BRET
     33           

   \                                 In  segment BANKED_CODE, align 1, keep-with-next
     34          void Delay1_10uas() //10 us 延时
   \                     Delay1_10uas:
     35          {
   \   000000   C082         PUSH    DPL
   \   000002   C083         PUSH    DPH
   \   000004                ; Saved register size: 2
   \   000004                ; Auto size: 0
     36          Delay_uas();
   \   000004                ; Setup parameters for call to function Delay_uas
   \   000004   12....       LCALL   ?Subroutine1 & 0xFFFF
     37          Delay_uas();
     38          }
   \                     ??CrossCallReturnLabel_2:
   \   000007   80..         SJMP    ?Subroutine0

   \                                 In  segment BANKED_CODE, align 1, keep-with-next
   \                     ?Subroutine1:
   \   000000   12....       LCALL   ??Delay_uas?relay
   \   000003                ; Setup parameters for call to function Delay_uas
   \   000003                ; Setup parameters for call to function Delay_uas
   \   000003                ; Setup parameters for call to function Delay_uas
   \   000003                ; Setup parameters for call to function Delay_uas
   \   000003   12....       LCALL   ??Delay_uas?relay
   \   000006   22           RET

   \                                 In  segment BANKED_CODE, align 1, keep-with-next
     39          void Delay_mas(uint Time)//n ms 延时
   \                     Delay_mas:
     40          {
   \   000000   74F7         MOV     A,#-0x9
   \   000002   12....       LCALL   ?BANKED_ENTER_XDATA
   \   000005                ; Saved register size: 9
   \   000005                ; Auto size: 0
   \   000005   EA           MOV     A,R2
   \   000006   FE           MOV     R6,A
   \   000007   EB           MOV     A,R3
   \   000008   FF           MOV     R7,A
     41          unsigned char i;
     42          while(Time--)
   \                     ??Delay_mas_0:
   \   000009   EE           MOV     A,R6
   \   00000A   F8           MOV     R0,A
   \   00000B   EF           MOV     A,R7
   \   00000C   F9           MOV     R1,A
   \   00000D   E8           MOV     A,R0
   \   00000E   24FF         ADD     A,#-0x1
   \   000010   1E           DEC     R6
   \   000011   E9           MOV     A,R1
   \   000012   34FF         ADDC    A,#-0x1
   \   000014   FF           MOV     R7,A
   \   000015   E8           MOV     A,R0
   \   000016   49           ORL     A,R1
   \   000017   600E         JZ      ??Delay_mas_1
     43          {
     44          for(i=0;i<100;i++)
   \   000019   75..64       MOV     ?V0 + 0,#0x64
     45          Delay1_10uas();
   \                     ??Delay_mas_2:
   \   00001C                ; Setup parameters for call to function Delay_uas
   \   00001C   12....       LCALL   ?Subroutine1 & 0xFFFF
   \                     ??CrossCallReturnLabel_3:
   \   00001F   15..         DEC     ?V0 + 0
   \   000021   E5..         MOV     A,?V0 + 0
   \   000023   60E4         JZ      ??Delay_mas_0
   \   000025   80F5         SJMP    ??Delay_mas_2
     46          }
     47          }
   \                     ??Delay_mas_1:
   \   000027   7F01         MOV     R7,#0x1
   \   000029   02....       LJMP    ?BANKED_LEAVE_XDATA

   \                                 In  segment BANK_RELAYS, align 1
   \                     ??getRAIN?relay:
   \   000000   12....       LCALL   ?BDISPATCH
   \   000003   ......       DC24    getRAIN

   \                                 In  segment BANK_RELAYS, align 1
   \                     ??Delay_uas?relay:
   \   000000   12....       LCALL   ?BDISPATCH
   \   000003   ......       DC24    Delay_uas

   \                                 In  segment BANK_RELAYS, align 1
   \                     ??Delay1_10uas?relay:
   \   000000   12....       LCALL   ?BDISPATCH
   \   000003   ......       DC24    Delay1_10uas

   \                                 In  segment BANK_RELAYS, align 1
   \                     ??Delay_mas?relay:
   \   000000   12....       LCALL   ?BDISPATCH
   \   000003   ......       DC24    Delay_mas

   Maximum stack usage in bytes:

     Function       ISTACK PSTACK XSTACK
     --------       ------ ------ ------
     Delay1_10uas       2      0      0
       -> Delay_uas     4      0      0
       -> Delay_uas     4      0      0
     Delay_mas          0      0      9
       -> Delay_uas     0      0     18
       -> Delay_uas     0      0     18
     Delay_uas          0      0      9
     getRAIN            2      0      0
       -> Delay_mas     4      0      0
       -> Delay_uas     4      0      0
       -> Delay_uas     4      0      0
       -> Delay_uas     4      0      0
       -> Delay_uas     4      0      0


   Segment part sizes:

     Function/Label       Bytes
     --------------       -----
     _A_P0                   1
     P0DIR                   1
     R_data                  4
     getRAIN                41
     ?Subroutine0            7
     Delay_uas               7
     Delay1_10uas            9
     ?Subroutine1            7
     Delay_mas              44
     ??getRAIN?relay         6
     ??Delay_uas?relay       6
     ??Delay1_10uas?relay    6
     ??Delay_mas?relay       6

 
 115 bytes in segment BANKED_CODE
  24 bytes in segment BANK_RELAYS
   2 bytes in segment SFR_AN
   4 bytes in segment XDATA_Z
 
 139 bytes of CODE  memory
   0 bytes of DATA  memory (+ 2 bytes shared)
   4 bytes of XDATA memory

Errors: none
Warnings: none
