###############################################################################
#                                                                             #
# IAR C/C++ Compiler V7.51A/W32 for 8051                25/Dec/2012  10:17:02 #
# Copyright 2004-2009 IAR Systems AB.                                         #
#                                                                             #
#    Core               =  plain                                              #
#    Code model         =  banked                                             #
#    Data model         =  large                                              #
#    Calling convention =  xdata reentrant                                    #
#    Constant location  =  data_rom                                           #
#    Dptr setup         =  1,16                                               #
#    Source file        =  D:\个人重要资料(勿删)\yuanwm\桌面\ZStack-CC2530-2. #
#                          2.0-1.3.0\ZStack-CC2530-2.2.0-1.3.0\Projects\zstac #
#                          k\Samples\MyfirstAPP\Source\guangdian.c            #
#    Command line       =  -f "D:\个人重要资料(勿删)\yuanwm\桌面\ZStack-CC253 #
#                          0-2.2.0-1.3.0\ZStack-CC2530-2.2.0-1.3.0\Projects\z #
#                          stack\Samples\MyfirstAPP\CC2530DB\..\..\..\Tools\C #
#                          C2530DB\f8wCoord.cfg" (-DCPU32MHZ                  #
#                          -DROOT=__near_func -DMAC_CFG_APP_PENDING_QUEUE=TRU #
#                          E -DZDO_COORDINATOR -DRTR_NWK -DBLINK_LEDS) -f     #
#                          "D:\个人重要资料(勿删)\yuanwm\桌面\ZStack-CC2530-2 #
#                          .2.0-1.3.0\ZStack-CC2530-2.2.0-1.3.0\Projects\zsta #
#                          ck\Samples\MyfirstAPP\CC2530DB\..\..\..\Tools\CC25 #
#                          30DB\f8wConfig.cfg" (-DSECURE=0                    #
#                          -DZG_SECURE_DYNAMIC=0 -DREFLECTOR                  #
#                          -DDEFAULT_CHANLIST=0x02000000                      #
#                          -DZDAPP_CONFIG_PAN_ID=0xFFFF                       #
#                          -DNWK_START_DELAY=100 -DEXTENDED_JOINING_RANDOM_MA #
#                          SK=0x007F -DBEACON_REQUEST_DELAY=100               #
#                          -DBEACON_REQ_DELAY_MASK=0x00FF                     #
#                          -DROUTE_EXPIRY_TIME=30 -DAPSC_ACK_WAIT_DURATION_PO #
#                          LLED=3000 -DNWK_INDIRECT_MSG_TIMEOUT=7             #
#                          -DMAX_RREQ_ENTRIES=8 -DAPSC_MAX_FRAME_RETRIES=3    #
#                          -DNWK_MAX_DATA_RETRIES=2                           #
#                          -DMAX_POLL_FAILURE_RETRIES=2 -DMAX_BCAST=9         #
#                          -DAPS_MAX_GROUPS=16 -DMAX_RTG_ENTRIES=40           #
#                          -DNWK_MAX_BINDING_ENTRIES=4                        #
#                          -DMAX_BINDING_CLUSTER_IDS=4 "-DDEFAULT_KEY={0x01,  #
#                          0x03, 0x05, 0x07, 0x09, 0x0B, 0x0D, 0x0F, 0x00,    #
#                          0x02, 0x04, 0x06, 0x08, 0x0A, 0x0C, 0x0D}"         #
#                          -DMAC_MAX_FRAME_SIZE=116 "-DCONST=const __code"    #
#                          -DGENERIC=__generic -DRFD_RCVC_ALWAYS_ON=FALSE     #
#                          -DPOLL_RATE=1000 -DQUEUED_POLL_RATE=100            #
#                          -DRESPONSE_POLL_RATE=100) -DREJOIN_POLL_RATE=440   #
#                          "D:\个人重要资料(勿删)\yuanwm\桌面\ZStack-CC2530-2 #
#                          .2.0-1.3.0\ZStack-CC2530-2.2.0-1.3.0\Projects\zsta #
#                          ck\Samples\MyfirstAPP\Source\guangdian.c" -D       #
#                          ZTOOL_P1 -D MT_TASK -D MT_SYS_FUNC -D MT_ZDO_FUNC  #
#                          -D LCD_SUPPORTED=DEBUG -D HAL_UART=TRUE -D         #
#                          SERIAL_APP_PORT=0 -D HOLD_AUTO_START -D            #
#                          DH_AD_KEY_DEVICE -lC "D:\个人重要资料(勿删)\yuanwm #
#                          \桌面\ZStack-CC2530-2.2.0-1.3.0\ZStack-CC2530-2.2. #
#                          0-1.3.0\Projects\zstack\Samples\MyfirstAPP\CC2530D #
#                          B\CoordinatorEB\List\" -lA                         #
#                          "D:\个人重要资料(勿删)\yuanwm\桌面\ZStack-CC2530-2 #
#                          .2.0-1.3.0\ZStack-CC2530-2.2.0-1.3.0\Projects\zsta #
#                          ck\Samples\MyfirstAPP\CC2530DB\CoordinatorEB\List\ #
#                          " --diag_suppress Pe001,Pa010 -o                   #
#                          "D:\个人重要资料(勿删)\yuanwm\桌面\ZStack-CC2530-2 #
#                          .2.0-1.3.0\ZStack-CC2530-2.2.0-1.3.0\Projects\zsta #
#                          ck\Samples\MyfirstAPP\CC2530DB\CoordinatorEB\Obj\" #
#                           -e --require_prototypes --debug --core=plain      #
#                          --dptr=16,1 --data_model=large                     #
#                          --code_model=banked --calling_convention=xdata_ree #
#                          ntrant --place_constants=data_rom                  #
#                          --nr_virtual_regs 8 -I "D:\个人重要资料(勿删)\yuan #
#                          wm\桌面\ZStack-CC2530-2.2.0-1.3.0\ZStack-CC2530-2. #
#                          2.0-1.3.0\Projects\zstack\Samples\MyfirstAPP\CC253 #
#                          0DB\" -I "D:\个人重要资料(勿删)\yuanwm\桌面\ZStack #
#                          -CC2530-2.2.0-1.3.0\ZStack-CC2530-2.2.0-1.3.0\Proj #
#                          ects\zstack\Samples\MyfirstAPP\CC2530DB\..\SOURCE\ #
#                          " -I "D:\个人重要资料(勿删)\yuanwm\桌面\ZStack-CC2 #
#                          530-2.2.0-1.3.0\ZStack-CC2530-2.2.0-1.3.0\Projects #
#                          \zstack\Samples\MyfirstAPP\CC2530DB\..\..\..\ZMAIN #
#                          \TI2530DB\" -I "D:\个人重要资料(勿删)\yuanwm\桌面\ #
#                          ZStack-CC2530-2.2.0-1.3.0\ZStack-CC2530-2.2.0-1.3. #
#                          0\Projects\zstack\Samples\MyfirstAPP\CC2530DB\..\. #
#                          .\..\..\..\COMPONENTS\MT\" -I                      #
#                          "D:\个人重要资料(勿删)\yuanwm\桌面\ZStack-CC2530-2 #
#                          .2.0-1.3.0\ZStack-CC2530-2.2.0-1.3.0\Projects\zsta #
#                          ck\Samples\MyfirstAPP\CC2530DB\..\..\..\..\..\COMP #
#                          ONENTS\HAL\INCLUDE\" -I "D:\个人重要资料(勿删)\yua #
#                          nwm\桌面\ZStack-CC2530-2.2.0-1.3.0\ZStack-CC2530-2 #
#                          .2.0-1.3.0\Projects\zstack\Samples\MyfirstAPP\CC25 #
#                          30DB\..\..\..\..\..\COMPONENTS\HAL\TARGET\CC2530EB #
#                          \" -I "D:\个人重要资料(勿删)\yuanwm\桌面\ZStack-CC #
#                          2530-2.2.0-1.3.0\ZStack-CC2530-2.2.0-1.3.0\Project #
#                          s\zstack\Samples\MyfirstAPP\CC2530DB\..\..\..\..\. #
#                          .\COMPONENTS\OSAL\MCU\CCSOC\" -I                   #
#                          "D:\个人重要资料(勿删)\yuanwm\桌面\ZStack-CC2530-2 #
#                          .2.0-1.3.0\ZStack-CC2530-2.2.0-1.3.0\Projects\zsta #
#                          ck\Samples\MyfirstAPP\CC2530DB\..\..\..\..\..\COMP #
#                          ONENTS\OSAL\INCLUDE\" -I                           #
#                          "D:\个人重要资料(勿删)\yuanwm\桌面\ZStack-CC2530-2 #
#                          .2.0-1.3.0\ZStack-CC2530-2.2.0-1.3.0\Projects\zsta #
#                          ck\Samples\MyfirstAPP\CC2530DB\..\..\..\..\..\COMP #
#                          ONENTS\STACK\AF\" -I "D:\个人重要资料(勿删)\yuanwm #
#                          \桌面\ZStack-CC2530-2.2.0-1.3.0\ZStack-CC2530-2.2. #
#                          0-1.3.0\Projects\zstack\Samples\MyfirstAPP\CC2530D #
#                          B\..\..\..\..\..\COMPONENTS\STACK\NWK\" -I         #
#                          "D:\个人重要资料(勿删)\yuanwm\桌面\ZStack-CC2530-2 #
#                          .2.0-1.3.0\ZStack-CC2530-2.2.0-1.3.0\Projects\zsta #
#                          ck\Samples\MyfirstAPP\CC2530DB\..\..\..\..\..\COMP #
#                          ONENTS\STACK\SEC\" -I "D:\个人重要资料(勿删)\yuanw #
#                          m\桌面\ZStack-CC2530-2.2.0-1.3.0\ZStack-CC2530-2.2 #
#                          .0-1.3.0\Projects\zstack\Samples\MyfirstAPP\CC2530 #
#                          DB\..\..\..\..\..\COMPONENTS\STACK\SAPI\" -I       #
#                          "D:\个人重要资料(勿删)\yuanwm\桌面\ZStack-CC2530-2 #
#                          .2.0-1.3.0\ZStack-CC2530-2.2.0-1.3.0\Projects\zsta #
#                          ck\Samples\MyfirstAPP\CC2530DB\..\..\..\..\..\COMP #
#                          ONENTS\STACK\SYS\" -I "D:\个人重要资料(勿删)\yuanw #
#                          m\桌面\ZStack-CC2530-2.2.0-1.3.0\ZStack-CC2530-2.2 #
#                          .0-1.3.0\Projects\zstack\Samples\MyfirstAPP\CC2530 #
#                          DB\..\..\..\..\..\COMPONENTS\STACK\ZDO\" -I        #
#                          "D:\个人重要资料(勿删)\yuanwm\桌面\ZStack-CC2530-2 #
#                          .2.0-1.3.0\ZStack-CC2530-2.2.0-1.3.0\Projects\zsta #
#                          ck\Samples\MyfirstAPP\CC2530DB\..\..\..\..\..\COMP #
#                          ONENTS\ZMAC\F8W\" -I "D:\个人重要资料(勿删)\yuanwm #
#                          \桌面\ZStack-CC2530-2.2.0-1.3.0\ZStack-CC2530-2.2. #
#                          0-1.3.0\Projects\zstack\Samples\MyfirstAPP\CC2530D #
#                          B\..\..\..\..\..\COMPONENTS\ZMAC\" -I              #
#                          "D:\个人重要资料(勿删)\yuanwm\桌面\ZStack-CC2530-2 #
#                          .2.0-1.3.0\ZStack-CC2530-2.2.0-1.3.0\Projects\zsta #
#                          ck\Samples\MyfirstAPP\CC2530DB\..\..\..\..\..\COMP #
#                          ONENTS\SERVICES\SADDR\" -I                         #
#                          "D:\个人重要资料(勿删)\yuanwm\桌面\ZStack-CC2530-2 #
#                          .2.0-1.3.0\ZStack-CC2530-2.2.0-1.3.0\Projects\zsta #
#                          ck\Samples\MyfirstAPP\CC2530DB\..\..\..\..\..\COMP #
#                          ONENTS\SERVICES\SDATA\" -I                         #
#                          "D:\个人重要资料(勿删)\yuanwm\桌面\ZStack-CC2530-2 #
#                          .2.0-1.3.0\ZStack-CC2530-2.2.0-1.3.0\Projects\zsta #
#                          ck\Samples\MyfirstAPP\CC2530DB\..\..\..\..\..\COMP #
#                          ONENTS\MAC\INCLUDE\" -I "D:\个人重要资料(勿删)\yua #
#                          nwm\桌面\ZStack-CC2530-2.2.0-1.3.0\ZStack-CC2530-2 #
#                          .2.0-1.3.0\Projects\zstack\Samples\MyfirstAPP\CC25 #
#                          30DB\..\..\..\..\..\COMPONENTS\MAC\HIGH_LEVEL\"    #
#                          -I "D:\个人重要资料(勿删)\yuanwm\桌面\ZStack-CC253 #
#                          0-2.2.0-1.3.0\ZStack-CC2530-2.2.0-1.3.0\Projects\z #
#                          stack\Samples\MyfirstAPP\CC2530DB\..\..\..\..\..\C #
#                          OMPONENTS\MAC\LOW_LEVEL\srf04\" -I                 #
#                          "D:\个人重要资料(勿删)\yuanwm\桌面\ZStack-CC2530-2 #
#                          .2.0-1.3.0\ZStack-CC2530-2.2.0-1.3.0\Projects\zsta #
#                          ck\Samples\MyfirstAPP\CC2530DB\..\..\..\..\..\COMP #
#                          ONENTS\MAC\LOW_LEVEL\srf04\SINGLE_CHIP\" -I        #
#                          "C:\Program Files\IAR Systems\Embedded Workbench   #
#                          5.3 Evaluation version\8051\INC\" -I "C:\Program   #
#                          Files\IAR Systems\Embedded Workbench 5.3           #
#                          Evaluation version\8051\INC\CLIB\" -Ohz            #
#    List file          =  D:\个人重要资料(勿删)\yuanwm\桌面\ZStack-CC2530-2. #
#                          2.0-1.3.0\ZStack-CC2530-2.2.0-1.3.0\Projects\zstac #
#                          k\Samples\MyfirstAPP\CC2530DB\CoordinatorEB\List\g #
#                          uangdian.lst                                       #
#    Object file        =  D:\个人重要资料(勿删)\yuanwm\桌面\ZStack-CC2530-2. #
#                          2.0-1.3.0\ZStack-CC2530-2.2.0-1.3.0\Projects\zstac #
#                          k\Samples\MyfirstAPP\CC2530DB\CoordinatorEB\Obj\gu #
#                          angdian.r51                                        #
#                                                                             #
#                                                                             #
###############################################################################

D:\个人重要资料(勿删)\yuanwm\桌面\ZStack-CC2530-2.2.0-1.3.0\ZStack-CC2530-2.2.0-1.3.0\Projects\zstack\Samples\MyfirstAPP\Source\guangdian.c
      1          /******************************
      2          函数功能：实现光敏电阻转换功能
      3          入口参数：无
      4          返 回 值：无
      5          说   明：参考电压AVDD
      6          ******************************/
      7          /*#include "ioCC2530.h"
      8          #include "MyfirstAppRouterManage.h"
      9          #include "MyfirstApp.h"
     10          #include "guangdian.h"
     11          #define uint unsigned int
     12          
     13          
     14          void Delay(uint);
     15          void InitialAD(void);
     16          int photosentive(int AdValue);
     17          int AD_test(void);
     18          
     19          //char adcdata[]= "0000K";
     20          
     21          int AD_test(void)
     22          {    
     23                char temp[3];
     24                  long  adc;
     25                    int  num;
     26                
     27                   int  temporary;
     28                   int R;
     29                   int Rtest;
     30          
     31                  ADCIF = 0;        
     32          	ADCH &= 0X00;	  //清EOC标志	
     33                  APCFG |= 0X80;    //P0.7做ad口
     34          	ADCCON3 = 0xb7;   //单次转换,参考电压为电源电压，对P07进行采样
     35          
     36          	if(ADCCON1&0x80)    //判断转化是否完成	
     37                  {	
     38          	   temp[1] = ADCL;            
     39          	   temp[0] = ADCH;
     40          
     41                     adc = (uint)temp[1];
     42                     adc |= ((uint)(temp[0] << 8));
     43          
     44                    if(adc&0x8000)  //判断符号位
     45                    {  adc = 0;  }
     46                                  
     47                     adc>>=2;
     48          
     49                     num = ((adc <<5) + adc )>>13 ;
     50                     //定参考电压为3.3V。14位精确度
     51          
     52                    temporary = ((num <<5) + (num <<4) - num) ; //num*47;
     53                    R = (int)(temporary/(33-num));   //求出R数值
     54              
     55               
     56                    adcdata[0]= (char)((Rtest/1000)+'0');
     57          	  adcdata[1]= (char)((Rtest/100)-adcdata[0]*10+11*'0');
     58                    adcdata[2]= (char)((Rtest/10)-adcdata[0]*100-adcdata[1]*10+111*'0');
     59                    adcdata[3] =(char)((Rtest)%10+'0');
     60                       return(R);
     61                  }
     62                  char MessageData[]=adcdata[];
     63            
     64             if(AF_DataRequest( &MySendtest_Single_DstAddr,&MySendtest_epDesc,
     65                                 MySendtest_REGUANG_CLUSTERID,
     66                                  (byte)osal_strlen( MessageData ) + 1,
     67                                 (byte *)&MessageData,
     68                                 & MyfirstAppRouterManage_TransID,
     69                                 AF_DISCV_ROUTE,
     70                                 AF_DEFAULT_RADIUS)==afStatus_SUCCESS)
     71             {
     72             }
     73             else
     74             {
     75               
     76             }
     77          }*/
     78            
     79          
     80          
     81          
     82          


 
 
 0 bytes of memory

Errors: none
Warnings: none
