###############################################################################
#                                                                             #
# IAR C/C++ Compiler V7.51A/W32 for 8051                25/Dec/2012  10:17:03 #
# Copyright 2004-2009 IAR Systems AB.                                         #
#                                                                             #
#    Core               =  plain                                              #
#    Code model         =  banked                                             #
#    Data model         =  large                                              #
#    Calling convention =  xdata reentrant                                    #
#    Constant location  =  data_rom                                           #
#    Dptr setup         =  1,16                                               #
#    Source file        =  D:\个人重要资料(勿删)\yuanwm\桌面\ZStack-CC2530-2. #
#                          2.0-1.3.0\ZStack-CC2530-2.2.0-1.3.0\Components\hal #
#                          \target\CC2530EB\hal_led.c                         #
#    Command line       =  -f "D:\个人重要资料(勿删)\yuanwm\桌面\ZStack-CC253 #
#                          0-2.2.0-1.3.0\ZStack-CC2530-2.2.0-1.3.0\Projects\z #
#                          stack\Samples\MyfirstAPP\CC2530DB\..\..\..\Tools\C #
#                          C2530DB\f8wCoord.cfg" (-DCPU32MHZ                  #
#                          -DROOT=__near_func -DMAC_CFG_APP_PENDING_QUEUE=TRU #
#                          E -DZDO_COORDINATOR -DRTR_NWK -DBLINK_LEDS) -f     #
#                          "D:\个人重要资料(勿删)\yuanwm\桌面\ZStack-CC2530-2 #
#                          .2.0-1.3.0\ZStack-CC2530-2.2.0-1.3.0\Projects\zsta #
#                          ck\Samples\MyfirstAPP\CC2530DB\..\..\..\Tools\CC25 #
#                          30DB\f8wConfig.cfg" (-DSECURE=0                    #
#                          -DZG_SECURE_DYNAMIC=0 -DREFLECTOR                  #
#                          -DDEFAULT_CHANLIST=0x02000000                      #
#                          -DZDAPP_CONFIG_PAN_ID=0xFFFF                       #
#                          -DNWK_START_DELAY=100 -DEXTENDED_JOINING_RANDOM_MA #
#                          SK=0x007F -DBEACON_REQUEST_DELAY=100               #
#                          -DBEACON_REQ_DELAY_MASK=0x00FF                     #
#                          -DROUTE_EXPIRY_TIME=30 -DAPSC_ACK_WAIT_DURATION_PO #
#                          LLED=3000 -DNWK_INDIRECT_MSG_TIMEOUT=7             #
#                          -DMAX_RREQ_ENTRIES=8 -DAPSC_MAX_FRAME_RETRIES=3    #
#                          -DNWK_MAX_DATA_RETRIES=2                           #
#                          -DMAX_POLL_FAILURE_RETRIES=2 -DMAX_BCAST=9         #
#                          -DAPS_MAX_GROUPS=16 -DMAX_RTG_ENTRIES=40           #
#                          -DNWK_MAX_BINDING_ENTRIES=4                        #
#                          -DMAX_BINDING_CLUSTER_IDS=4 "-DDEFAULT_KEY={0x01,  #
#                          0x03, 0x05, 0x07, 0x09, 0x0B, 0x0D, 0x0F, 0x00,    #
#                          0x02, 0x04, 0x06, 0x08, 0x0A, 0x0C, 0x0D}"         #
#                          -DMAC_MAX_FRAME_SIZE=116 "-DCONST=const __code"    #
#                          -DGENERIC=__generic -DRFD_RCVC_ALWAYS_ON=FALSE     #
#                          -DPOLL_RATE=1000 -DQUEUED_POLL_RATE=100            #
#                          -DRESPONSE_POLL_RATE=100) -DREJOIN_POLL_RATE=440   #
#                          "D:\个人重要资料(勿删)\yuanwm\桌面\ZStack-CC2530-2 #
#                          .2.0-1.3.0\ZStack-CC2530-2.2.0-1.3.0\Components\ha #
#                          l\target\CC2530EB\hal_led.c" -D ZTOOL_P1 -D        #
#                          MT_TASK -D MT_SYS_FUNC -D MT_ZDO_FUNC -D           #
#                          LCD_SUPPORTED=DEBUG -D HAL_UART=TRUE -D            #
#                          SERIAL_APP_PORT=0 -D HOLD_AUTO_START -D            #
#                          DH_AD_KEY_DEVICE -lC "D:\个人重要资料(勿删)\yuanwm #
#                          \桌面\ZStack-CC2530-2.2.0-1.3.0\ZStack-CC2530-2.2. #
#                          0-1.3.0\Projects\zstack\Samples\MyfirstAPP\CC2530D #
#                          B\CoordinatorEB\List\" -lA                         #
#                          "D:\个人重要资料(勿删)\yuanwm\桌面\ZStack-CC2530-2 #
#                          .2.0-1.3.0\ZStack-CC2530-2.2.0-1.3.0\Projects\zsta #
#                          ck\Samples\MyfirstAPP\CC2530DB\CoordinatorEB\List\ #
#                          " --diag_suppress Pe001,Pa010 -o                   #
#                          "D:\个人重要资料(勿删)\yuanwm\桌面\ZStack-CC2530-2 #
#                          .2.0-1.3.0\ZStack-CC2530-2.2.0-1.3.0\Projects\zsta #
#                          ck\Samples\MyfirstAPP\CC2530DB\CoordinatorEB\Obj\" #
#                           -e --require_prototypes --debug --core=plain      #
#                          --dptr=16,1 --data_model=large                     #
#                          --code_model=banked --calling_convention=xdata_ree #
#                          ntrant --place_constants=data_rom                  #
#                          --nr_virtual_regs 8 -I "D:\个人重要资料(勿删)\yuan #
#                          wm\桌面\ZStack-CC2530-2.2.0-1.3.0\ZStack-CC2530-2. #
#                          2.0-1.3.0\Projects\zstack\Samples\MyfirstAPP\CC253 #
#                          0DB\" -I "D:\个人重要资料(勿删)\yuanwm\桌面\ZStack #
#                          -CC2530-2.2.0-1.3.0\ZStack-CC2530-2.2.0-1.3.0\Proj #
#                          ects\zstack\Samples\MyfirstAPP\CC2530DB\..\SOURCE\ #
#                          " -I "D:\个人重要资料(勿删)\yuanwm\桌面\ZStack-CC2 #
#                          530-2.2.0-1.3.0\ZStack-CC2530-2.2.0-1.3.0\Projects #
#                          \zstack\Samples\MyfirstAPP\CC2530DB\..\..\..\ZMAIN #
#                          \TI2530DB\" -I "D:\个人重要资料(勿删)\yuanwm\桌面\ #
#                          ZStack-CC2530-2.2.0-1.3.0\ZStack-CC2530-2.2.0-1.3. #
#                          0\Projects\zstack\Samples\MyfirstAPP\CC2530DB\..\. #
#                          .\..\..\..\COMPONENTS\MT\" -I                      #
#                          "D:\个人重要资料(勿删)\yuanwm\桌面\ZStack-CC2530-2 #
#                          .2.0-1.3.0\ZStack-CC2530-2.2.0-1.3.0\Projects\zsta #
#                          ck\Samples\MyfirstAPP\CC2530DB\..\..\..\..\..\COMP #
#                          ONENTS\HAL\INCLUDE\" -I "D:\个人重要资料(勿删)\yua #
#                          nwm\桌面\ZStack-CC2530-2.2.0-1.3.0\ZStack-CC2530-2 #
#                          .2.0-1.3.0\Projects\zstack\Samples\MyfirstAPP\CC25 #
#                          30DB\..\..\..\..\..\COMPONENTS\HAL\TARGET\CC2530EB #
#                          \" -I "D:\个人重要资料(勿删)\yuanwm\桌面\ZStack-CC #
#                          2530-2.2.0-1.3.0\ZStack-CC2530-2.2.0-1.3.0\Project #
#                          s\zstack\Samples\MyfirstAPP\CC2530DB\..\..\..\..\. #
#                          .\COMPONENTS\OSAL\MCU\CCSOC\" -I                   #
#                          "D:\个人重要资料(勿删)\yuanwm\桌面\ZStack-CC2530-2 #
#                          .2.0-1.3.0\ZStack-CC2530-2.2.0-1.3.0\Projects\zsta #
#                          ck\Samples\MyfirstAPP\CC2530DB\..\..\..\..\..\COMP #
#                          ONENTS\OSAL\INCLUDE\" -I                           #
#                          "D:\个人重要资料(勿删)\yuanwm\桌面\ZStack-CC2530-2 #
#                          .2.0-1.3.0\ZStack-CC2530-2.2.0-1.3.0\Projects\zsta #
#                          ck\Samples\MyfirstAPP\CC2530DB\..\..\..\..\..\COMP #
#                          ONENTS\STACK\AF\" -I "D:\个人重要资料(勿删)\yuanwm #
#                          \桌面\ZStack-CC2530-2.2.0-1.3.0\ZStack-CC2530-2.2. #
#                          0-1.3.0\Projects\zstack\Samples\MyfirstAPP\CC2530D #
#                          B\..\..\..\..\..\COMPONENTS\STACK\NWK\" -I         #
#                          "D:\个人重要资料(勿删)\yuanwm\桌面\ZStack-CC2530-2 #
#                          .2.0-1.3.0\ZStack-CC2530-2.2.0-1.3.0\Projects\zsta #
#                          ck\Samples\MyfirstAPP\CC2530DB\..\..\..\..\..\COMP #
#                          ONENTS\STACK\SEC\" -I "D:\个人重要资料(勿删)\yuanw #
#                          m\桌面\ZStack-CC2530-2.2.0-1.3.0\ZStack-CC2530-2.2 #
#                          .0-1.3.0\Projects\zstack\Samples\MyfirstAPP\CC2530 #
#                          DB\..\..\..\..\..\COMPONENTS\STACK\SAPI\" -I       #
#                          "D:\个人重要资料(勿删)\yuanwm\桌面\ZStack-CC2530-2 #
#                          .2.0-1.3.0\ZStack-CC2530-2.2.0-1.3.0\Projects\zsta #
#                          ck\Samples\MyfirstAPP\CC2530DB\..\..\..\..\..\COMP #
#                          ONENTS\STACK\SYS\" -I "D:\个人重要资料(勿删)\yuanw #
#                          m\桌面\ZStack-CC2530-2.2.0-1.3.0\ZStack-CC2530-2.2 #
#                          .0-1.3.0\Projects\zstack\Samples\MyfirstAPP\CC2530 #
#                          DB\..\..\..\..\..\COMPONENTS\STACK\ZDO\" -I        #
#                          "D:\个人重要资料(勿删)\yuanwm\桌面\ZStack-CC2530-2 #
#                          .2.0-1.3.0\ZStack-CC2530-2.2.0-1.3.0\Projects\zsta #
#                          ck\Samples\MyfirstAPP\CC2530DB\..\..\..\..\..\COMP #
#                          ONENTS\ZMAC\F8W\" -I "D:\个人重要资料(勿删)\yuanwm #
#                          \桌面\ZStack-CC2530-2.2.0-1.3.0\ZStack-CC2530-2.2. #
#                          0-1.3.0\Projects\zstack\Samples\MyfirstAPP\CC2530D #
#                          B\..\..\..\..\..\COMPONENTS\ZMAC\" -I              #
#                          "D:\个人重要资料(勿删)\yuanwm\桌面\ZStack-CC2530-2 #
#                          .2.0-1.3.0\ZStack-CC2530-2.2.0-1.3.0\Projects\zsta #
#                          ck\Samples\MyfirstAPP\CC2530DB\..\..\..\..\..\COMP #
#                          ONENTS\SERVICES\SADDR\" -I                         #
#                          "D:\个人重要资料(勿删)\yuanwm\桌面\ZStack-CC2530-2 #
#                          .2.0-1.3.0\ZStack-CC2530-2.2.0-1.3.0\Projects\zsta #
#                          ck\Samples\MyfirstAPP\CC2530DB\..\..\..\..\..\COMP #
#                          ONENTS\SERVICES\SDATA\" -I                         #
#                          "D:\个人重要资料(勿删)\yuanwm\桌面\ZStack-CC2530-2 #
#                          .2.0-1.3.0\ZStack-CC2530-2.2.0-1.3.0\Projects\zsta #
#                          ck\Samples\MyfirstAPP\CC2530DB\..\..\..\..\..\COMP #
#                          ONENTS\MAC\INCLUDE\" -I "D:\个人重要资料(勿删)\yua #
#                          nwm\桌面\ZStack-CC2530-2.2.0-1.3.0\ZStack-CC2530-2 #
#                          .2.0-1.3.0\Projects\zstack\Samples\MyfirstAPP\CC25 #
#                          30DB\..\..\..\..\..\COMPONENTS\MAC\HIGH_LEVEL\"    #
#                          -I "D:\个人重要资料(勿删)\yuanwm\桌面\ZStack-CC253 #
#                          0-2.2.0-1.3.0\ZStack-CC2530-2.2.0-1.3.0\Projects\z #
#                          stack\Samples\MyfirstAPP\CC2530DB\..\..\..\..\..\C #
#                          OMPONENTS\MAC\LOW_LEVEL\srf04\" -I                 #
#                          "D:\个人重要资料(勿删)\yuanwm\桌面\ZStack-CC2530-2 #
#                          .2.0-1.3.0\ZStack-CC2530-2.2.0-1.3.0\Projects\zsta #
#                          ck\Samples\MyfirstAPP\CC2530DB\..\..\..\..\..\COMP #
#                          ONENTS\MAC\LOW_LEVEL\srf04\SINGLE_CHIP\" -I        #
#                          "C:\Program Files\IAR Systems\Embedded Workbench   #
#                          5.3 Evaluation version\8051\INC\" -I "C:\Program   #
#                          Files\IAR Systems\Embedded Workbench 5.3           #
#                          Evaluation version\8051\INC\CLIB\" -Ohz            #
#    List file          =  D:\个人重要资料(勿删)\yuanwm\桌面\ZStack-CC2530-2. #
#                          2.0-1.3.0\ZStack-CC2530-2.2.0-1.3.0\Projects\zstac #
#                          k\Samples\MyfirstAPP\CC2530DB\CoordinatorEB\List\h #
#                          al_led.lst                                         #
#    Object file        =  D:\个人重要资料(勿删)\yuanwm\桌面\ZStack-CC2530-2. #
#                          2.0-1.3.0\ZStack-CC2530-2.2.0-1.3.0\Projects\zstac #
#                          k\Samples\MyfirstAPP\CC2530DB\CoordinatorEB\Obj\ha #
#                          l_led.r51                                          #
#                                                                             #
#                                                                             #
###############################################################################

D:\个人重要资料(勿删)\yuanwm\桌面\ZStack-CC2530-2.2.0-1.3.0\ZStack-CC2530-2.2.0-1.3.0\Components\hal\target\CC2530EB\hal_led.c
      1          /**************************************************************************************************
      2            Filename:       hal_led.c
      3            Revised:        $Date: 2009-03-13 05:45:44 -0700 (Fri, 13 Mar 2009) $
      4            Revision:       $Revision: 19408 $
      5          
      6            Description:    This file contains the interface to the HAL LED Service.
      7          
      8          
      9            Copyright 2006-2007 Texas Instruments Incorporated. All rights reserved.
     10          
     11            IMPORTANT: Your use of this Software is limited to those specific rights
     12            granted under the terms of a software license agreement between the user
     13            who downloaded the software, his/her employer (which must be your employer)
     14            and Texas Instruments Incorporated (the "License").  You may not use this
     15            Software unless you agree to abide by the terms of the License. The License
     16            limits your use, and you acknowledge, that the Software may not be modified,
     17            copied or distributed unless embedded on a Texas Instruments microcontroller
     18            or used solely and exclusively in conjunction with a Texas Instruments radio
     19            frequency transceiver, which is integrated into your product.  Other than for
     20            the foregoing purpose, you may not use, reproduce, copy, prepare derivative
     21            works of, modify, distribute, perform, display or sell this Software and/or
     22            its documentation for any purpose.
     23          
     24            YOU FURTHER ACKNOWLEDGE AND AGREE THAT THE SOFTWARE AND DOCUMENTATION ARE
     25            PROVIDED AS IS?WITHOUT WARRANTY OF ANY KIND, EITHER EXPRESS OR IMPLIED,
     26            INCLUDING WITHOUT LIMITATION, ANY WARRANTY OF MERCHANTABILITY, TITLE,
     27            NON-INFRINGEMENT AND FITNESS FOR A PARTICULAR PURPOSE. IN NO EVENT SHALL
     28            TEXAS INSTRUMENTS OR ITS LICENSORS BE LIABLE OR OBLIGATED UNDER CONTRACT,
     29            NEGLIGENCE, STRICT LIABILITY, CONTRIBUTION, BREACH OF WARRANTY, OR OTHER
     30            LEGAL EQUITABLE THEORY ANY DIRECT OR INDIRECT DAMAGES OR EXPENSES
     31            INCLUDING BUT NOT LIMITED TO ANY INCIDENTAL, SPECIAL, INDIRECT, PUNITIVE
     32            OR CONSEQUENTIAL DAMAGES, LOST PROFITS OR LOST DATA, COST OF PROCUREMENT
     33            OF SUBSTITUTE GOODS, TECHNOLOGY, SERVICES, OR ANY CLAIMS BY THIRD PARTIES
     34            (INCLUDING BUT NOT LIMITED TO ANY DEFENSE THEREOF), OR OTHER SIMILAR COSTS.
     35          
     36            Should you have any questions regarding your right to use this Software,
     37            contact Texas Instruments Incorporated at www.TI.com.
     38          **************************************************************************************************/
     39          
     40          /***************************************************************************************************
     41           *                                             INCLUDES
     42           ***************************************************************************************************/
     43          #include "hal_mcu.h"

   \                                 In  segment SFR_AN, at 0x90
   \   union <unnamed> volatile __sfr _A_P1
   \                     _A_P1:
   \   000000                DS 1

   \                                 In  segment SFR_AN, at 0xfe
   \   unsigned char volatile __sfr P1DIR
   \                     P1DIR:
   \   000000                DS 1
     44          #include "hal_defs.h"
     45          #include "hal_types.h"
     46          #include "hal_drivers.h"
     47          #include "hal_led.h"
     48          #include "osal.h"
     49          #include "hal_board.h"
     50          
     51          /***************************************************************************************************
     52           *                                             CONSTANTS
     53           ***************************************************************************************************/
     54          
     55          /***************************************************************************************************
     56           *                                              MACROS
     57           ***************************************************************************************************/
     58          
     59          /***************************************************************************************************
     60           *                                              TYPEDEFS
     61           ***************************************************************************************************/
     62          /* LED control structure */
     63          typedef struct {
     64            uint8 mode;       /* Operation mode */
     65            uint8 todo;       /* Blink cycles left */
     66            uint8 onPct;      /* On cycle percentage */
     67            uint16 time;      /* On/off cycle time (msec) */
     68            uint32 next;      /* Time for next change */
     69          } HalLedControl_t;
     70          
     71          typedef struct
     72          {
     73            HalLedControl_t HalLedControlTable[HAL_LED_DEFAULT_MAX_LEDS];
     74            uint8           sleepActive;
     75          } HalLedStatus_t;
     76          
     77          
     78          /***************************************************************************************************
     79           *                                           GLOBAL VARIABLES
     80           ***************************************************************************************************/
     81          
     82          

   \                                 In  segment XDATA_Z, align 1, keep-with-next
     83          static uint8 HalLedState;              // LED state at last set/clr/blink update
   \                     HalLedState:
   \   000000                DS 1
   \   000001                REQUIRE __INIT_XDATA_Z
     84          
     85          #if HAL_LED == TRUE

   \                                 In  segment XDATA_Z, align 1, keep-with-next
     86          static uint8 HalSleepLedState;         // LED state at last set/clr/blink update
   \                     HalSleepLedState:
   \   000000                DS 1
   \   000001                REQUIRE __INIT_XDATA_Z

   \                                 In  segment XDATA_Z, align 1, keep-with-next
     87          static uint8 preBlinkState;            // Original State before going to blink mode
   \                     preBlinkState:
   \   000000                DS 1
   \   000001                REQUIRE __INIT_XDATA_Z
     88                                                 // bit 0, 1, 2, 3 represent led 0, 1, 2, 3
     89          #endif
     90          
     91          #ifdef BLINK_LEDS

   \                                 In  segment XDATA_Z, align 1, keep-with-next
     92            static HalLedStatus_t HalLedStatusControl;
   \                     HalLedStatusControl:
   \   000000                DS 37
   \   000025                REQUIRE __INIT_XDATA_Z
     93          #endif
     94          
     95          /***************************************************************************************************
     96           *                                            LOCAL FUNCTION
     97           ***************************************************************************************************/
     98          #if (HAL_LED == TRUE)
     99          void HalLedUpdate (void);
    100          void HalLedOnOff (uint8 leds, uint8 mode);
    101          #endif /* HAL_LED */
    102          
    103          /***************************************************************************************************
    104           *                                            FUNCTIONS - API
    105           ***************************************************************************************************/
    106          
    107          /***************************************************************************************************
    108           * @fn      HalLedInit
    109           *
    110           * @brief   Initialize LED Service
    111           *
    112           * @param   init - pointer to void that contains the initialized value
    113           *
    114           * @return  None
    115           ***************************************************************************************************/

   \                                 In  segment BANKED_CODE, align 1, keep-with-next
    116          void HalLedInit (void)
   \                     HalLedInit:
    117          {
   \   000000   C082         PUSH    DPL
   \   000002   C083         PUSH    DPH
   \   000004                ; Saved register size: 2
   \   000004                ; Auto size: 0
    118             P1DIR |= 0x0f;//自己添加
   \   000004   43FE0F       ORL     0xfe,#0xf
   \   000007   E5FE         MOV     A,0xfe
    119          #if (HAL_LED == TRUE)
    120            /* Initialize all LEDs to OFF */
    121            HalLedSet (HAL_LED_ALL, HAL_LED_MODE_OFF);
   \   000009                ; Setup parameters for call to function HalLedSet
   \   000009   7A00         MOV     R2,#0x0
   \   00000B   790F         MOV     R1,#0xf
   \   00000D   12....       LCALL   ??HalLedSet?relay
    122          #endif /* HAL_LED */
    123          #ifdef BLINK_LEDS
    124            /* Initialize sleepActive to FALSE */
    125            HalLedStatusControl.sleepActive = FALSE;
   \   000010   02....       LJMP    ?Subroutine6 & 0xFFFF
   \   000013                REQUIRE P1DIR
    126          #endif
    127           
    128          }

   \                                 In  segment BANKED_CODE, align 1, keep-with-next
   \                     ?Subroutine6:
   \   000000   E4           CLR     A
   \   000001   90....       MOV     DPTR,#(HalLedStatusControl + 36)
   \   000004                REQUIRE ??Subroutine10_0
   \   000004                ; // Fall through to label ??Subroutine10_0

   \                                 In  segment BANKED_CODE, align 1, keep-with-next
   \                     ??Subroutine10_0:
   \   000000   F0           MOVX    @DPTR,A
   \   000001                REQUIRE ??Subroutine11_0
   \   000001                ; // Fall through to label ??Subroutine11_0

   \                                 In  segment BANKED_CODE, align 1, keep-with-next
   \                     ??Subroutine11_0:
   \   000000   D083         POP     DPH
   \   000002   D082         POP     DPL
   \   000004   02....       LJMP    ?BRET
    129          
    130          /***************************************************************************************************
    131           * @fn      HalLedSet
    132           *
    133           * @brief   Tun ON/OFF/TOGGLE given LEDs
    134           *
    135           * @param   led - bit mask value of leds to be turned ON/OFF/TOGGLE
    136           *          mode - BLINK, FLASH, TOGGLE, ON, OFF
    137           * @return  None
    138           ***************************************************************************************************/

   \                                 In  segment BANKED_CODE, align 1, keep-with-next
    139          uint8 HalLedSet (uint8 leds, uint8 mode)
   \                     HalLedSet:
    140          {
   \   000000   74F5         MOV     A,#-0xb
   \   000002   12....       LCALL   ?BANKED_ENTER_XDATA
   \   000005                ; Saved register size: 11
   \   000005                ; Auto size: 0
   \   000005   89..         MOV     ?V0 + 0,R1
   \   000007   8A..         MOV     ?V0 + 1,R2
    141          
    142          #if (defined (BLINK_LEDS)) && (HAL_LED == TRUE)
    143            uint8 led;
    144            HalLedControl_t *sts;
    145            switch (mode)
   \   000009   EA           MOV     A,R2
   \   00000A   12....       LCALL   ?UC_SWITCH_SPARSE
   \                     `?<Jumptable for HalLedSet>_0`:
   \   00000D   01           DB        1
   \   00000E   00           DB        0
   \   00000F   01           DB        1
   \   000010   ....         DW        ??HalLedSet_0
   \   000012   03           DB        3
   \   000013   02           DB        2
   \   000014   ....         DW        ??HalLedSet_1
   \   000016   04           DB        4
   \   000017   ....         DW        ??HalLedSet_2
   \   000019   08           DB        8
   \   00001A   ....         DW        ??HalLedSet_0
   \   00001C   ....         DW        ??HalLedSet_3
    146            {
    147              case HAL_LED_MODE_BLINK:
    148                // Default blink, 1 time, D% duty cycle 
    149                HalLedBlink (leds, 1, HAL_LED_DEFAULT_DUTY_CYCLE, HAL_LED_DEFAULT_FLASH_TIME);
   \                     ??HalLedSet_1:
   \   00001E                ; Setup parameters for call to function HalLedBlink
   \   00001E   7CE8         MOV     R4,#-0x18
   \   000020   7D03         MOV     R5,#0x3
   \   000022   7B05         MOV     R3,#0x5
   \   000024   7A01         MOV     R2,#0x1
   \                     ??HalLedSet_4:
   \   000026   12....       LCALL   ??HalLedBlink?relay
    150                break;
    151          
    152              case HAL_LED_MODE_FLASH:
    153                // Default flash, N times, D% duty cycle 
    154                HalLedBlink (leds, HAL_LED_DEFAULT_FLASH_COUNT, HAL_LED_DEFAULT_DUTY_CYCLE, HAL_LED_DEFAULT_FLASH_TIME);
    155                break;
    156          
    157              case HAL_LED_MODE_ON:
    158                /****************
    159                自己添加的程序
    160                ****************/
    161               /* if (leds & HAL_LED_1)
    162                {
    163                  P1DIR |= 0x01;
    164                  P1_0 = 0;
    165                    break;
    166                }
    167                  if (leds & HAL_LED_2)
    168                {
    169                  P1DIR |= 0x02;
    170                    P1_1 = 0;
    171                    break;
    172                }
    173                  if (leds & HAL_LED_3)
    174                {
    175                  P1DIR |= 0x03;
    176                    P1_2 = 0;
    177                    break;
    178                }
    179                  if (leds & HAL_LED_4)
    180                {
    181                  P1DIR |= 0x04;
    182                    P1_3 = 0;
    183                    break;
    184                }
    185                break;*/
    186                
    187                
    188               
    189              case HAL_LED_MODE_OFF:
    190               
    191               /* if (leds & HAL_LED_1)
    192                {
    193                  P1DIR |= 0x01;
    194                  P1_0 = 1;
    195                    break;
    196                }
    197                  if (leds & HAL_LED_2)
    198                {
    199                  P1DIR |= 0x02;
    200                    P1_1 = 1;
    201                    break;
    202                }
    203                  if (leds & HAL_LED_3)
    204                {
    205                  P1DIR |= 0x03;
    206                    P1_2 = 1;
    207                    break;
    208                }
    209                  if (leds & HAL_LED_4)
    210                {
    211                  P1DIR |= 0x04;
    212                    P1_3 = 1;
    213                    break;
    214                }
    215                break;*/
    216                
    217              case HAL_LED_MODE_TOGGLE:
    218          
    219                led = HAL_LED_1;
    220                leds &= HAL_LED_ALL;
    221                sts = HalLedStatusControl.HalLedControlTable;
    222          
    223                while (leds)
    224                {
    225                  if (leds & led)
    226                  {
    227                    if (mode != HAL_LED_MODE_TOGGLE)
    228                    {
    229                      sts->mode = mode;  // ON or OFF 
    230                    }
    231                    else
    232                    {
    233                      sts->mode ^= HAL_LED_MODE_ON;  // Toggle 
    234                    }
    235                    HalLedOnOff (led, sts->mode);
    236                    leds ^= led;
    237                  }
    238                  led <<= 1;
    239                  sts++;
    240                }
    241                break;
    242          
    243              default:
    244                break;
    245            }
    246          
    247          #elif (HAL_LED == TRUE)
    248          
    249            HalLedOnOff(leds, mode);
    250          #else
    251            // HAL LED is disabled, suppress unused argument warnings
    252            (void) leds;
    253            (void) mode;
    254          #endif /* BLINK_LEDS && HAL_LED   */
    255           
    256            return ( HalLedState );
   \                     ??HalLedSet_3:
   \   000029   90....       MOV     DPTR,#HalLedState
   \   00002C   E0           MOVX    A,@DPTR
   \   00002D   F9           MOV     R1,A
   \   00002E   7F03         MOV     R7,#0x3
   \   000030   02....       LJMP    ?BANKED_LEAVE_XDATA
   \                     ??HalLedSet_2:
   \   000033                ; Setup parameters for call to function HalLedBlink
   \   000033   7CE8         MOV     R4,#-0x18
   \   000035   7D03         MOV     R5,#0x3
   \   000037   7B05         MOV     R3,#0x5
   \   000039   7A32         MOV     R2,#0x32
   \   00003B   80E9         SJMP    ??HalLedSet_4
   \                     ??HalLedSet_0:
   \   00003D   75..01       MOV     ?V0 + 2,#0x1
   \   000040   53..0F       ANL     ?V0 + 0,#0xf
   \   000043   7E..         MOV     R6,#(HalLedStatusControl & 0xff)
   \   000045   7F..         MOV     R7,#((HalLedStatusControl >> 8) & 0xff)
   \   000047   801D         SJMP    ??HalLedSet_5
   \                     ??HalLedSet_6:
   \   000049   E0           MOVX    A,@DPTR
   \   00004A   6401         XRL     A,#0x1
   \                     ??HalLedSet_7:
   \   00004C   F0           MOVX    @DPTR,A
   \   00004D                ; Setup parameters for call to function HalLedOnOff
   \   00004D   E0           MOVX    A,@DPTR
   \   00004E   FA           MOV     R2,A
   \   00004F   A9..         MOV     R1,?V0 + 2
   \   000051   12....       LCALL   ??HalLedOnOff?relay
   \   000054   E5..         MOV     A,?V0 + 2
   \   000056   62..         XRL     ?V0 + 0,A
   \                     ??HalLedSet_8:
   \   000058   E5..         MOV     A,?V0 + 2
   \   00005A   C3           CLR     C
   \   00005B   33           RLC     A
   \   00005C   F5..         MOV     ?V0 + 2,A
   \   00005E   EE           MOV     A,R6
   \   00005F   2409         ADD     A,#0x9
   \   000061   FE           MOV     R6,A
   \   000062   EF           MOV     A,R7
   \   000063   3400         ADDC    A,#0x0
   \   000065   FF           MOV     R7,A
   \                     ??HalLedSet_5:
   \   000066   E5..         MOV     A,?V0 + 0
   \   000068   60BF         JZ      ??HalLedSet_3
   \   00006A   E5..         MOV     A,?V0 + 2
   \   00006C   55..         ANL     A,?V0 + 0
   \   00006E   60E8         JZ      ??HalLedSet_8
   \   000070   7408         MOV     A,#0x8
   \   000072   65..         XRL     A,?V0 + 1
   \   000074   8E82         MOV     DPL,R6
   \   000076   8F83         MOV     DPH,R7
   \   000078   60CF         JZ      ??HalLedSet_6
   \   00007A   E5..         MOV     A,?V0 + 1
   \   00007C   80CE         SJMP    ??HalLedSet_7
    257          
    258          }
    259          
    260          /***************************************************************************************************
    261           * @fn      HalLedBlink
    262           *
    263           * @brief   Blink the leds
    264           *
    265           * @param   leds       - bit mask value of leds to be blinked
    266           *          numBlinks  - number of blinks
    267           *          percent    - the percentage in each period where the led
    268           *                       will be on
    269           *          period     - length of each cycle in milliseconds
    270           *
    271           * @return  None
    272           ***************************************************************************************************/

   \                                 In  segment BANKED_CODE, align 1, keep-with-next
    273          void HalLedBlink (uint8 leds, uint8 numBlinks, uint8 percent, uint16 period)
   \                     HalLedBlink:
    274          {
   \   000000   74F0         MOV     A,#-0x10
   \   000002   12....       LCALL   ?BANKED_ENTER_XDATA
   \   000005                ; Saved register size: 16
   \   000005                ; Auto size: 4
   \   000005   74FC         MOV     A,#-0x4
   \   000007   12....       LCALL   ?ALLOC_XSTACK8
   \   00000A   7401         MOV     A,#0x1
   \   00000C   12....       LCALL   ?XSTACK_DISP0_8
   \   00000F   EA           MOV     A,R2
   \   000010   F0           MOVX    @DPTR,A
   \   000011   EB           MOV     A,R3
   \   000012   85..82       MOV     DPL,?XSP + 0
   \   000015   85..83       MOV     DPH,?XSP + 1
   \   000018   F0           MOVX    @DPTR,A
   \   000019   7402         MOV     A,#0x2
   \   00001B   12....       LCALL   ?XSTACK_DISP0_8
   \   00001E   EC           MOV     A,R4
   \   00001F   F0           MOVX    @DPTR,A
   \   000020   A3           INC     DPTR
   \   000021   ED           MOV     A,R5
   \   000022   F0           MOVX    @DPTR,A
   \   000023   89..         MOV     ?V0 + 0,R1
    275          #if (defined (BLINK_LEDS)) && (HAL_LED == TRUE)
    276            uint8 led;
    277            HalLedControl_t *sts;
    278          
    279            if (leds && percent && period)
   \   000025   E9           MOV     A,R1
   \   000026   7003         JNZ     $+5
   \   000028   02....       LJMP    ??HalLedBlink_0 & 0xFFFF
   \   00002B   85..82       MOV     DPL,?XSP + 0
   \   00002E   85..83       MOV     DPH,?XSP + 1
   \   000031   E0           MOVX    A,@DPTR
   \   000032   7003         JNZ     $+5
   \   000034   02....       LJMP    ??HalLedBlink_0 & 0xFFFF
   \   000037   7402         MOV     A,#0x2
   \   000039   12....       LCALL   ?XSTACK_DISP0_8
   \   00003C   E0           MOVX    A,@DPTR
   \   00003D   7002         JNZ     ??HalLedBlink_1
   \   00003F   A3           INC     DPTR
   \   000040   E0           MOVX    A,@DPTR
   \                     ??HalLedBlink_1:
   \   000041   7003         JNZ     $+5
   \   000043   02....       LJMP    ??HalLedBlink_0 & 0xFFFF
    280            {
    281              if (percent < 100)
   \   000046   85..82       MOV     DPL,?XSP + 0
   \   000049   85..83       MOV     DPH,?XSP + 1
   \   00004C   E0           MOVX    A,@DPTR
   \   00004D   C3           CLR     C
   \   00004E   9464         SUBB    A,#0x64
   \   000050   4003         JC      $+5
   \   000052   02....       LJMP    ??HalLedBlink_2 & 0xFFFF
    282              {
    283                led = HAL_LED_1;
   \   000055   75..01       MOV     ?V0 + 1,#0x1
    284                leds &= HAL_LED_ALL;
   \   000058   53..0F       ANL     ?V0 + 0,#0xf
    285                sts = HalLedStatusControl.HalLedControlTable;
   \   00005B   75....       MOV     ?V0 + 2,#(HalLedStatusControl & 0xff)
   \   00005E   75....       MOV     ?V0 + 3,#((HalLedStatusControl >> 8) & 0xff)
   \   000061   02....       LJMP    ??HalLedBlink_3 & 0xFFFF
    286          
    287                while (leds)
    288                {
    289                  if (leds & led)
   \                     ??HalLedBlink_4:
   \   000064   E5..         MOV     A,?V0 + 1
   \   000066   55..         ANL     A,?V0 + 0
   \   000068   6079         JZ      ??HalLedBlink_5
    290                  {
    291                    /* Store the current state of the led before going to blinking */
    292                    preBlinkState |= (led & HalLedState);
   \   00006A   90....       MOV     DPTR,#HalLedState
   \   00006D   E0           MOVX    A,@DPTR
   \   00006E   55..         ANL     A,?V0 + 1
   \   000070   FA           MOV     R2,A
   \   000071   90....       MOV     DPTR,#preBlinkState
   \   000074   E0           MOVX    A,@DPTR
   \   000075   4A           ORL     A,R2
   \   000076   F0           MOVX    @DPTR,A
    293          
    294                    sts->mode  = HAL_LED_MODE_OFF;                    /* Stop previous blink */
   \   000077   E4           CLR     A
   \   000078   85..82       MOV     DPL,?V0 + 2
   \   00007B   85..83       MOV     DPH,?V0 + 3
   \   00007E   F0           MOVX    @DPTR,A
    295                    sts->time  = period;                              /* Time for one on/off cycle */
   \   00007F   7402         MOV     A,#0x2
   \   000081   12....       LCALL   ?XSTACK_DISP0_8
   \   000084   E0           MOVX    A,@DPTR
   \   000085   F8           MOV     R0,A
   \   000086   A3           INC     DPTR
   \   000087   E0           MOVX    A,@DPTR
   \   000088   F9           MOV     R1,A
   \   000089   85..82       MOV     DPL,?V0 + 2
   \   00008C   85..83       MOV     DPH,?V0 + 3
   \   00008F   A3           INC     DPTR
   \   000090   A3           INC     DPTR
   \   000091   A3           INC     DPTR
   \   000092   E8           MOV     A,R0
   \   000093   F0           MOVX    @DPTR,A
   \   000094   A3           INC     DPTR
   \   000095   E9           MOV     A,R1
   \   000096   F0           MOVX    @DPTR,A
    296                    sts->onPct = percent;                             /* % of cycle LED is on */
   \   000097   85..82       MOV     DPL,?XSP + 0
   \   00009A   85..83       MOV     DPH,?XSP + 1
   \   00009D   12....       LCALL   ?Subroutine4 & 0xFFFF
   \                     ??CrossCallReturnLabel_4:
   \   0000A0   A3           INC     DPTR
   \   0000A1   F0           MOVX    @DPTR,A
    297                    sts->todo  = numBlinks;                           /* Number of blink cycles */
   \   0000A2   7401         MOV     A,#0x1
   \   0000A4   12....       LCALL   ?XSTACK_DISP0_8
   \   0000A7   12....       LCALL   ?Subroutine4 & 0xFFFF
   \                     ??CrossCallReturnLabel_5:
   \   0000AA   F0           MOVX    @DPTR,A
    298                    if (!numBlinks) sts->mode |= HAL_LED_MODE_FLASH;  /* Continuous */
   \   0000AB   7401         MOV     A,#0x1
   \   0000AD   12....       LCALL   ?XSTACK_DISP0_8
   \   0000B0   E0           MOVX    A,@DPTR
   \   0000B1   7009         JNZ     ??HalLedBlink_6
   \   0000B3   7404         MOV     A,#0x4
   \   0000B5   85..82       MOV     DPL,?V0 + 2
   \   0000B8   85..83       MOV     DPH,?V0 + 3
   \   0000BB   F0           MOVX    @DPTR,A
    299                    sts->next = osal_GetSystemClock();                /* Start now */
   \                     ??HalLedBlink_6:
   \   0000BC                ; Setup parameters for call to function osal_GetSystemClock
   \   0000BC   12....       LCALL   ??osal_GetSystemClock?relay
   \   0000BF   85..82       MOV     DPL,?V0 + 2
   \   0000C2   85..83       MOV     DPH,?V0 + 3
   \   0000C5   A3           INC     DPTR
   \   0000C6   A3           INC     DPTR
   \   0000C7   A3           INC     DPTR
   \   0000C8   A3           INC     DPTR
   \   0000C9   A3           INC     DPTR
   \   0000CA   EA           MOV     A,R2
   \   0000CB   F0           MOVX    @DPTR,A
   \   0000CC   A3           INC     DPTR
   \   0000CD   EB           MOV     A,R3
   \   0000CE   F0           MOVX    @DPTR,A
   \   0000CF   A3           INC     DPTR
   \   0000D0   EC           MOV     A,R4
   \   0000D1   F0           MOVX    @DPTR,A
   \   0000D2   A3           INC     DPTR
   \   0000D3   ED           MOV     A,R5
   \   0000D4   F0           MOVX    @DPTR,A
    300                    sts->mode |= HAL_LED_MODE_BLINK;                  /* Enable blinking */
   \   0000D5   85..82       MOV     DPL,?V0 + 2
   \   0000D8   85..83       MOV     DPH,?V0 + 3
   \   0000DB   E0           MOVX    A,@DPTR
   \   0000DC   D2E1         SETB    0xE0 /* A   */.1
   \   0000DE   F0           MOVX    @DPTR,A
    301                    leds ^= led;
   \   0000DF   E5..         MOV     A,?V0 + 1
   \   0000E1   62..         XRL     ?V0 + 0,A
    302                  }
    303                  led <<= 1;
   \                     ??HalLedBlink_5:
   \   0000E3   E5..         MOV     A,?V0 + 1
   \   0000E5   C3           CLR     C
   \   0000E6   33           RLC     A
   \   0000E7   F5..         MOV     ?V0 + 1,A
    304                  sts++;
   \   0000E9   E5..         MOV     A,?V0 + 2
   \   0000EB   2409         ADD     A,#0x9
   \   0000ED   F5..         MOV     ?V0 + 2,A
   \   0000EF   E5..         MOV     A,?V0 + 3
   \   0000F1   3400         ADDC    A,#0x0
   \   0000F3   F5..         MOV     ?V0 + 3,A
    305                }
   \                     ??HalLedBlink_3:
   \   0000F5   E5..         MOV     A,?V0 + 0
   \   0000F7   6003         JZ      $+5
   \   0000F9   02....       LJMP    ??HalLedBlink_4 & 0xFFFF
    306                osal_set_event (Hal_TaskID, HAL_LED_BLINK_EVENT);
   \   0000FC                ; Setup parameters for call to function osal_set_event
   \   0000FC   7A02         MOV     R2,#0x2
   \   0000FE   7B00         MOV     R3,#0x0
   \   000100   90....       MOV     DPTR,#Hal_TaskID
   \   000103   E0           MOVX    A,@DPTR
   \   000104   F9           MOV     R1,A
   \   000105   12....       LCALL   ??osal_set_event?relay
   \   000108   8009         SJMP    ??HalLedBlink_7
    307              }
    308              else
    309              {
    310                HalLedSet (leds, HAL_LED_MODE_ON);                    /* >= 100%, turn on */
   \                     ??HalLedBlink_2:
   \   00010A                ; Setup parameters for call to function HalLedSet
   \   00010A   7A01         MOV     R2,#0x1
   \   00010C   8002         SJMP    ??HalLedBlink_8
    311              }
    312            }
    313            else
    314            {
    315              HalLedSet (leds, HAL_LED_MODE_OFF);                     /* No on time, turn off */
   \                     ??HalLedBlink_0:
   \   00010E                ; Setup parameters for call to function HalLedSet
   \   00010E   7A00         MOV     R2,#0x0
   \                     ??HalLedBlink_8:
   \   000110   12....       LCALL   ??HalLedSet?relay
    316            }
    317          #elif (HAL_LED == TRUE)
    318            percent = (leds & HalLedState) ? HAL_LED_MODE_OFF : HAL_LED_MODE_ON;
    319            HalLedOnOff (leds, percent);                              /* Toggle */
    320          #else
    321            // HAL LED is disabled, suppress unused argument warnings
    322            (void) leds;
    323            (void) numBlinks;
    324            (void) percent;
    325            (void) period;
    326            P1_3 = 0;
    327          #endif /* BLINK_LEDS && HAL_LED */
    328          }
   \                     ??HalLedBlink_7:
   \   000113   7404         MOV     A,#0x4
   \   000115                REQUIRE ?Subroutine7
   \   000115                ; // Fall through to label ?Subroutine7

   \                                 In  segment BANKED_CODE, align 1, keep-with-next
   \                     ?Subroutine7:
   \   000000   12....       LCALL   ?DEALLOC_XSTACK8
   \   000003   7F08         MOV     R7,#0x8
   \   000005   02....       LJMP    ?BANKED_LEAVE_XDATA

   \                                 In  segment BANKED_CODE, align 1, keep-with-next
   \                     ?Subroutine4:
   \   000000   E0           MOVX    A,@DPTR
   \   000001   85..82       MOV     DPL,?V0 + 2
   \   000004   85..83       MOV     DPH,?V0 + 3
   \   000007   A3           INC     DPTR
   \   000008   22           RET
    329          
    330          #if (HAL_LED == TRUE)
    331          /***************************************************************************************************
    332           * @fn      HalLedUpdate
    333           *
    334           * @brief   Update leds to work with blink
    335           *
    336           * @param   none
    337           *
    338           * @return  none
    339           ***************************************************************************************************/

   \                                 In  segment BANKED_CODE, align 1, keep-with-next
    340          void HalLedUpdate (void)
   \                     HalLedUpdate:
    341          {
   \   000000   74F0         MOV     A,#-0x10
   \   000002   12....       LCALL   ?BANKED_ENTER_XDATA
   \   000005                ; Saved register size: 16
   \   000005                ; Auto size: 12
   \   000005   74F4         MOV     A,#-0xc
   \   000007   12....       LCALL   ?ALLOC_XSTACK8
    342            uint8 led;
    343            uint8 pct;
    344            uint8 leds;
    345            HalLedControl_t *sts;
    346            uint32 time;
    347            uint16 next;
    348            uint16 wait;
    349          
    350            next = 0;
   \   00000A   7404         MOV     A,#0x4
   \   00000C   12....       LCALL   ?XSTACK_DISP0_8
   \   00000F   E4           CLR     A
   \   000010   F0           MOVX    @DPTR,A
   \   000011   A3           INC     DPTR
   \   000012   F0           MOVX    @DPTR,A
    351            led  = HAL_LED_1;
   \   000013   7401         MOV     A,#0x1
   \   000015   85..82       MOV     DPL,?XSP + 0
   \   000018   85..83       MOV     DPH,?XSP + 1
   \   00001B   F0           MOVX    @DPTR,A
    352            leds = HAL_LED_ALL;
   \   00001C   7403         MOV     A,#0x3
   \   00001E   12....       LCALL   ?XSTACK_DISP0_8
   \   000021   740F         MOV     A,#0xf
   \   000023   F0           MOVX    @DPTR,A
    353            sts = HalLedStatusControl.HalLedControlTable;
   \   000024   7401         MOV     A,#0x1
   \   000026   12....       LCALL   ?XSTACK_DISP0_8
   \   000029   74..         MOV     A,#(HalLedStatusControl & 0xff)
   \   00002B   F0           MOVX    @DPTR,A
   \   00002C   A3           INC     DPTR
   \   00002D   74..         MOV     A,#((HalLedStatusControl >> 8) & 0xff)
   \   00002F   F0           MOVX    @DPTR,A
    354          
    355            /* Check if sleep is active or not */
    356            if (!HalLedStatusControl.sleepActive)
   \   000030   90....       MOV     DPTR,#(HalLedStatusControl + 36)
   \   000033   E0           MOVX    A,@DPTR
   \   000034   6003         JZ      $+5
   \   000036   02....       LJMP    ??HalLedUpdate_0 & 0xFFFF
    357            {
    358              while (leds)
    359              {
    360                if (leds & led)
   \                     ??HalLedUpdate_1:
   \   000039   85..82       MOV     DPL,?XSP + 0
   \   00003C   85..83       MOV     DPH,?XSP + 1
   \   00003F   E0           MOVX    A,@DPTR
   \   000040   C0E0         PUSH    A
   \   000042   7403         MOV     A,#0x3
   \   000044   12....       LCALL   ?XSTACK_DISP0_8
   \   000047   D0E0         POP     A
   \   000049   FA           MOV     R2,A
   \   00004A   E0           MOVX    A,@DPTR
   \   00004B   5A           ANL     A,R2
   \   00004C   7003         JNZ     $+5
   \   00004E   02....       LJMP    ??HalLedUpdate_2 & 0xFFFF
    361                {
    362                  if (sts->mode & HAL_LED_MODE_BLINK)
   \   000051   7401         MOV     A,#0x1
   \   000053   12....       LCALL   ?XSTACK_DISP0_8
   \   000056   12....       LCALL   ?Subroutine0 & 0xFFFF
   \                     ??CrossCallReturnLabel_0:
   \   000059   4003         JC      $+5
   \   00005B   02....       LJMP    ??HalLedUpdate_3 & 0xFFFF
    363                  {
    364                    time = osal_GetSystemClock();
   \   00005E                ; Setup parameters for call to function osal_GetSystemClock
   \   00005E   12....       LCALL   ??osal_GetSystemClock?relay
   \   000061   8A..         MOV     ?V0 + 0,R2
   \   000063   8B..         MOV     ?V0 + 1,R3
   \   000065   8C..         MOV     ?V0 + 2,R4
   \   000067   8D..         MOV     ?V0 + 3,R5
   \   000069   7408         MOV     A,#0x8
   \   00006B   12....       LCALL   ?XSTACK_DISP0_8
   \   00006E   78..         MOV     R0,#?V0 + 0
   \   000070   12....       LCALL   ?L_MOV_TO_X
    365                    if (time >= sts->next)
   \   000073   7401         MOV     A,#0x1
   \   000075   12....       LCALL   ?XSTACK_DISP0_8
   \   000078   E0           MOVX    A,@DPTR
   \   000079   2405         ADD     A,#0x5
   \   00007B   F8           MOV     R0,A
   \   00007C   A3           INC     DPTR
   \   00007D   E0           MOVX    A,@DPTR
   \   00007E   3400         ADDC    A,#0x0
   \   000080   F9           MOV     R1,A
   \   000081   7406         MOV     A,#0x6
   \   000083   12....       LCALL   ?XSTACK_DISP0_8
   \   000086   E8           MOV     A,R0
   \   000087   F0           MOVX    @DPTR,A
   \   000088   A3           INC     DPTR
   \   000089   E9           MOV     A,R1
   \   00008A   F0           MOVX    @DPTR,A
   \   00008B   7406         MOV     A,#0x6
   \   00008D   12....       LCALL   ?XSTACK_DISP0_8
   \   000090   12....       LCALL   ?Subroutine2 & 0xFFFF
   \                     ??CrossCallReturnLabel_2:
   \   000093   12....       LCALL   ?L_MOV_X
   \   000096   7408         MOV     A,#0x8
   \   000098   12....       LCALL   ?XSTACK_DISP0_8
   \   00009B   78..         MOV     R0,#?V0 + 0
   \   00009D   12....       LCALL   ?UL_GT_X
   \   0000A0   5003         JNC     $+5
   \   0000A2   02....       LJMP    ??HalLedUpdate_4 & 0xFFFF
    366                    {
    367                      if (sts->mode & HAL_LED_MODE_ON)
   \   0000A5   7401         MOV     A,#0x1
   \   0000A7   12....       LCALL   ?XSTACK_DISP0_8
   \   0000AA   12....       LCALL   ?Subroutine5 & 0xFFFF
   \                     ??CrossCallReturnLabel_6:
   \   0000AD   A3           INC     DPTR
   \   0000AE   A3           INC     DPTR
   \   0000AF   E0           MOVX    A,@DPTR
   \   0000B0   FA           MOV     R2,A
   \   0000B1   7401         MOV     A,#0x1
   \   0000B3   12....       LCALL   ?XSTACK_DISP0_8
   \   0000B6   12....       LCALL   ??Subroutine9_0 & 0xFFFF
   \                     ??CrossCallReturnLabel_12:
   \   0000B9   A2E0         MOV     C,0xE0 /* A   */.0
   \   0000BB   5046         JNC     ??HalLedUpdate_5
    368                      {
    369                        pct = 100 - sts->onPct;               /* Percentage of cycle for off */
   \   0000BD   7464         MOV     A,#0x64
   \   0000BF   C3           CLR     C
   \   0000C0   9A           SUBB    A,R2
   \   0000C1   F5..         MOV     ?V0 + 4,A
    370                        sts->mode &= ~HAL_LED_MODE_ON;        /* Say it's not on */
   \   0000C3   7401         MOV     A,#0x1
   \   0000C5   12....       LCALL   ?XSTACK_DISP0_8
   \   0000C8   12....       LCALL   ??Subroutine9_0 & 0xFFFF
   \                     ??CrossCallReturnLabel_13:
   \   0000CB   C2E0         CLR     0xE0 /* A   */.0
   \   0000CD   F0           MOVX    @DPTR,A
    371                        HalLedOnOff (led, HAL_LED_MODE_OFF);  /* Turn it off */
   \   0000CE                ; Setup parameters for call to function HalLedOnOff
   \   0000CE   7A00         MOV     R2,#0x0
   \   0000D0   12....       LCALL   ?Subroutine3 & 0xFFFF
    372          
    373                        if (!(sts->mode & HAL_LED_MODE_FLASH))
   \                     ??CrossCallReturnLabel_9:
   \   0000D3   7401         MOV     A,#0x1
   \   0000D5   12....       LCALL   ?XSTACK_DISP0_8
   \   0000D8   12....       LCALL   ?Subroutine1 & 0xFFFF
   \                     ??CrossCallReturnLabel_15:
   \   0000DB   A2E2         MOV     C,0xE0 /* A   */.2
   \   0000DD   4036         JC      ??CrossCallReturnLabel_10
    374                        {
    375                          sts->todo--;                        /* Not continuous, reduce count */
   \   0000DF   7401         MOV     A,#0x1
   \   0000E1   12....       LCALL   ?XSTACK_DISP0_8
   \   0000E4   E0           MOVX    A,@DPTR
   \   0000E5   2401         ADD     A,#0x1
   \   0000E7   08           INC     R0
   \   0000E8   A3           INC     DPTR
   \   0000E9   E0           MOVX    A,@DPTR
   \   0000EA   3400         ADDC    A,#0x0
   \   0000EC   F9           MOV     R1,A
   \   0000ED   8882         MOV     DPL,R0
   \   0000EF   8983         MOV     DPH,R1
   \   0000F1   E0           MOVX    A,@DPTR
   \   0000F2   14           DEC     A
   \   0000F3   F0           MOVX    @DPTR,A
    376                          if (!sts->todo)
   \   0000F4   701F         JNZ     ??CrossCallReturnLabel_10
    377                          {
    378                            sts->mode ^= HAL_LED_MODE_BLINK;  /* No more blinks */
   \   0000F6   7401         MOV     A,#0x1
   \   0000F8   12....       LCALL   ?XSTACK_DISP0_8
   \   0000FB   12....       LCALL   ?Subroutine1 & 0xFFFF
    379                          }
    380                        }
    381                      }
   \                     ??CrossCallReturnLabel_16:
   \   0000FE   6402         XRL     A,#0x2
   \   000100   F0           MOVX    @DPTR,A
   \   000101   8012         SJMP    ??CrossCallReturnLabel_10
    382                      else
    383                      {
    384                        pct = sts->onPct;                     /* Percentage of cycle for on */
   \                     ??HalLedUpdate_5:
   \   000103   8A..         MOV     ?V0 + 4,R2
    385                        sts->mode |= HAL_LED_MODE_ON;         /* Say it's on */
   \   000105   7401         MOV     A,#0x1
   \   000107   12....       LCALL   ?XSTACK_DISP0_8
   \   00010A   12....       LCALL   ??Subroutine9_0 & 0xFFFF
   \                     ??CrossCallReturnLabel_14:
   \   00010D   D2E0         SETB    0xE0 /* A   */.0
   \   00010F   F0           MOVX    @DPTR,A
    386                        HalLedOnOff (led, HAL_LED_MODE_ON);   /* Turn it on */
   \   000110                ; Setup parameters for call to function HalLedOnOff
   \   000110   7A01         MOV     R2,#0x1
   \   000112   12....       LCALL   ?Subroutine3 & 0xFFFF
    387                      }
    388          
    389                      if (sts->mode & HAL_LED_MODE_BLINK)
   \                     ??CrossCallReturnLabel_10:
   \   000115   7401         MOV     A,#0x1
   \   000117   12....       LCALL   ?XSTACK_DISP0_8
   \   00011A   12....       LCALL   ?Subroutine0 & 0xFFFF
   \                     ??CrossCallReturnLabel_1:
   \   00011D   505F         JNC     ??HalLedUpdate_6
    390                      {
    391                        wait = (((uint32)pct * (uint32)sts->time) / 100);
   \   00011F   75..00       MOV     ?V0 + 5,#0x0
   \   000122   75..00       MOV     ?V0 + 6,#0x0
   \   000125   75..00       MOV     ?V0 + 7,#0x0
   \   000128   7401         MOV     A,#0x1
   \   00012A   12....       LCALL   ?XSTACK_DISP0_8
   \   00012D   A3           INC     DPTR
   \   00012E   E0           MOVX    A,@DPTR
   \   00012F   F583         MOV     DPH,A
   \   000131   8882         MOV     DPL,R0
   \   000133   A3           INC     DPTR
   \   000134   A3           INC     DPTR
   \   000135   A3           INC     DPTR
   \   000136   E0           MOVX    A,@DPTR
   \   000137   F5..         MOV     ?V0 + 0,A
   \   000139   A3           INC     DPTR
   \   00013A   E0           MOVX    A,@DPTR
   \   00013B   F5..         MOV     ?V0 + 1,A
   \   00013D   75..00       MOV     ?V0 + 2,#0x0
   \   000140   75..00       MOV     ?V0 + 3,#0x0
   \   000143   78..         MOV     R0,#?V0 + 4
   \   000145   79..         MOV     R1,#?V0 + 0
   \   000147   12....       LCALL   ?L_MUL
   \   00014A   90....       MOV     DPTR,#__Constant_64
   \   00014D   78..         MOV     R0,#?V0 + 0
   \   00014F   12....       LCALL   ?L_MOV_X
   \   000152   78..         MOV     R0,#?V0 + 4
   \   000154   79..         MOV     R1,#?V0 + 0
   \   000156   12....       LCALL   ?UL_DIV_MOD
   \   000159   AE..         MOV     R6,?V0 + 4
   \   00015B   AF..         MOV     R7,?V0 + 5
    392                        sts->next = time + wait;
   \   00015D   7408         MOV     A,#0x8
   \   00015F   12....       LCALL   ?XSTACK_DISP0_8
   \   000162   8E..         MOV     ?V0 + 0,R6
   \   000164   8F..         MOV     ?V0 + 1,R7
   \   000166   75..00       MOV     ?V0 + 2,#0x0
   \   000169   75..00       MOV     ?V0 + 3,#0x0
   \   00016C   78..         MOV     R0,#?V0 + 0
   \   00016E   12....       LCALL   ?L_ADD_X
   \   000171   7406         MOV     A,#0x6
   \   000173   12....       LCALL   ?XSTACK_DISP0_8
   \   000176   12....       LCALL   ?Subroutine2 & 0xFFFF
    393                      }
   \                     ??CrossCallReturnLabel_3:
   \   000179   12....       LCALL   ?L_MOV_TO_X
   \   00017C   804B         SJMP    ??HalLedUpdate_7
    394                      else
    395                      {
    396                        /* no more blink, no more wait */
    397                        wait = 0;
   \                     ??HalLedUpdate_6:
   \   00017E   7E00         MOV     R6,#0x0
   \   000180   7F00         MOV     R7,#0x0
    398                        /* After blinking, set the LED back to the state before it blinks */
    399                        HalLedSet (led, ((preBlinkState & led)!=0)?HAL_LED_MODE_ON:HAL_LED_MODE_OFF);
   \   000182   85..82       MOV     DPL,?XSP + 0
   \   000185   85..83       MOV     DPH,?XSP + 1
   \   000188   E0           MOVX    A,@DPTR
   \   000189   90....       MOV     DPTR,#preBlinkState
   \   00018C   FA           MOV     R2,A
   \   00018D   E0           MOVX    A,@DPTR
   \   00018E   5A           ANL     A,R2
   \   00018F   6004         JZ      ??HalLedUpdate_8
   \   000191   7A01         MOV     R2,#0x1
   \   000193   8002         SJMP    ??HalLedUpdate_9
   \                     ??HalLedUpdate_8:
   \   000195   7A00         MOV     R2,#0x0
   \                     ??HalLedUpdate_9:
   \   000197                ; Setup parameters for call to function HalLedSet
   \   000197   85..82       MOV     DPL,?XSP + 0
   \   00019A   85..83       MOV     DPH,?XSP + 1
   \   00019D   E0           MOVX    A,@DPTR
   \   00019E   F9           MOV     R1,A
   \   00019F   12....       LCALL   ??HalLedSet?relay
    400                        /* Clear the saved bit */
    401                        preBlinkState &= (led ^ 0xFF);
   \   0001A2   85..82       MOV     DPL,?XSP + 0
   \   0001A5   85..83       MOV     DPH,?XSP + 1
   \   0001A8   E0           MOVX    A,@DPTR
   \   0001A9   64FF         XRL     A,#0xff
   \   0001AB   FA           MOV     R2,A
   \   0001AC   90....       MOV     DPTR,#preBlinkState
   \   0001AF   E0           MOVX    A,@DPTR
   \   0001B0   5A           ANL     A,R2
   \   0001B1   F0           MOVX    @DPTR,A
   \   0001B2   8015         SJMP    ??HalLedUpdate_7
    402                      }
    403                    }
    404                    else
    405                    {
    406                      wait = sts->next - time;  /* Time left */
   \                     ??HalLedUpdate_4:
   \   0001B4   7408         MOV     A,#0x8
   \   0001B6   12....       LCALL   ?XSTACK_DISP0_8
   \   0001B9   78..         MOV     R0,#?V0 + 4
   \   0001BB   12....       LCALL   ?L_MOV_X
   \   0001BE   E5..         MOV     A,?V0 + 0
   \   0001C0   C3           CLR     C
   \   0001C1   95..         SUBB    A,?V0 + 4
   \   0001C3   FE           MOV     R6,A
   \   0001C4   E5..         MOV     A,?V0 + 1
   \   0001C6   95..         SUBB    A,?V0 + 5
   \   0001C8   FF           MOV     R7,A
    407                    }
    408          
    409                    if (!next || ( wait && (wait < next) ))
   \                     ??HalLedUpdate_7:
   \   0001C9   7404         MOV     A,#0x4
   \   0001CB   12....       LCALL   ?XSTACK_DISP0_8
   \   0001CE   E0           MOVX    A,@DPTR
   \   0001CF   7002         JNZ     ??HalLedUpdate_10
   \   0001D1   A3           INC     DPTR
   \   0001D2   E0           MOVX    A,@DPTR
   \                     ??HalLedUpdate_10:
   \   0001D3   6017         JZ      ??HalLedUpdate_11
   \   0001D5   EE           MOV     A,R6
   \   0001D6   7001         JNZ     ??HalLedUpdate_12
   \   0001D8   EF           MOV     A,R7
   \                     ??HalLedUpdate_12:
   \   0001D9   601B         JZ      ??HalLedUpdate_3
   \   0001DB   7404         MOV     A,#0x4
   \   0001DD   12....       LCALL   ?XSTACK_DISP0_8
   \   0001E0   E0           MOVX    A,@DPTR
   \   0001E1   F8           MOV     R0,A
   \   0001E2   A3           INC     DPTR
   \   0001E3   E0           MOVX    A,@DPTR
   \   0001E4   F9           MOV     R1,A
   \   0001E5   C3           CLR     C
   \   0001E6   EE           MOV     A,R6
   \   0001E7   98           SUBB    A,R0
   \   0001E8   EF           MOV     A,R7
   \   0001E9   99           SUBB    A,R1
   \   0001EA   500A         JNC     ??HalLedUpdate_3
    410                    {
    411                      next = wait;
   \                     ??HalLedUpdate_11:
   \   0001EC   7404         MOV     A,#0x4
   \   0001EE   12....       LCALL   ?XSTACK_DISP0_8
   \   0001F1   EE           MOV     A,R6
   \   0001F2   F0           MOVX    @DPTR,A
   \   0001F3   A3           INC     DPTR
   \   0001F4   EF           MOV     A,R7
   \   0001F5   F0           MOVX    @DPTR,A
    412                    }
    413                  }
    414                  leds ^= led;
   \                     ??HalLedUpdate_3:
   \   0001F6   85..82       MOV     DPL,?XSP + 0
   \   0001F9   85..83       MOV     DPH,?XSP + 1
   \   0001FC   E0           MOVX    A,@DPTR
   \   0001FD   FA           MOV     R2,A
   \   0001FE   7403         MOV     A,#0x3
   \   000200   12....       LCALL   ?XSTACK_DISP0_8
   \   000203   E0           MOVX    A,@DPTR
   \   000204   6A           XRL     A,R2
   \   000205   F0           MOVX    @DPTR,A
    415                }
    416                led <<= 1;
   \                     ??HalLedUpdate_2:
   \   000206   85..82       MOV     DPL,?XSP + 0
   \   000209   85..83       MOV     DPH,?XSP + 1
   \   00020C   E0           MOVX    A,@DPTR
   \   00020D   C3           CLR     C
   \   00020E   33           RLC     A
   \   00020F   F0           MOVX    @DPTR,A
    417                sts++;
   \   000210   7401         MOV     A,#0x1
   \   000212   12....       LCALL   ?XSTACK_DISP0_8
   \   000215   E0           MOVX    A,@DPTR
   \   000216   2409         ADD     A,#0x9
   \   000218   F8           MOV     R0,A
   \   000219   A3           INC     DPTR
   \   00021A   E0           MOVX    A,@DPTR
   \   00021B   3400         ADDC    A,#0x0
   \   00021D   F9           MOV     R1,A
   \   00021E   7401         MOV     A,#0x1
   \   000220   12....       LCALL   ?XSTACK_DISP0_8
   \   000223   E8           MOV     A,R0
   \   000224   F0           MOVX    @DPTR,A
   \   000225   A3           INC     DPTR
   \   000226   E9           MOV     A,R1
   \   000227   F0           MOVX    @DPTR,A
    418              }
   \   000228   7403         MOV     A,#0x3
   \   00022A   12....       LCALL   ?XSTACK_DISP0_8
   \   00022D   E0           MOVX    A,@DPTR
   \   00022E   6003         JZ      $+5
   \   000230   02....       LJMP    ??HalLedUpdate_1 & 0xFFFF
    419          
    420              if (next)
   \   000233   7404         MOV     A,#0x4
   \   000235   12....       LCALL   ?XSTACK_DISP0_8
   \   000238   E0           MOVX    A,@DPTR
   \   000239   7002         JNZ     ??HalLedUpdate_13
   \   00023B   A3           INC     DPTR
   \   00023C   E0           MOVX    A,@DPTR
   \                     ??HalLedUpdate_13:
   \   00023D   6016         JZ      ??HalLedUpdate_0
    421              {
    422                osal_start_timerEx(Hal_TaskID, HAL_LED_BLINK_EVENT, next);   /* Schedule event */
   \   00023F                ; Setup parameters for call to function osal_start_timerEx
   \   00023F   7404         MOV     A,#0x4
   \   000241   12....       LCALL   ?XSTACK_DISP0_8
   \   000244   E0           MOVX    A,@DPTR
   \   000245   FC           MOV     R4,A
   \   000246   A3           INC     DPTR
   \   000247   E0           MOVX    A,@DPTR
   \   000248   FD           MOV     R5,A
   \   000249   7A02         MOV     R2,#0x2
   \   00024B   7B00         MOV     R3,#0x0
   \   00024D   90....       MOV     DPTR,#Hal_TaskID
   \   000250   E0           MOVX    A,@DPTR
   \   000251   F9           MOV     R1,A
   \   000252   12....       LCALL   ??osal_start_timerEx?relay
    423              }
    424            }
    425          }
   \                     ??HalLedUpdate_0:
   \   000255   740C         MOV     A,#0xc
   \   000257   02....       LJMP    ?Subroutine7 & 0xFFFF

   \                                 In  segment BANKED_CODE, align 1, keep-with-next
   \                     ?Subroutine3:
   \   000000   85..82       MOV     DPL,?XSP + 0
   \   000003   85..83       MOV     DPH,?XSP + 1
   \   000006                REQUIRE ??Subroutine8_0
   \   000006                ; // Fall through to label ??Subroutine8_0

   \                                 In  segment BANKED_CODE, align 1, keep-with-next
   \                     ??Subroutine8_0:
   \   000000   E0           MOVX    A,@DPTR
   \   000001   F9           MOV     R1,A
   \   000002   12....       LCALL   ??HalLedOnOff?relay
   \   000005   22           RET

   \                                 In  segment BANKED_CODE, align 1, keep-with-next
   \                     ?Subroutine2:
   \   000000   12....       LCALL   ?Subroutine5 & 0xFFFF
   \                     ??CrossCallReturnLabel_8:
   \   000003   78..         MOV     R0,#?V0 + 0
   \   000005   22           RET

   \                                 In  segment BANKED_CODE, align 1, keep-with-next
   \                     ?Subroutine5:
   \   000000   E0           MOVX    A,@DPTR
   \   000001   F8           MOV     R0,A
   \   000002   A3           INC     DPTR
   \   000003   E0           MOVX    A,@DPTR
   \   000004   F583         MOV     DPH,A
   \   000006   8882         MOV     DPL,R0
   \   000008   22           RET

   \                                 In  segment BANKED_CODE, align 1, keep-with-next
   \                     ?Subroutine1:
   \   000000   E0           MOVX    A,@DPTR
   \   000001   F8           MOV     R0,A
   \   000002                REQUIRE ??Subroutine9_0
   \   000002                ; // Fall through to label ??Subroutine9_0

   \                                 In  segment BANKED_CODE, align 1, keep-with-next
   \                     ??Subroutine9_0:
   \   000000   A3           INC     DPTR
   \   000001   E0           MOVX    A,@DPTR
   \   000002   F583         MOV     DPH,A
   \   000004   8882         MOV     DPL,R0
   \   000006   E0           MOVX    A,@DPTR
   \   000007   22           RET

   \                                 In  segment BANKED_CODE, align 1, keep-with-next
   \                     ?Subroutine0:
   \   000000   12....       LCALL   ?Subroutine5 & 0xFFFF
   \                     ??CrossCallReturnLabel_7:
   \   000003   E0           MOVX    A,@DPTR
   \   000004   A2E1         MOV     C,0xE0 /* A   */.1
   \   000006   22           RET
    426          
    427          /***************************************************************************************************
    428           * @fn      HalLedOnOff
    429           *
    430           * @brief   Turns specified LED ON or OFF
    431           *
    432           * @param   leds - LED bit mask
    433           *          mode - LED_ON,LED_OFF,
    434           *
    435           * @return  none
    436           ***************************************************************************************************/

   \                                 In  segment BANKED_CODE, align 1, keep-with-next
    437          void HalLedOnOff (uint8 leds, uint8 mode)
   \                     HalLedOnOff:
    438          {
   \   000000   C082         PUSH    DPL
   \   000002   C083         PUSH    DPH
   \   000004                ; Saved register size: 2
   \   000004                ; Auto size: 0
    439            if (leds & HAL_LED_1)
   \   000004   E9           MOV     A,R1
   \   000005   A2E0         MOV     C,0xE0 /* A   */.0
   \   000007   500B         JNC     ??HalLedOnOff_0
    440            {
    441              if (mode == HAL_LED_MODE_ON)
   \   000009   7401         MOV     A,#0x1
   \   00000B   6A           XRL     A,R2
   \   00000C   7004         JNZ     ??HalLedOnOff_1
    442              {
    443                HAL_TURN_ON_LED1();
   \   00000E   C290         CLR     0x90.0
   \   000010   8002         SJMP    ??HalLedOnOff_0
    444              }
    445              else
    446              {
    447                HAL_TURN_OFF_LED1();
   \                     ??HalLedOnOff_1:
   \   000012   D290         SETB    0x90.0
    448              }
    449            }
    450          
    451            if (leds & HAL_LED_2)
   \                     ??HalLedOnOff_0:
   \   000014   E9           MOV     A,R1
   \   000015   A2E1         MOV     C,0xE0 /* A   */.1
   \   000017   500B         JNC     ??HalLedOnOff_2
    452            {
    453              if (mode == HAL_LED_MODE_ON)
   \   000019   7401         MOV     A,#0x1
   \   00001B   6A           XRL     A,R2
   \   00001C   7004         JNZ     ??HalLedOnOff_3
    454              {
    455                HAL_TURN_ON_LED2();
   \   00001E   C291         CLR     0x90.1
   \   000020   8002         SJMP    ??HalLedOnOff_2
    456              }
    457              else
    458              {
    459                HAL_TURN_OFF_LED2();
   \                     ??HalLedOnOff_3:
   \   000022   D291         SETB    0x90.1
    460              }
    461            }
    462          
    463            if (leds & HAL_LED_3)
   \                     ??HalLedOnOff_2:
   \   000024   E9           MOV     A,R1
   \   000025   A2E2         MOV     C,0xE0 /* A   */.2
   \   000027   500B         JNC     ??HalLedOnOff_4
    464            {
    465              if (mode == HAL_LED_MODE_ON)
   \   000029   7401         MOV     A,#0x1
   \   00002B   6A           XRL     A,R2
   \   00002C   7004         JNZ     ??HalLedOnOff_5
    466              {
    467                HAL_TURN_ON_LED3();
   \   00002E   C292         CLR     0x90.2
   \   000030   8002         SJMP    ??HalLedOnOff_4
    468              }
    469              else
    470              {
    471                HAL_TURN_OFF_LED3();
   \                     ??HalLedOnOff_5:
   \   000032   D292         SETB    0x90.2
    472              }
    473            }
    474          
    475            if (leds & HAL_LED_4)
   \                     ??HalLedOnOff_4:
   \   000034   E9           MOV     A,R1
   \   000035   A2E3         MOV     C,0xE0 /* A   */.3
   \   000037   500B         JNC     ??HalLedOnOff_6
    476            {
    477              if (mode == HAL_LED_MODE_ON)
   \   000039   7401         MOV     A,#0x1
   \   00003B   6A           XRL     A,R2
   \   00003C   7004         JNZ     ??HalLedOnOff_7
    478              {
    479                HAL_TURN_ON_LED4();
   \   00003E   C293         CLR     0x90.3
   \   000040   8005         SJMP    ??HalLedOnOff_8
    480              }
    481              else
    482              {
    483                HAL_TURN_OFF_LED4();
   \                     ??HalLedOnOff_7:
   \   000042   D293         SETB    0x90.3
    484              }
    485            }
    486          
    487            /* Remember current state */
    488            if (mode)
   \                     ??HalLedOnOff_6:
   \   000044   EA           MOV     A,R2
   \   000045   6007         JZ      ??HalLedOnOff_9
    489            {
    490              HalLedState |= leds;
   \                     ??HalLedOnOff_8:
   \   000047   90....       MOV     DPTR,#HalLedState
   \   00004A   E0           MOVX    A,@DPTR
   \   00004B   49           ORL     A,R1
   \   00004C   8009         SJMP    ??HalLedOnOff_10
    491            }
    492            else
    493            {
    494              HalLedState &= (leds ^ 0xFF);
   \                     ??HalLedOnOff_9:
   \   00004E   74FF         MOV     A,#-0x1
   \   000050   69           XRL     A,R1
   \   000051   FA           MOV     R2,A
   \   000052   90....       MOV     DPTR,#HalLedState
   \   000055   E0           MOVX    A,@DPTR
   \   000056   5A           ANL     A,R2
    495            }
   \                     ??HalLedOnOff_10:
   \   000057   80..         SJMP    ??Subroutine10_0
   \   000059                REQUIRE _A_P1
    496          }
    497          #endif /* HAL_LED */
    498          
    499          /***************************************************************************************************
    500           * @fn      HalGetLedState
    501           *
    502           * @brief   Dim LED2 - Dim (set level) of LED2
    503           *
    504           * @param   none
    505           *
    506           * @return  led state
    507           ***************************************************************************************************/

   \                                 In  segment BANKED_CODE, align 1, keep-with-next
    508          uint8 HalLedGetState ()
   \                     HalLedGetState:
    509          {
   \   000000   C082         PUSH    DPL
   \   000002   C083         PUSH    DPH
   \   000004                ; Saved register size: 2
   \   000004                ; Auto size: 0
    510          #if (HAL_LED == TRUE)
    511            return HalLedState;
   \   000004   90....       MOV     DPTR,#HalLedState
   \   000007   E0           MOVX    A,@DPTR
   \   000008   F9           MOV     R1,A
   \   000009   80..         SJMP    ??Subroutine11_0
    512          #else
    513            return 0;
    514          #endif
    515          }
    516          
    517          /***************************************************************************************************
    518           * @fn      HalLedEnterSleep
    519           *
    520           * @brief   Store current LEDs state before sleep
    521           *
    522           * @param   none
    523           *
    524           * @return  none
    525           ***************************************************************************************************/

   \                                 In  segment BANKED_CODE, align 1, keep-with-next
    526          void HalLedEnterSleep( void )
   \                     HalLedEnterSleep:
    527          {
   \   000000   C082         PUSH    DPL
   \   000002   C083         PUSH    DPH
   \   000004                ; Saved register size: 2
   \   000004                ; Auto size: 0
    528          #ifdef BLINK_LEDS
    529            /* Sleep ON */
    530            HalLedStatusControl.sleepActive = TRUE;
   \   000004   7401         MOV     A,#0x1
   \   000006   90....       MOV     DPTR,#(HalLedStatusControl + 36)
   \   000009   F0           MOVX    @DPTR,A
    531          #endif /* BLINK_LEDS */
    532          
    533          #if (HAL_LED == TRUE)
    534            /* Save the state of each led */
    535            HalSleepLedState = 0;
    536            HalSleepLedState |= HAL_STATE_LED1();
   \   00000A   A290         MOV     C,0x90.0
   \   00000C   E4           CLR     A
   \   00000D   92E0         MOV     0xE0 /* A   */.0,C
   \   00000F   F4           CPL     A
   \   000010   5401         ANL     A,#0x1
   \   000012   90....       MOV     DPTR,#HalSleepLedState
   \   000015   F0           MOVX    @DPTR,A
    537            HalSleepLedState |= HAL_STATE_LED2() << 1;
   \   000016   A291         MOV     C,0x90.1
   \   000018   E4           CLR     A
   \   000019   92E0         MOV     0xE0 /* A   */.0,C
   \   00001B   F4           CPL     A
   \   00001C   5401         ANL     A,#0x1
   \   00001E   C3           CLR     C
   \   00001F   33           RLC     A
   \   000020   FA           MOV     R2,A
   \   000021   E0           MOVX    A,@DPTR
   \   000022   4A           ORL     A,R2
   \   000023   F0           MOVX    @DPTR,A
    538            HalSleepLedState |= HAL_STATE_LED3() << 2;
   \   000024   A292         MOV     C,0x90.2
   \   000026   E4           CLR     A
   \   000027   92E0         MOV     0xE0 /* A   */.0,C
   \   000029   F4           CPL     A
   \   00002A   5401         ANL     A,#0x1
   \   00002C   33           RLC     A
   \   00002D   33           RLC     A
   \   00002E   54FC         ANL     A,#0xfc
   \   000030   FA           MOV     R2,A
   \   000031   E0           MOVX    A,@DPTR
   \   000032   4A           ORL     A,R2
   \   000033   F0           MOVX    @DPTR,A
    539            HalSleepLedState |= HAL_STATE_LED4() << 3;
   \   000034   A293         MOV     C,0x90.3
   \   000036   E4           CLR     A
   \   000037   92E0         MOV     0xE0 /* A   */.0,C
   \   000039   F4           CPL     A
   \   00003A   5401         ANL     A,#0x1
   \   00003C   33           RLC     A
   \   00003D   33           RLC     A
   \   00003E   33           RLC     A
   \   00003F   54F8         ANL     A,#0xf8
   \   000041   FA           MOV     R2,A
   \   000042   E0           MOVX    A,@DPTR
   \   000043   4A           ORL     A,R2
   \   000044   F0           MOVX    @DPTR,A
    540          
    541            /* TURN OFF all LEDs to save power */
    542            HalLedOnOff (HAL_LED_ALL, HAL_LED_MODE_OFF);
   \   000045                ; Setup parameters for call to function HalLedOnOff
   \   000045   7A00         MOV     R2,#0x0
   \   000047   790F         MOV     R1,#0xf
   \   000049   12....       LCALL   ??HalLedOnOff?relay
    543          #endif /* HAL_LED */
    544          
    545          }
   \   00004C   80..         SJMP    ??Subroutine11_0
   \   00004E                REQUIRE _A_P1
    546          
    547          /***************************************************************************************************
    548           * @fn      HalLedExitSleep
    549           *
    550           * @brief   Restore current LEDs state after sleep
    551           *
    552           * @param   none
    553           *
    554           * @return  none
    555           ***************************************************************************************************/

   \                                 In  segment BANKED_CODE, align 1, keep-with-next
    556          void HalLedExitSleep( void )
   \                     HalLedExitSleep:
    557          {
   \   000000   C082         PUSH    DPL
   \   000002   C083         PUSH    DPH
   \   000004                ; Saved register size: 2
   \   000004                ; Auto size: 0
    558          #if (HAL_LED == TRUE)
    559            /* Load back the saved state */
    560            HalLedOnOff(HalSleepLedState, HAL_LED_MODE_ON);
   \   000004                ; Setup parameters for call to function HalLedOnOff
   \   000004   7A01         MOV     R2,#0x1
   \   000006   90....       MOV     DPTR,#HalSleepLedState
   \   000009   12....       LCALL   ??Subroutine8_0 & 0xFFFF
    561          
    562            /* Restart - This takes care BLINKING LEDS */
    563            HalLedUpdate();
   \                     ??CrossCallReturnLabel_11:
   \   00000C                ; Setup parameters for call to function HalLedUpdate
   \   00000C   12....       LCALL   ??HalLedUpdate?relay
    564          #endif /* HAL_LED */
    565          
    566          #ifdef BLINK_LEDS
    567            /* Sleep OFF */
    568            HalLedStatusControl.sleepActive = FALSE;
   \   00000F   80..         SJMP    ?Subroutine6
    569          #endif /* BLINK_LEDS */
    570          }

   \                                 In  segment XDATA_ROM_C, align 1
   \                     __Constant_64:
   \   000000   64000000     DD 100

   \                                 In  segment BANK_RELAYS, align 1
   \                     ??HalLedInit?relay:
   \   000000   12....       LCALL   ?BDISPATCH
   \   000003   ......       DC24    HalLedInit

   \                                 In  segment BANK_RELAYS, align 1
   \                     ??HalLedSet?relay:
   \   000000   12....       LCALL   ?BDISPATCH
   \   000003   ......       DC24    HalLedSet

   \                                 In  segment BANK_RELAYS, align 1
   \                     ??HalLedBlink?relay:
   \   000000   12....       LCALL   ?BDISPATCH
   \   000003   ......       DC24    HalLedBlink

   \                                 In  segment BANK_RELAYS, align 1
   \                     ??HalLedUpdate?relay:
   \   000000   12....       LCALL   ?BDISPATCH
   \   000003   ......       DC24    HalLedUpdate

   \                                 In  segment BANK_RELAYS, align 1
   \                     ??HalLedOnOff?relay:
   \   000000   12....       LCALL   ?BDISPATCH
   \   000003   ......       DC24    HalLedOnOff

   \                                 In  segment BANK_RELAYS, align 1
   \                     ??HalLedGetState?relay:
   \   000000   12....       LCALL   ?BDISPATCH
   \   000003   ......       DC24    HalLedGetState

   \                                 In  segment BANK_RELAYS, align 1
   \                     ??HalLedEnterSleep?relay:
   \   000000   12....       LCALL   ?BDISPATCH
   \   000003   ......       DC24    HalLedEnterSleep

   \                                 In  segment BANK_RELAYS, align 1
   \                     ??HalLedExitSleep?relay:
   \   000000   12....       LCALL   ?BDISPATCH
   \   000003   ......       DC24    HalLedExitSleep
    571          
    572          /***************************************************************************************************
    573          ***************************************************************************************************/
    574          
    575          
    576          
    577          

   Maximum stack usage in bytes:

     Function                 ISTACK PSTACK XSTACK
     --------                 ------ ------ ------
     HalLedBlink                  1      0     31
       -> osal_GetSystemClock     0      0     40
       -> osal_set_event          0      0     40
       -> HalLedSet               0      0     40
       -> HalLedSet               0      0     40
     HalLedEnterSleep             2      0      0
       -> HalLedOnOff             4      0      0
     HalLedExitSleep              2      0      0
       -> HalLedOnOff             4      0      0
       -> HalLedUpdate            4      0      0
     HalLedGetState               2      0      0
     HalLedInit                   2      0      0
       -> HalLedSet               4      0      0
     HalLedOnOff                  2      0     28
     HalLedSet                    1      0     39
       -> HalLedBlink             0      0     22
       -> HalLedBlink             0      0     22
       -> HalLedOnOff             0      0     22
     HalLedUpdate                 1      0     28
       -> osal_GetSystemClock     0      0     56
       -> HalLedOnOff             0      0     56
       -> HalLedOnOff             0      0     56
       -> HalLedSet               0      0     56
       -> osal_start_timerEx      0      0     56


   Segment part sizes:

     Function/Label           Bytes
     --------------           -----
     _A_P1                       1
     P1DIR                       1
     HalLedState                 1
     HalSleepLedState            1
     preBlinkState               1
     HalLedStatusControl        37
     HalLedInit                 19
     ?Subroutine6                4
     ??Subroutine10_0            1
     ??Subroutine11_0            7
     HalLedSet                 126
     HalLedBlink               277
     ?Subroutine7                8
     ?Subroutine4                9
     HalLedUpdate              602
     ?Subroutine3                6
     ??Subroutine8_0             6
     ?Subroutine2                6
     ?Subroutine5                9
     ?Subroutine1                2
     ??Subroutine9_0             8
     ?Subroutine0                7
     HalLedOnOff                89
     HalLedGetState             11
     HalLedEnterSleep           78
     HalLedExitSleep            17
     __Constant_64               4
     ??HalLedInit?relay          6
     ??HalLedSet?relay           6
     ??HalLedBlink?relay         6
     ??HalLedUpdate?relay        6
     ??HalLedOnOff?relay         6
     ??HalLedGetState?relay      6
     ??HalLedEnterSleep?relay    6
     ??HalLedExitSleep?relay     6

 
 1 292 bytes in segment BANKED_CODE
    48 bytes in segment BANK_RELAYS
     2 bytes in segment SFR_AN
     4 bytes in segment XDATA_ROM_C
    40 bytes in segment XDATA_Z
 
 1 340 bytes of CODE  memory
     0 bytes of CONST memory (+ 4 bytes shared)
     0 bytes of DATA  memory (+ 2 bytes shared)
    40 bytes of XDATA memory

Errors: none
Warnings: none
