###############################################################################
#                                                                             #
# IAR C/C++ Compiler V7.51A/W32 for 8051                25/Dec/2012  10:17:03 #
# Copyright 2004-2009 IAR Systems AB.                                         #
#                                                                             #
#    Core               =  plain                                              #
#    Code model         =  banked                                             #
#    Data model         =  large                                              #
#    Calling convention =  xdata reentrant                                    #
#    Constant location  =  data_rom                                           #
#    Dptr setup         =  1,16                                               #
#    Source file        =  D:\∏ˆ»À÷ÿ“™◊ ¡œ(Œ…æ)\yuanwm\◊¿√Ê\ZStack-CC2530-2. #
#                          2.0-1.3.0\ZStack-CC2530-2.2.0-1.3.0\Components\hal #
#                          \common\hal_assert.c                               #
#    Command line       =  -f "D:\∏ˆ»À÷ÿ“™◊ ¡œ(Œ…æ)\yuanwm\◊¿√Ê\ZStack-CC253 #
#                          0-2.2.0-1.3.0\ZStack-CC2530-2.2.0-1.3.0\Projects\z #
#                          stack\Samples\MyfirstAPP\CC2530DB\..\..\..\Tools\C #
#                          C2530DB\f8wCoord.cfg" (-DCPU32MHZ                  #
#                          -DROOT=__near_func -DMAC_CFG_APP_PENDING_QUEUE=TRU #
#                          E -DZDO_COORDINATOR -DRTR_NWK -DBLINK_LEDS) -f     #
#                          "D:\∏ˆ»À÷ÿ“™◊ ¡œ(Œ…æ)\yuanwm\◊¿√Ê\ZStack-CC2530-2 #
#                          .2.0-1.3.0\ZStack-CC2530-2.2.0-1.3.0\Projects\zsta #
#                          ck\Samples\MyfirstAPP\CC2530DB\..\..\..\Tools\CC25 #
#                          30DB\f8wConfig.cfg" (-DSECURE=0                    #
#                          -DZG_SECURE_DYNAMIC=0 -DREFLECTOR                  #
#                          -DDEFAULT_CHANLIST=0x02000000                      #
#                          -DZDAPP_CONFIG_PAN_ID=0xFFFF                       #
#                          -DNWK_START_DELAY=100 -DEXTENDED_JOINING_RANDOM_MA #
#                          SK=0x007F -DBEACON_REQUEST_DELAY=100               #
#                          -DBEACON_REQ_DELAY_MASK=0x00FF                     #
#                          -DROUTE_EXPIRY_TIME=30 -DAPSC_ACK_WAIT_DURATION_PO #
#                          LLED=3000 -DNWK_INDIRECT_MSG_TIMEOUT=7             #
#                          -DMAX_RREQ_ENTRIES=8 -DAPSC_MAX_FRAME_RETRIES=3    #
#                          -DNWK_MAX_DATA_RETRIES=2                           #
#                          -DMAX_POLL_FAILURE_RETRIES=2 -DMAX_BCAST=9         #
#                          -DAPS_MAX_GROUPS=16 -DMAX_RTG_ENTRIES=40           #
#                          -DNWK_MAX_BINDING_ENTRIES=4                        #
#                          -DMAX_BINDING_CLUSTER_IDS=4 "-DDEFAULT_KEY={0x01,  #
#                          0x03, 0x05, 0x07, 0x09, 0x0B, 0x0D, 0x0F, 0x00,    #
#                          0x02, 0x04, 0x06, 0x08, 0x0A, 0x0C, 0x0D}"         #
#                          -DMAC_MAX_FRAME_SIZE=116 "-DCONST=const __code"    #
#                          -DGENERIC=__generic -DRFD_RCVC_ALWAYS_ON=FALSE     #
#                          -DPOLL_RATE=1000 -DQUEUED_POLL_RATE=100            #
#                          -DRESPONSE_POLL_RATE=100) -DREJOIN_POLL_RATE=440   #
#                          "D:\∏ˆ»À÷ÿ“™◊ ¡œ(Œ…æ)\yuanwm\◊¿√Ê\ZStack-CC2530-2 #
#                          .2.0-1.3.0\ZStack-CC2530-2.2.0-1.3.0\Components\ha #
#                          l\common\hal_assert.c" -D ZTOOL_P1 -D MT_TASK -D   #
#                          MT_SYS_FUNC -D MT_ZDO_FUNC -D LCD_SUPPORTED=DEBUG  #
#                          -D HAL_UART=TRUE -D SERIAL_APP_PORT=0 -D           #
#                          HOLD_AUTO_START -D DH_AD_KEY_DEVICE -lC            #
#                          "D:\∏ˆ»À÷ÿ“™◊ ¡œ(Œ…æ)\yuanwm\◊¿√Ê\ZStack-CC2530-2 #
#                          .2.0-1.3.0\ZStack-CC2530-2.2.0-1.3.0\Projects\zsta #
#                          ck\Samples\MyfirstAPP\CC2530DB\CoordinatorEB\List\ #
#                          " -lA "D:\∏ˆ»À÷ÿ“™◊ ¡œ(Œ…æ)\yuanwm\◊¿√Ê\ZStack-CC #
#                          2530-2.2.0-1.3.0\ZStack-CC2530-2.2.0-1.3.0\Project #
#                          s\zstack\Samples\MyfirstAPP\CC2530DB\CoordinatorEB #
#                          \List\" --diag_suppress Pe001,Pa010 -o             #
#                          "D:\∏ˆ»À÷ÿ“™◊ ¡œ(Œ…æ)\yuanwm\◊¿√Ê\ZStack-CC2530-2 #
#                          .2.0-1.3.0\ZStack-CC2530-2.2.0-1.3.0\Projects\zsta #
#                          ck\Samples\MyfirstAPP\CC2530DB\CoordinatorEB\Obj\" #
#                           -e --require_prototypes --debug --core=plain      #
#                          --dptr=16,1 --data_model=large                     #
#                          --code_model=banked --calling_convention=xdata_ree #
#                          ntrant --place_constants=data_rom                  #
#                          --nr_virtual_regs 8 -I "D:\∏ˆ»À÷ÿ“™◊ ¡œ(Œ…æ)\yuan #
#                          wm\◊¿√Ê\ZStack-CC2530-2.2.0-1.3.0\ZStack-CC2530-2. #
#                          2.0-1.3.0\Projects\zstack\Samples\MyfirstAPP\CC253 #
#                          0DB\" -I "D:\∏ˆ»À÷ÿ“™◊ ¡œ(Œ…æ)\yuanwm\◊¿√Ê\ZStack #
#                          -CC2530-2.2.0-1.3.0\ZStack-CC2530-2.2.0-1.3.0\Proj #
#                          ects\zstack\Samples\MyfirstAPP\CC2530DB\..\SOURCE\ #
#                          " -I "D:\∏ˆ»À÷ÿ“™◊ ¡œ(Œ…æ)\yuanwm\◊¿√Ê\ZStack-CC2 #
#                          530-2.2.0-1.3.0\ZStack-CC2530-2.2.0-1.3.0\Projects #
#                          \zstack\Samples\MyfirstAPP\CC2530DB\..\..\..\ZMAIN #
#                          \TI2530DB\" -I "D:\∏ˆ»À÷ÿ“™◊ ¡œ(Œ…æ)\yuanwm\◊¿√Ê\ #
#                          ZStack-CC2530-2.2.0-1.3.0\ZStack-CC2530-2.2.0-1.3. #
#                          0\Projects\zstack\Samples\MyfirstAPP\CC2530DB\..\. #
#                          .\..\..\..\COMPONENTS\MT\" -I                      #
#                          "D:\∏ˆ»À÷ÿ“™◊ ¡œ(Œ…æ)\yuanwm\◊¿√Ê\ZStack-CC2530-2 #
#                          .2.0-1.3.0\ZStack-CC2530-2.2.0-1.3.0\Projects\zsta #
#                          ck\Samples\MyfirstAPP\CC2530DB\..\..\..\..\..\COMP #
#                          ONENTS\HAL\INCLUDE\" -I "D:\∏ˆ»À÷ÿ“™◊ ¡œ(Œ…æ)\yua #
#                          nwm\◊¿√Ê\ZStack-CC2530-2.2.0-1.3.0\ZStack-CC2530-2 #
#                          .2.0-1.3.0\Projects\zstack\Samples\MyfirstAPP\CC25 #
#                          30DB\..\..\..\..\..\COMPONENTS\HAL\TARGET\CC2530EB #
#                          \" -I "D:\∏ˆ»À÷ÿ“™◊ ¡œ(Œ…æ)\yuanwm\◊¿√Ê\ZStack-CC #
#                          2530-2.2.0-1.3.0\ZStack-CC2530-2.2.0-1.3.0\Project #
#                          s\zstack\Samples\MyfirstAPP\CC2530DB\..\..\..\..\. #
#                          .\COMPONENTS\OSAL\MCU\CCSOC\" -I                   #
#                          "D:\∏ˆ»À÷ÿ“™◊ ¡œ(Œ…æ)\yuanwm\◊¿√Ê\ZStack-CC2530-2 #
#                          .2.0-1.3.0\ZStack-CC2530-2.2.0-1.3.0\Projects\zsta #
#                          ck\Samples\MyfirstAPP\CC2530DB\..\..\..\..\..\COMP #
#                          ONENTS\OSAL\INCLUDE\" -I                           #
#                          "D:\∏ˆ»À÷ÿ“™◊ ¡œ(Œ…æ)\yuanwm\◊¿√Ê\ZStack-CC2530-2 #
#                          .2.0-1.3.0\ZStack-CC2530-2.2.0-1.3.0\Projects\zsta #
#                          ck\Samples\MyfirstAPP\CC2530DB\..\..\..\..\..\COMP #
#                          ONENTS\STACK\AF\" -I "D:\∏ˆ»À÷ÿ“™◊ ¡œ(Œ…æ)\yuanwm #
#                          \◊¿√Ê\ZStack-CC2530-2.2.0-1.3.0\ZStack-CC2530-2.2. #
#                          0-1.3.0\Projects\zstack\Samples\MyfirstAPP\CC2530D #
#                          B\..\..\..\..\..\COMPONENTS\STACK\NWK\" -I         #
#                          "D:\∏ˆ»À÷ÿ“™◊ ¡œ(Œ…æ)\yuanwm\◊¿√Ê\ZStack-CC2530-2 #
#                          .2.0-1.3.0\ZStack-CC2530-2.2.0-1.3.0\Projects\zsta #
#                          ck\Samples\MyfirstAPP\CC2530DB\..\..\..\..\..\COMP #
#                          ONENTS\STACK\SEC\" -I "D:\∏ˆ»À÷ÿ“™◊ ¡œ(Œ…æ)\yuanw #
#                          m\◊¿√Ê\ZStack-CC2530-2.2.0-1.3.0\ZStack-CC2530-2.2 #
#                          .0-1.3.0\Projects\zstack\Samples\MyfirstAPP\CC2530 #
#                          DB\..\..\..\..\..\COMPONENTS\STACK\SAPI\" -I       #
#                          "D:\∏ˆ»À÷ÿ“™◊ ¡œ(Œ…æ)\yuanwm\◊¿√Ê\ZStack-CC2530-2 #
#                          .2.0-1.3.0\ZStack-CC2530-2.2.0-1.3.0\Projects\zsta #
#                          ck\Samples\MyfirstAPP\CC2530DB\..\..\..\..\..\COMP #
#                          ONENTS\STACK\SYS\" -I "D:\∏ˆ»À÷ÿ“™◊ ¡œ(Œ…æ)\yuanw #
#                          m\◊¿√Ê\ZStack-CC2530-2.2.0-1.3.0\ZStack-CC2530-2.2 #
#                          .0-1.3.0\Projects\zstack\Samples\MyfirstAPP\CC2530 #
#                          DB\..\..\..\..\..\COMPONENTS\STACK\ZDO\" -I        #
#                          "D:\∏ˆ»À÷ÿ“™◊ ¡œ(Œ…æ)\yuanwm\◊¿√Ê\ZStack-CC2530-2 #
#                          .2.0-1.3.0\ZStack-CC2530-2.2.0-1.3.0\Projects\zsta #
#                          ck\Samples\MyfirstAPP\CC2530DB\..\..\..\..\..\COMP #
#                          ONENTS\ZMAC\F8W\" -I "D:\∏ˆ»À÷ÿ“™◊ ¡œ(Œ…æ)\yuanwm #
#                          \◊¿√Ê\ZStack-CC2530-2.2.0-1.3.0\ZStack-CC2530-2.2. #
#                          0-1.3.0\Projects\zstack\Samples\MyfirstAPP\CC2530D #
#                          B\..\..\..\..\..\COMPONENTS\ZMAC\" -I              #
#                          "D:\∏ˆ»À÷ÿ“™◊ ¡œ(Œ…æ)\yuanwm\◊¿√Ê\ZStack-CC2530-2 #
#                          .2.0-1.3.0\ZStack-CC2530-2.2.0-1.3.0\Projects\zsta #
#                          ck\Samples\MyfirstAPP\CC2530DB\..\..\..\..\..\COMP #
#                          ONENTS\SERVICES\SADDR\" -I                         #
#                          "D:\∏ˆ»À÷ÿ“™◊ ¡œ(Œ…æ)\yuanwm\◊¿√Ê\ZStack-CC2530-2 #
#                          .2.0-1.3.0\ZStack-CC2530-2.2.0-1.3.0\Projects\zsta #
#                          ck\Samples\MyfirstAPP\CC2530DB\..\..\..\..\..\COMP #
#                          ONENTS\SERVICES\SDATA\" -I                         #
#                          "D:\∏ˆ»À÷ÿ“™◊ ¡œ(Œ…æ)\yuanwm\◊¿√Ê\ZStack-CC2530-2 #
#                          .2.0-1.3.0\ZStack-CC2530-2.2.0-1.3.0\Projects\zsta #
#                          ck\Samples\MyfirstAPP\CC2530DB\..\..\..\..\..\COMP #
#                          ONENTS\MAC\INCLUDE\" -I "D:\∏ˆ»À÷ÿ“™◊ ¡œ(Œ…æ)\yua #
#                          nwm\◊¿√Ê\ZStack-CC2530-2.2.0-1.3.0\ZStack-CC2530-2 #
#                          .2.0-1.3.0\Projects\zstack\Samples\MyfirstAPP\CC25 #
#                          30DB\..\..\..\..\..\COMPONENTS\MAC\HIGH_LEVEL\"    #
#                          -I "D:\∏ˆ»À÷ÿ“™◊ ¡œ(Œ…æ)\yuanwm\◊¿√Ê\ZStack-CC253 #
#                          0-2.2.0-1.3.0\ZStack-CC2530-2.2.0-1.3.0\Projects\z #
#                          stack\Samples\MyfirstAPP\CC2530DB\..\..\..\..\..\C #
#                          OMPONENTS\MAC\LOW_LEVEL\srf04\" -I                 #
#                          "D:\∏ˆ»À÷ÿ“™◊ ¡œ(Œ…æ)\yuanwm\◊¿√Ê\ZStack-CC2530-2 #
#                          .2.0-1.3.0\ZStack-CC2530-2.2.0-1.3.0\Projects\zsta #
#                          ck\Samples\MyfirstAPP\CC2530DB\..\..\..\..\..\COMP #
#                          ONENTS\MAC\LOW_LEVEL\srf04\SINGLE_CHIP\" -I        #
#                          "C:\Program Files\IAR Systems\Embedded Workbench   #
#                          5.3 Evaluation version\8051\INC\" -I "C:\Program   #
#                          Files\IAR Systems\Embedded Workbench 5.3           #
#                          Evaluation version\8051\INC\CLIB\" -Ohz            #
#    List file          =  D:\∏ˆ»À÷ÿ“™◊ ¡œ(Œ…æ)\yuanwm\◊¿√Ê\ZStack-CC2530-2. #
#                          2.0-1.3.0\ZStack-CC2530-2.2.0-1.3.0\Projects\zstac #
#                          k\Samples\MyfirstAPP\CC2530DB\CoordinatorEB\List\h #
#                          al_assert.lst                                      #
#    Object file        =  D:\∏ˆ»À÷ÿ“™◊ ¡œ(Œ…æ)\yuanwm\◊¿√Ê\ZStack-CC2530-2. #
#                          2.0-1.3.0\ZStack-CC2530-2.2.0-1.3.0\Projects\zstac #
#                          k\Samples\MyfirstAPP\CC2530DB\CoordinatorEB\Obj\ha #
#                          l_assert.r51                                       #
#                                                                             #
#                                                                             #
###############################################################################

D:\∏ˆ»À÷ÿ“™◊ ¡œ(Œ…æ)\yuanwm\◊¿√Ê\ZStack-CC2530-2.2.0-1.3.0\ZStack-CC2530-2.2.0-1.3.0\Components\hal\common\hal_assert.c
      1          /**************************************************************************************************
      2            Filename:       hal_assert.c
      3            Revised:        $Date: 2008-06-13 19:14:56 -0700 (Fri, 13 Jun 2008) $
      4            Revision:       $Revision: 17243 $
      5          
      6            Description:    Describe the purpose and contents of the file.
      7          
      8          
      9            Copyright 2006-2008 Texas Instruments Incorporated. All rights reserved.
     10          
     11            IMPORTANT: Your use of this Software is limited to those specific rights
     12            granted under the terms of a software license agreement between the user
     13            who downloaded the software, his/her employer (which must be your employer)
     14            and Texas Instruments Incorporated (the "License").  You may not use this
     15            Software unless you agree to abide by the terms of the License. The License
     16            limits your use, and you acknowledge, that the Software may not be modified,
     17            copied or distributed unless embedded on a Texas Instruments microcontroller
     18            or used solely and exclusively in conjunction with a Texas Instruments radio
     19            frequency transceiver, which is integrated into your product.  Other than for
     20            the foregoing purpose, you may not use, reproduce, copy, prepare derivative
     21            works of, modify, distribute, perform, display or sell this Software and/or
     22            its documentation for any purpose.
     23          
     24            YOU FURTHER ACKNOWLEDGE AND AGREE THAT THE SOFTWARE AND DOCUMENTATION ARE
     25            PROVIDED ìAS ISî WITHOUT WARRANTY OF ANY KIND, EITHER EXPRESS OR IMPLIED,
     26            INCLUDING WITHOUT LIMITATION, ANY WARRANTY OF MERCHANTABILITY, TITLE,
     27            NON-INFRINGEMENT AND FITNESS FOR A PARTICULAR PURPOSE. IN NO EVENT SHALL
     28            TEXAS INSTRUMENTS OR ITS LICENSORS BE LIABLE OR OBLIGATED UNDER CONTRACT,
     29            NEGLIGENCE, STRICT LIABILITY, CONTRIBUTION, BREACH OF WARRANTY, OR OTHER
     30            LEGAL EQUITABLE THEORY ANY DIRECT OR INDIRECT DAMAGES OR EXPENSES
     31            INCLUDING BUT NOT LIMITED TO ANY INCIDENTAL, SPECIAL, INDIRECT, PUNITIVE
     32            OR CONSEQUENTIAL DAMAGES, LOST PROFITS OR LOST DATA, COST OF PROCUREMENT
     33            OF SUBSTITUTE GOODS, TECHNOLOGY, SERVICES, OR ANY CLAIMS BY THIRD PARTIES
     34            (INCLUDING BUT NOT LIMITED TO ANY DEFENSE THEREOF), OR OTHER SIMILAR COSTS.
     35          
     36            Should you have any questions regarding your right to use this Software,
     37            contact Texas Instruments Incorporated at www.TI.com.
     38          **************************************************************************************************/
     39          
     40          
     41          /* ------------------------------------------------------------------------------------------------
     42           *                                          Includes
     43           * ------------------------------------------------------------------------------------------------
     44           */
     45          #include "hal_assert.h"
     46          #include "hal_types.h"
     47          #include "hal_board.h"

   \                                 In  segment SFR_AN, at 0x8f
   \   unsigned char volatile __sfr P0INP
   \                     P0INP:
   \   000000                DS 1

   \                                 In  segment SFR_AN, at 0x90
   \   union <unnamed> volatile __sfr _A_P1
   \                     _A_P1:
   \   000000                DS 1

   \                                 In  segment SFR_AN, at 0x9d
   \   unsigned char volatile __sfr SLEEPSTA
   \                     SLEEPSTA:
   \   000000                DS 1

   \                                 In  segment SFR_AN, at 0x9e
   \   unsigned char volatile __sfr CLKCONSTA
   \                     CLKCONSTA:
   \   000000                DS 1

   \                                 In  segment SFR_AN, at 0xa0
   \   union <unnamed> volatile __sfr _A_P2
   \                     _A_P2:
   \   000000                DS 1

   \                                 In  segment SFR_AN, at 0xa8
   \   union <unnamed> volatile __sfr _A_IEN0
   \                     _A_IEN0:
   \   000000                DS 1

   \                                 In  segment SFR_AN, at 0xbe
   \   unsigned char volatile __sfr SLEEPCMD
   \                     SLEEPCMD:
   \   000000                DS 1

   \                                 In  segment SFR_AN, at 0xc6
   \   unsigned char volatile __sfr CLKCONCMD
   \                     CLKCONCMD:
   \   000000                DS 1

   \                                 In  segment SFR_AN, at 0xfd
   \   unsigned char volatile __sfr P0DIR
   \                     P0DIR:
   \   000000                DS 1

   \                                 In  segment SFR_AN, at 0xfe
   \   unsigned char volatile __sfr P1DIR
   \                     P1DIR:
   \   000000                DS 1
     48          #include "hal_defs.h"
     49          #include "hal_mcu.h"
     50          
     51          #ifndef HAL_ONLY_BUILD
     52            /* for access to debug data */
     53            #include "mac_rx.h"
     54            #include "mac_tx.h"
     55          #endif
     56          
     57          /* ------------------------------------------------------------------------------------------------
     58           *                                       Local Prototypes
     59           * ------------------------------------------------------------------------------------------------
     60           */
     61          void halAssertHazardLights(void);
     62          
     63          
     64          /**************************************************************************************************
     65           * @fn          halAssertHandler
     66           *
     67           * @brief       Logic to handle an assert.
     68           *
     69           * @param       none
     70           *
     71           * @return      none
     72           **************************************************************************************************
     73           */

   \                                 In  segment BANKED_CODE, align 1, keep-with-next
     74          void halAssertHandler(void)
   \                     halAssertHandler:
     75          {
   \   000000   C082         PUSH    DPL
   \   000002   C083         PUSH    DPH
   \   000004                ; Saved register size: 2
   \   000004                ; Auto size: 0
     76            /* execute code that handles asserts */
     77          #ifdef ASSERT_RESET
     78            HAL_SYSTEM_RESET();
     79          #else
     80            halAssertHazardLights();
   \   000004                ; Setup parameters for call to function halAssertHazardLights
   \   000004   12....       LCALL   ??halAssertHazardLights?relay
     81          #endif
     82          
     83          }
   \   000007   D083         POP     DPH
   \   000009   D082         POP     DPL
   \   00000B   02....       LJMP    ?BRET
     84          
     85          
     86          /**************************************************************************************************
     87           * @fn          halAssertHazardLights
     88           *
     89           * @brief       Blink LEDs to indicate an error.
     90           *
     91           * @param       none
     92           *
     93           * @return      none
     94           **************************************************************************************************
     95           */

   \                                 In  segment BANKED_CODE, align 1, keep-with-next
     96          void halAssertHazardLights(void)
   \                     halAssertHazardLights:
     97          {
   \   000000   74F4         MOV     A,#-0xc
   \   000002   12....       LCALL   ?BANKED_ENTER_XDATA
   \   000005                ; Saved register size: 12
   \   000005                ; Auto size: 10
   \   000005   74F6         MOV     A,#-0xa
   \   000007   12....       LCALL   ?ALLOC_XSTACK8
     98            enum
     99            {
    100              DEBUG_DATA_RSTACK_HIGH_OFS,
    101              DEBUG_DATA_RSTACK_LOW_OFS,
    102              DEBUG_DATA_TX_ACTIVE_OFS,
    103              DEBUG_DATA_RX_ACTIVE_OFS,
    104          
    105          #if (defined HAL_MCU_AVR) || (defined HAL_MCU_CC2430)
    106              DEBUG_DATA_INT_MASK_OFS,
    107          #elif (defined HAL_MCU_CC2530)
    108              DEBUG_DATA_INT_MASK0_OFS,
    109              DEBUG_DATA_INT_MASK1_OFS,
    110          #endif
    111          
    112              DEBUG_DATA_SIZE
    113            };
    114          
    115            uint8 buttonHeld;
    116            uint8 debugData[DEBUG_DATA_SIZE];
    117          
    118            /* disable all interrupts before anything else */
    119            HAL_DISABLE_INTERRUPTS();
   \   00000A   C2AF         CLR     0xa8.7
    120          
    121            /*-------------------------------------------------------------------------------
    122             *  Initialize LEDs and turn them off.
    123             */
    124            HAL_BOARD_INIT();
   \   00000C   53BEFB       ANL     0xbe,#0xfb
   \                     ??halAssertHazardLights_0:
   \   00000F   E59D         MOV     A,0x9d
   \   000011   A2E6         MOV     C,0xE0 /* A   */.6
   \   000013   50FA         JNC     ??halAssertHazardLights_0
   \   000015   00           NOP
   \   000016   78F8         MOV     R0,#-0x8
   \   000018   7901         MOV     R1,#0x1
   \                     ??halAssertHazardLights_1:
   \   00001A   00           NOP
   \   00001B   E8           MOV     A,R0
   \   00001C   24FF         ADD     A,#-0x1
   \   00001E   18           DEC     R0
   \   00001F   E9           MOV     A,R1
   \   000020   34FF         ADDC    A,#-0x1
   \   000022   F9           MOV     R1,A
   \   000023   E8           MOV     A,R0
   \   000024   7001         JNZ     ??halAssertHazardLights_2
   \   000026   E9           MOV     A,R1
   \                     ??halAssertHazardLights_2:
   \   000027   70F1         JNZ     ??halAssertHazardLights_1
   \   000029   75C600       MOV     0xc6,#0x0
   \                     ??halAssertHazardLights_3:
   \   00002C   E59E         MOV     A,0x9e
   \   00002E   70FC         JNZ     ??halAssertHazardLights_3
   \   000030   43BE04       ORL     0xbe,#0x4
   \   000033   43FE01       ORL     0xfe,#0x1
   \   000036   43FD80       ORL     0xfd,#0x80
   \   000039   438F04       ORL     0x8f,#0x4
    125          
    126            HAL_TURN_OFF_LED1();
   \   00003C   D290         SETB    0x90.0
    127            HAL_TURN_OFF_LED2();
   \   00003E   D291         SETB    0x90.1
    128            HAL_TURN_OFF_LED3();
   \   000040   D292         SETB    0x90.2
    129            HAL_TURN_OFF_LED4();
   \   000042   D293         SETB    0x90.3
   \   000044   8019         SJMP    ??halAssertHazardLights_4
    130          
    131            /*-------------------------------------------------------------------------------
    132             *  Master infinite loop.
    133             */
    134            for (;;)
    135            {
    136              buttonHeld = 0;
    137          
    138              /*-------------------------------------------------------------------------------
    139               *  "Hazard lights" loop.  A held keypress will exit this loop.
    140               */
    141              do
    142              {
    143                HAL_LED_BLINK_DELAY();
    144          
    145                /* toggle LEDS, the #ifdefs are in case HAL has logically remapped non-existent LEDs */
    146          #if (HAL_NUM_LEDS >= 1)
    147                HAL_TOGGLE_LED1();
    148          #if (HAL_NUM_LEDS >= 2)
    149                HAL_TOGGLE_LED2();
    150          #if (HAL_NUM_LEDS >= 3)
    151                HAL_TOGGLE_LED3();
    152          #if (HAL_NUM_LEDS >= 4)
    153                HAL_TOGGLE_LED4();
    154          #endif
    155          #endif
    156          #endif
    157          #endif
    158          
    159                /* escape hatch to continue execution, set escape to '1' to continue execution */
    160                {
    161                  static uint8 escape = 0;
    162                  if (escape)
    163                  {
    164                    escape = 0;
    165                    return;
    166                  }
    167                }
    168          
    169                /* break out of loop if button is held long enough */
    170                if (HAL_PUSH_BUTTON1())
    171                {
    172                  buttonHeld++;
    173                }
    174                else
    175                {
    176                  buttonHeld = 0;
    177                }
    178              }
    179              while (buttonHeld != 10);  /* loop until button is held specified number of loops */
    180          
    181              /*-------------------------------------------------------------------------------
    182               *  Just exited from "hazard lights" loop.
    183               */
    184          
    185              /* turn off all LEDs */
    186              HAL_TURN_OFF_LED1();
    187              HAL_TURN_OFF_LED2();
    188              HAL_TURN_OFF_LED3();
    189              HAL_TURN_OFF_LED4();
    190          
    191              /* wait for button release */
    192              HAL_DEBOUNCE(!HAL_PUSH_BUTTON1());
    193          
    194              /*-------------------------------------------------------------------------------
    195               *  Load debug data into memory.
    196               */
    197          #ifdef HAL_MCU_AVR
    198              {
    199                uint8 * pStack;
    200                pStack = (uint8 *) SP;
    201                pStack++; /* point to return address on stack */
    202                debugData[DEBUG_DATA_RSTACK_HIGH_OFS] = *pStack;
    203                pStack++;
    204                debugData[DEBUG_DATA_RSTACK_LOW_OFS] = *pStack;
    205              }
    206              debugData[DEBUG_DATA_INT_MASK_OFS] = EIMSK;
    207          #endif
    208          
    209          #if (defined HAL_MCU_CC2430)
    210              debugData[DEBUG_DATA_INT_MASK_OFS] = RFIM;
    211          #elif (defined HAL_MCU_CC2530)
    212              debugData[DEBUG_DATA_INT_MASK0_OFS] = RFIRQM0;
    213              debugData[DEBUG_DATA_INT_MASK1_OFS] = RFIRQM1;
    214          #endif
    215          
    216          
    217          #ifndef HAL_ONLY_BUILD
    218              debugData[DEBUG_DATA_TX_ACTIVE_OFS] = macTxActive;
    219              debugData[DEBUG_DATA_RX_ACTIVE_OFS] = macRxActive;
    220          #endif
    221          
    222             /* initialize for data dump loop */
    223              {
    224                uint8 iBit;
    225                uint8 iByte;
    226          
    227                iBit  = 0;
    228                iByte = 0;
    229          
    230                /*-------------------------------------------------------------------------------
    231                 *  Data dump loop.  A button press cycles data bits to an LED.
    232                 */
    233                while (iByte < DEBUG_DATA_SIZE)
    234                {
    235                  /* wait for key press */
    236                  while(!HAL_PUSH_BUTTON1());
    237          
    238                  /* turn on all LEDs for first bit of byte, turn on three LEDs if not first bit */
    239                  HAL_TURN_ON_LED1();
    240                  HAL_TURN_ON_LED2();
    241                  HAL_TURN_ON_LED3();
    242                  if (iBit == 0)
    243                  {
    244                    HAL_TURN_ON_LED4();
    245                  }
    246                  else
    247                  {
    248                    HAL_TURN_OFF_LED4();
    249                  }
    250          
    251                  /* wait for debounced key release */
    252                  HAL_DEBOUNCE(!HAL_PUSH_BUTTON1());
    253          
    254                  /* turn off all LEDs */
    255                  HAL_TURN_OFF_LED1();
    256                  HAL_TURN_OFF_LED2();
    257                  HAL_TURN_OFF_LED3();
    258                  HAL_TURN_OFF_LED4();
    259          
    260                  /* output value of data bit to LED1 */
    261                  if (debugData[iByte] & (1 << (7 - iBit)))
    262                  {
    263                    HAL_TURN_ON_LED1();
    264                  }
    265                  else
    266                  {
    267                    HAL_TURN_OFF_LED1();
   \                     ??halAssertHazardLights_5:
   \   000046   D290         SETB    0x90.0
    268                  }
    269          
    270                  /* advance to next bit */
    271                  iBit++;
   \                     ??halAssertHazardLights_6:
   \   000048   0C           INC     R4
    272                  if (iBit == 8)
   \   000049   7408         MOV     A,#0x8
   \   00004B   6C           XRL     A,R4
   \   00004C   6003         JZ      $+5
   \   00004E   02....       LJMP    ??halAssertHazardLights_7 & 0xFFFF
    273                  {
    274                    iBit = 0;
   \   000051   7C00         MOV     R4,#0x0
    275                    iByte++;
   \   000053   0B           INC     R3
    276                  }
   \   000054   EB           MOV     A,R3
   \   000055   C3           CLR     C
   \   000056   9406         SUBB    A,#0x6
   \   000058   5003         JNC     $+5
   \   00005A   02....       LJMP    ??halAssertHazardLights_7 & 0xFFFF
    277                }
    278              }
    279          
    280              /*
    281               *  About to enter "hazard lights" loop again.  Turn off LED1 in case the last bit
    282               *  displayed happened to be one.  This guarantees all LEDs are off at the start of
    283               *  the flashing loop which uses a toggle operation to change LED states.
    284               */
    285              HAL_TURN_OFF_LED1();
   \   00005D   D290         SETB    0x90.0
   \                     ??halAssertHazardLights_4:
   \   00005F   7A00         MOV     R2,#0x0
   \   000061   8009         SJMP    ??halAssertHazardLights_8
   \                     ??halAssertHazardLights_9:
   \   000063   0A           INC     R2
   \   000064   740A         MOV     A,#0xa
   \   000066   6A           XRL     A,R2
   \   000067   7003         JNZ     $+5
   \   000069   02....       LJMP    ??halAssertHazardLights_10 & 0xFFFF
   \                     ??halAssertHazardLights_8:
   \   00006C   90....       MOV     DPTR,#__Constant_0
   \   00006F   78..         MOV     R0,#?V0 + 0
   \   000071   12....       LCALL   ?L_MOV_X
   \   000074   7406         MOV     A,#0x6
   \   000076   12....       LCALL   ?XSTACK_DISP0_8
   \   000079   78..         MOV     R0,#?V0 + 0
   \   00007B   12....       LCALL   ?L_MOV_TO_X
   \   00007E   8012         SJMP    ??halAssertHazardLights_11
   \                     ??halAssertHazardLights_12:
   \   000080   90....       MOV     DPTR,#__Constant_1
   \   000083   78..         MOV     R0,#?V0 + 0
   \   000085   12....       LCALL   ?L_MOV_X
   \   000088   7406         MOV     A,#0x6
   \   00008A   12....       LCALL   ?XSTACK_DISP0_8
   \   00008D   78..         MOV     R0,#?V0 + 0
   \   00008F   12....       LCALL   ?L_ADD_TO_X
   \                     ??halAssertHazardLights_11:
   \   000092   7406         MOV     A,#0x6
   \   000094   12....       LCALL   ?XSTACK_DISP0_8
   \   000097   C082         PUSH    DPL
   \   000099   C083         PUSH    DPH
   \   00009B   90....       MOV     DPTR,#__Constant_5800
   \   00009E   78..         MOV     R0,#?V0 + 0
   \   0000A0   12....       LCALL   ?L_MOV_X
   \   0000A3   D083         POP     DPH
   \   0000A5   D082         POP     DPL
   \   0000A7   78..         MOV     R0,#?V0 + 0
   \   0000A9   12....       LCALL   ?UL_GT_X
   \   0000AC   40D2         JC      ??halAssertHazardLights_12
   \   0000AE   A290         MOV     C,0x90.0
   \   0000B0   5004         JNC     ??halAssertHazardLights_13
   \   0000B2   C290         CLR     0x90.0
   \   0000B4   8002         SJMP    ??halAssertHazardLights_14
   \                     ??halAssertHazardLights_13:
   \   0000B6   D290         SETB    0x90.0
   \                     ??halAssertHazardLights_14:
   \   0000B8   A291         MOV     C,0x90.1
   \   0000BA   5004         JNC     ??halAssertHazardLights_15
   \   0000BC   C291         CLR     0x90.1
   \   0000BE   8002         SJMP    ??halAssertHazardLights_16
   \                     ??halAssertHazardLights_15:
   \   0000C0   D291         SETB    0x90.1
   \                     ??halAssertHazardLights_16:
   \   0000C2   A292         MOV     C,0x90.2
   \   0000C4   5004         JNC     ??halAssertHazardLights_17
   \   0000C6   C292         CLR     0x90.2
   \   0000C8   8002         SJMP    ??halAssertHazardLights_18
   \                     ??halAssertHazardLights_17:
   \   0000CA   D292         SETB    0x90.2
   \                     ??halAssertHazardLights_18:
   \   0000CC   A293         MOV     C,0x90.3
   \   0000CE   5004         JNC     ??halAssertHazardLights_19
   \   0000D0   C293         CLR     0x90.3
   \   0000D2   8002         SJMP    ??halAssertHazardLights_20
   \                     ??halAssertHazardLights_19:
   \   0000D4   D293         SETB    0x90.3
   \                     ??halAssertHazardLights_20:
   \   0000D6   90....       MOV     DPTR,#??escape
   \   0000D9   E0           MOVX    A,@DPTR
   \   0000DA   600C         JZ      ??halAssertHazardLights_21
   \   0000DC   E4           CLR     A
   \   0000DD   F0           MOVX    @DPTR,A
   \   0000DE   740A         MOV     A,#0xa
   \   0000E0   12....       LCALL   ?DEALLOC_XSTACK8
   \   0000E3   7F04         MOV     R7,#0x4
   \   0000E5   02....       LJMP    ?BANKED_LEAVE_XDATA
   \                     ??halAssertHazardLights_21:
   \   0000E8   A2A1         MOV     C,0xa0.1
   \   0000EA   5003         JNC     $+5
   \   0000EC   02....       LJMP    ??halAssertHazardLights_9 & 0xFFFF
   \   0000EF   02....       LJMP    ??halAssertHazardLights_4 & 0xFFFF
   \                     ??halAssertHazardLights_10:
   \   0000F2   D290         SETB    0x90.0
   \   0000F4   D291         SETB    0x90.1
   \   0000F6   D292         SETB    0x90.2
   \   0000F8   D293         SETB    0x90.3
   \   0000FA   7800         MOV     R0,#0x0
   \   0000FC   7900         MOV     R1,#0x0
   \                     ??halAssertHazardLights_22:
   \   0000FE   A2A1         MOV     C,0xa0.1
   \   000100   5004         JNC     ??halAssertHazardLights_23
   \   000102   7800         MOV     R0,#0x0
   \   000104   7900         MOV     R1,#0x0
   \                     ??halAssertHazardLights_23:
   \   000106   12....       LCALL   ?Subroutine0 & 0xFFFF
   \                     ??CrossCallReturnLabel_0:
   \   000109   40F3         JC      ??halAssertHazardLights_22
   \   00010B   9061A3       MOV     DPTR,#0x61a3
   \   00010E   E0           MOVX    A,@DPTR
   \   00010F   C0E0         PUSH    A
   \   000111   7404         MOV     A,#0x4
   \   000113   12....       LCALL   ?XSTACK_DISP0_8
   \   000116   D0E0         POP     A
   \   000118   F0           MOVX    @DPTR,A
   \   000119   9061A4       MOV     DPTR,#0x61a4
   \   00011C   E0           MOVX    A,@DPTR
   \   00011D   C0E0         PUSH    A
   \   00011F   7405         MOV     A,#0x5
   \   000121   12....       LCALL   ?XSTACK_DISP0_8
   \   000124   D0E0         POP     A
   \   000126   F0           MOVX    @DPTR,A
   \   000127   90....       MOV     DPTR,#macTxActive
   \   00012A   E0           MOVX    A,@DPTR
   \   00012B   C0E0         PUSH    A
   \   00012D   7402         MOV     A,#0x2
   \   00012F   12....       LCALL   ?XSTACK_DISP0_8
   \   000132   D0E0         POP     A
   \   000134   F0           MOVX    @DPTR,A
   \   000135   90....       MOV     DPTR,#macRxActive
   \   000138   E0           MOVX    A,@DPTR
   \   000139   C0E0         PUSH    A
   \   00013B   7403         MOV     A,#0x3
   \   00013D   12....       LCALL   ?XSTACK_DISP0_8
   \   000140   D0E0         POP     A
   \   000142   F0           MOVX    @DPTR,A
   \   000143   7C00         MOV     R4,#0x0
   \   000145   7B00         MOV     R3,#0x0
   \                     ??halAssertHazardLights_7:
   \   000147   A2A1         MOV     C,0xa0.1
   \   000149   50FC         JNC     ??halAssertHazardLights_7
   \   00014B   C290         CLR     0x90.0
   \   00014D   C291         CLR     0x90.1
   \   00014F   C292         CLR     0x90.2
   \   000151   EC           MOV     A,R4
   \   000152   7004         JNZ     ??halAssertHazardLights_24
   \   000154   C293         CLR     0x90.3
   \   000156   8002         SJMP    ??halAssertHazardLights_25
   \                     ??halAssertHazardLights_24:
   \   000158   D293         SETB    0x90.3
   \                     ??halAssertHazardLights_25:
   \   00015A   7800         MOV     R0,#0x0
   \   00015C   7900         MOV     R1,#0x0
   \                     ??halAssertHazardLights_26:
   \   00015E   A2A1         MOV     C,0xa0.1
   \   000160   5004         JNC     ??halAssertHazardLights_27
   \   000162   7800         MOV     R0,#0x0
   \   000164   7900         MOV     R1,#0x0
   \                     ??halAssertHazardLights_27:
   \   000166   12....       LCALL   ?Subroutine0 & 0xFFFF
   \                     ??CrossCallReturnLabel_1:
   \   000169   40F3         JC      ??halAssertHazardLights_26
   \   00016B   D290         SETB    0x90.0
   \   00016D   D291         SETB    0x90.1
   \   00016F   D292         SETB    0x90.2
   \   000171   D293         SETB    0x90.3
   \   000173   75..01       MOV     ?V0 + 0,#0x1
   \   000176   75..00       MOV     ?V0 + 1,#0x0
   \   000179   7407         MOV     A,#0x7
   \   00017B   C3           CLR     C
   \   00017C   9C           SUBB    A,R4
   \   00017D   78..         MOV     R0,#?V0 + 0
   \   00017F   12....       LCALL   ?S_SHL
   \   000182   C0..         PUSH    ?V0 + 0
   \   000184   8B..         MOV     ?V0 + 0,R3
   \   000186   85..82       MOV     DPL,?XSP + 0
   \   000189   85..83       MOV     DPH,?XSP + 1
   \   00018C   E582         MOV     A,DPL
   \   00018E   25..         ADD     A,?V0 + 0
   \   000190   F582         MOV     DPL,A
   \   000192   E583         MOV     A,DPH
   \   000194   3400         ADDC    A,#0x0
   \   000196   F583         MOV     DPH,A
   \   000198   D0E0         POP     A
   \   00019A   FA           MOV     R2,A
   \   00019B   E0           MOVX    A,@DPTR
   \   00019C   5A           ANL     A,R2
   \   00019D   7003         JNZ     $+5
   \   00019F   02....       LJMP    ??halAssertHazardLights_5 & 0xFFFF
   \   0001A2   C290         CLR     0x90.0
   \   0001A4   02....       LJMP    ??halAssertHazardLights_6 & 0xFFFF
   \   0001A7                REQUIRE SLEEPSTA
   \   0001A7                REQUIRE CLKCONSTA
   \   0001A7                REQUIRE _A_P2
   \   0001A7                REQUIRE _A_IEN0
   \   0001A7                REQUIRE P0INP
   \   0001A7                REQUIRE _A_P1
   \   0001A7                REQUIRE SLEEPCMD
   \   0001A7                REQUIRE CLKCONCMD
   \   0001A7                REQUIRE P0DIR
   \   0001A7                REQUIRE P1DIR
    286            }
    287          }

   \                                 In  segment BANKED_CODE, align 1, keep-with-next
   \                     ?Subroutine0:
   \   000000   E8           MOV     A,R0
   \   000001   2401         ADD     A,#0x1
   \   000003   08           INC     R0
   \   000004   E9           MOV     A,R1
   \   000005   3400         ADDC    A,#0x0
   \   000007   F9           MOV     R1,A
   \   000008   C3           CLR     C
   \   000009   E8           MOV     A,R0
   \   00000A   94F4         SUBB    A,#-0xc
   \   00000C   E9           MOV     A,R1
   \   00000D   9401         SUBB    A,#0x1
   \   00000F   A2D2         MOV     C,0xD0 /* PSW */.2
   \   000011   65D0         XRL     A,PSW
   \   000013   33           RLC     A
   \   000014   22           RET

   \                                 In  segment XDATA_Z, align 1, keep-with-next
   \                     ??escape:
   \   000000                DS 1
   \   000001                REQUIRE __INIT_XDATA_Z

   \                                 In  segment XDATA_ROM_C, align 1
   \                     __Constant_0:
   \   000000   00000000     DD 0

   \                                 In  segment XDATA_ROM_C, align 1
   \                     __Constant_1:
   \   000000   01000000     DD 1

   \                                 In  segment XDATA_ROM_C, align 1
   \                     __Constant_5800:
   \   000000   00580000     DD 22528

   \                                 In  segment BANK_RELAYS, align 1
   \                     ??halAssertHandler?relay:
   \   000000   12....       LCALL   ?BDISPATCH
   \   000003   ......       DC24    halAssertHandler

   \                                 In  segment BANK_RELAYS, align 1
   \                     ??halAssertHazardLights?relay:
   \   000000   12....       LCALL   ?BDISPATCH
   \   000003   ......       DC24    halAssertHazardLights
    288          
    289          
    290          /* ------------------------------------------------------------------------------------------------
    291           *                                    Compile Time Assertions
    292           * ------------------------------------------------------------------------------------------------
    293           */
    294          
    295          /* integrity check of type sizes */
    296          HAL_ASSERT_SIZE(  int8, 1);
    297          HAL_ASSERT_SIZE( uint8, 1);
    298          HAL_ASSERT_SIZE( int16, 2);
    299          HAL_ASSERT_SIZE(uint16, 2);
    300          HAL_ASSERT_SIZE( int32, 4);
    301          HAL_ASSERT_SIZE(uint32, 4);
    302          
    303          
    304          /**************************************************************************************************
    305          */

   Maximum stack usage in bytes:

     Function                   ISTACK PSTACK XSTACK
     --------                   ------ ------ ------
     halAssertHandler               2      0      0
       -> halAssertHazardLights     4      0      0
     halAssertHazardLights          2      0     22


   Segment part sizes:

     Function/Label                Bytes
     --------------                -----
     P0INP                            1
     _A_P1                            1
     SLEEPSTA                         1
     CLKCONSTA                        1
     _A_P2                            1
     _A_IEN0                          1
     SLEEPCMD                         1
     CLKCONCMD                        1
     P0DIR                            1
     P1DIR                            1
     halAssertHandler                14
     halAssertHazardLights          423
     ?Subroutine0                    21
     escape                           1
     __Constant_0                     4
     __Constant_1                     4
     __Constant_5800                  4
     ??halAssertHandler?relay         6
     ??halAssertHazardLights?relay    6

 
 458 bytes in segment BANKED_CODE
  12 bytes in segment BANK_RELAYS
  10 bytes in segment SFR_AN
  12 bytes in segment XDATA_ROM_C
   1 byte  in segment XDATA_Z
 
 470 bytes of CODE  memory
   0 bytes of CONST memory (+ 12 bytes shared)
   0 bytes of DATA  memory (+ 10 bytes shared)
   1 byte  of XDATA memory

Errors: none
Warnings: none
