###############################################################################
#                                                                             #
# IAR C/C++ Compiler V7.51A/W32 for 8051                25/Dec/2012  10:16:53 #
# Copyright 2004-2009 IAR Systems AB.                                         #
#                                                                             #
#    Core               =  plain                                              #
#    Code model         =  banked                                             #
#    Data model         =  large                                              #
#    Calling convention =  xdata reentrant                                    #
#    Constant location  =  data_rom                                           #
#    Dptr setup         =  1,16                                               #
#    Source file        =  D:\个人重要资料(勿删)\yuanwm\桌面\ZStack-CC2530-2. #
#                          2.0-1.3.0\ZStack-CC2530-2.2.0-1.3.0\Projects\zstac #
#                          k\Samples\MyfirstAPP\Source\OSAL_MyfirstAppCoord.c #
#    Command line       =  -f "D:\个人重要资料(勿删)\yuanwm\桌面\ZStack-CC253 #
#                          0-2.2.0-1.3.0\ZStack-CC2530-2.2.0-1.3.0\Projects\z #
#                          stack\Samples\MyfirstAPP\CC2530DB\..\..\..\Tools\C #
#                          C2530DB\f8wCoord.cfg" (-DCPU32MHZ                  #
#                          -DROOT=__near_func -DMAC_CFG_APP_PENDING_QUEUE=TRU #
#                          E -DZDO_COORDINATOR -DRTR_NWK -DBLINK_LEDS) -f     #
#                          "D:\个人重要资料(勿删)\yuanwm\桌面\ZStack-CC2530-2 #
#                          .2.0-1.3.0\ZStack-CC2530-2.2.0-1.3.0\Projects\zsta #
#                          ck\Samples\MyfirstAPP\CC2530DB\..\..\..\Tools\CC25 #
#                          30DB\f8wConfig.cfg" (-DSECURE=0                    #
#                          -DZG_SECURE_DYNAMIC=0 -DREFLECTOR                  #
#                          -DDEFAULT_CHANLIST=0x02000000                      #
#                          -DZDAPP_CONFIG_PAN_ID=0xFFFF                       #
#                          -DNWK_START_DELAY=100 -DEXTENDED_JOINING_RANDOM_MA #
#                          SK=0x007F -DBEACON_REQUEST_DELAY=100               #
#                          -DBEACON_REQ_DELAY_MASK=0x00FF                     #
#                          -DROUTE_EXPIRY_TIME=30 -DAPSC_ACK_WAIT_DURATION_PO #
#                          LLED=3000 -DNWK_INDIRECT_MSG_TIMEOUT=7             #
#                          -DMAX_RREQ_ENTRIES=8 -DAPSC_MAX_FRAME_RETRIES=3    #
#                          -DNWK_MAX_DATA_RETRIES=2                           #
#                          -DMAX_POLL_FAILURE_RETRIES=2 -DMAX_BCAST=9         #
#                          -DAPS_MAX_GROUPS=16 -DMAX_RTG_ENTRIES=40           #
#                          -DNWK_MAX_BINDING_ENTRIES=4                        #
#                          -DMAX_BINDING_CLUSTER_IDS=4 "-DDEFAULT_KEY={0x01,  #
#                          0x03, 0x05, 0x07, 0x09, 0x0B, 0x0D, 0x0F, 0x00,    #
#                          0x02, 0x04, 0x06, 0x08, 0x0A, 0x0C, 0x0D}"         #
#                          -DMAC_MAX_FRAME_SIZE=116 "-DCONST=const __code"    #
#                          -DGENERIC=__generic -DRFD_RCVC_ALWAYS_ON=FALSE     #
#                          -DPOLL_RATE=1000 -DQUEUED_POLL_RATE=100            #
#                          -DRESPONSE_POLL_RATE=100) -DREJOIN_POLL_RATE=440   #
#                          "D:\个人重要资料(勿删)\yuanwm\桌面\ZStack-CC2530-2 #
#                          .2.0-1.3.0\ZStack-CC2530-2.2.0-1.3.0\Projects\zsta #
#                          ck\Samples\MyfirstAPP\Source\OSAL_MyfirstAppCoord. #
#                          c" -D ZTOOL_P1 -D MT_TASK -D MT_SYS_FUNC -D        #
#                          MT_ZDO_FUNC -D LCD_SUPPORTED=DEBUG -D              #
#                          HAL_UART=TRUE -D SERIAL_APP_PORT=0 -D              #
#                          HOLD_AUTO_START -D DH_AD_KEY_DEVICE -lC            #
#                          "D:\个人重要资料(勿删)\yuanwm\桌面\ZStack-CC2530-2 #
#                          .2.0-1.3.0\ZStack-CC2530-2.2.0-1.3.0\Projects\zsta #
#                          ck\Samples\MyfirstAPP\CC2530DB\CoordinatorEB\List\ #
#                          " -lA "D:\个人重要资料(勿删)\yuanwm\桌面\ZStack-CC #
#                          2530-2.2.0-1.3.0\ZStack-CC2530-2.2.0-1.3.0\Project #
#                          s\zstack\Samples\MyfirstAPP\CC2530DB\CoordinatorEB #
#                          \List\" --diag_suppress Pe001,Pa010 -o             #
#                          "D:\个人重要资料(勿删)\yuanwm\桌面\ZStack-CC2530-2 #
#                          .2.0-1.3.0\ZStack-CC2530-2.2.0-1.3.0\Projects\zsta #
#                          ck\Samples\MyfirstAPP\CC2530DB\CoordinatorEB\Obj\" #
#                           -e --require_prototypes --debug --core=plain      #
#                          --dptr=16,1 --data_model=large                     #
#                          --code_model=banked --calling_convention=xdata_ree #
#                          ntrant --place_constants=data_rom                  #
#                          --nr_virtual_regs 8 -I "D:\个人重要资料(勿删)\yuan #
#                          wm\桌面\ZStack-CC2530-2.2.0-1.3.0\ZStack-CC2530-2. #
#                          2.0-1.3.0\Projects\zstack\Samples\MyfirstAPP\CC253 #
#                          0DB\" -I "D:\个人重要资料(勿删)\yuanwm\桌面\ZStack #
#                          -CC2530-2.2.0-1.3.0\ZStack-CC2530-2.2.0-1.3.0\Proj #
#                          ects\zstack\Samples\MyfirstAPP\CC2530DB\..\SOURCE\ #
#                          " -I "D:\个人重要资料(勿删)\yuanwm\桌面\ZStack-CC2 #
#                          530-2.2.0-1.3.0\ZStack-CC2530-2.2.0-1.3.0\Projects #
#                          \zstack\Samples\MyfirstAPP\CC2530DB\..\..\..\ZMAIN #
#                          \TI2530DB\" -I "D:\个人重要资料(勿删)\yuanwm\桌面\ #
#                          ZStack-CC2530-2.2.0-1.3.0\ZStack-CC2530-2.2.0-1.3. #
#                          0\Projects\zstack\Samples\MyfirstAPP\CC2530DB\..\. #
#                          .\..\..\..\COMPONENTS\MT\" -I                      #
#                          "D:\个人重要资料(勿删)\yuanwm\桌面\ZStack-CC2530-2 #
#                          .2.0-1.3.0\ZStack-CC2530-2.2.0-1.3.0\Projects\zsta #
#                          ck\Samples\MyfirstAPP\CC2530DB\..\..\..\..\..\COMP #
#                          ONENTS\HAL\INCLUDE\" -I "D:\个人重要资料(勿删)\yua #
#                          nwm\桌面\ZStack-CC2530-2.2.0-1.3.0\ZStack-CC2530-2 #
#                          .2.0-1.3.0\Projects\zstack\Samples\MyfirstAPP\CC25 #
#                          30DB\..\..\..\..\..\COMPONENTS\HAL\TARGET\CC2530EB #
#                          \" -I "D:\个人重要资料(勿删)\yuanwm\桌面\ZStack-CC #
#                          2530-2.2.0-1.3.0\ZStack-CC2530-2.2.0-1.3.0\Project #
#                          s\zstack\Samples\MyfirstAPP\CC2530DB\..\..\..\..\. #
#                          .\COMPONENTS\OSAL\MCU\CCSOC\" -I                   #
#                          "D:\个人重要资料(勿删)\yuanwm\桌面\ZStack-CC2530-2 #
#                          .2.0-1.3.0\ZStack-CC2530-2.2.0-1.3.0\Projects\zsta #
#                          ck\Samples\MyfirstAPP\CC2530DB\..\..\..\..\..\COMP #
#                          ONENTS\OSAL\INCLUDE\" -I                           #
#                          "D:\个人重要资料(勿删)\yuanwm\桌面\ZStack-CC2530-2 #
#                          .2.0-1.3.0\ZStack-CC2530-2.2.0-1.3.0\Projects\zsta #
#                          ck\Samples\MyfirstAPP\CC2530DB\..\..\..\..\..\COMP #
#                          ONENTS\STACK\AF\" -I "D:\个人重要资料(勿删)\yuanwm #
#                          \桌面\ZStack-CC2530-2.2.0-1.3.0\ZStack-CC2530-2.2. #
#                          0-1.3.0\Projects\zstack\Samples\MyfirstAPP\CC2530D #
#                          B\..\..\..\..\..\COMPONENTS\STACK\NWK\" -I         #
#                          "D:\个人重要资料(勿删)\yuanwm\桌面\ZStack-CC2530-2 #
#                          .2.0-1.3.0\ZStack-CC2530-2.2.0-1.3.0\Projects\zsta #
#                          ck\Samples\MyfirstAPP\CC2530DB\..\..\..\..\..\COMP #
#                          ONENTS\STACK\SEC\" -I "D:\个人重要资料(勿删)\yuanw #
#                          m\桌面\ZStack-CC2530-2.2.0-1.3.0\ZStack-CC2530-2.2 #
#                          .0-1.3.0\Projects\zstack\Samples\MyfirstAPP\CC2530 #
#                          DB\..\..\..\..\..\COMPONENTS\STACK\SAPI\" -I       #
#                          "D:\个人重要资料(勿删)\yuanwm\桌面\ZStack-CC2530-2 #
#                          .2.0-1.3.0\ZStack-CC2530-2.2.0-1.3.0\Projects\zsta #
#                          ck\Samples\MyfirstAPP\CC2530DB\..\..\..\..\..\COMP #
#                          ONENTS\STACK\SYS\" -I "D:\个人重要资料(勿删)\yuanw #
#                          m\桌面\ZStack-CC2530-2.2.0-1.3.0\ZStack-CC2530-2.2 #
#                          .0-1.3.0\Projects\zstack\Samples\MyfirstAPP\CC2530 #
#                          DB\..\..\..\..\..\COMPONENTS\STACK\ZDO\" -I        #
#                          "D:\个人重要资料(勿删)\yuanwm\桌面\ZStack-CC2530-2 #
#                          .2.0-1.3.0\ZStack-CC2530-2.2.0-1.3.0\Projects\zsta #
#                          ck\Samples\MyfirstAPP\CC2530DB\..\..\..\..\..\COMP #
#                          ONENTS\ZMAC\F8W\" -I "D:\个人重要资料(勿删)\yuanwm #
#                          \桌面\ZStack-CC2530-2.2.0-1.3.0\ZStack-CC2530-2.2. #
#                          0-1.3.0\Projects\zstack\Samples\MyfirstAPP\CC2530D #
#                          B\..\..\..\..\..\COMPONENTS\ZMAC\" -I              #
#                          "D:\个人重要资料(勿删)\yuanwm\桌面\ZStack-CC2530-2 #
#                          .2.0-1.3.0\ZStack-CC2530-2.2.0-1.3.0\Projects\zsta #
#                          ck\Samples\MyfirstAPP\CC2530DB\..\..\..\..\..\COMP #
#                          ONENTS\SERVICES\SADDR\" -I                         #
#                          "D:\个人重要资料(勿删)\yuanwm\桌面\ZStack-CC2530-2 #
#                          .2.0-1.3.0\ZStack-CC2530-2.2.0-1.3.0\Projects\zsta #
#                          ck\Samples\MyfirstAPP\CC2530DB\..\..\..\..\..\COMP #
#                          ONENTS\SERVICES\SDATA\" -I                         #
#                          "D:\个人重要资料(勿删)\yuanwm\桌面\ZStack-CC2530-2 #
#                          .2.0-1.3.0\ZStack-CC2530-2.2.0-1.3.0\Projects\zsta #
#                          ck\Samples\MyfirstAPP\CC2530DB\..\..\..\..\..\COMP #
#                          ONENTS\MAC\INCLUDE\" -I "D:\个人重要资料(勿删)\yua #
#                          nwm\桌面\ZStack-CC2530-2.2.0-1.3.0\ZStack-CC2530-2 #
#                          .2.0-1.3.0\Projects\zstack\Samples\MyfirstAPP\CC25 #
#                          30DB\..\..\..\..\..\COMPONENTS\MAC\HIGH_LEVEL\"    #
#                          -I "D:\个人重要资料(勿删)\yuanwm\桌面\ZStack-CC253 #
#                          0-2.2.0-1.3.0\ZStack-CC2530-2.2.0-1.3.0\Projects\z #
#                          stack\Samples\MyfirstAPP\CC2530DB\..\..\..\..\..\C #
#                          OMPONENTS\MAC\LOW_LEVEL\srf04\" -I                 #
#                          "D:\个人重要资料(勿删)\yuanwm\桌面\ZStack-CC2530-2 #
#                          .2.0-1.3.0\ZStack-CC2530-2.2.0-1.3.0\Projects\zsta #
#                          ck\Samples\MyfirstAPP\CC2530DB\..\..\..\..\..\COMP #
#                          ONENTS\MAC\LOW_LEVEL\srf04\SINGLE_CHIP\" -I        #
#                          "C:\Program Files\IAR Systems\Embedded Workbench   #
#                          5.3 Evaluation version\8051\INC\" -I "C:\Program   #
#                          Files\IAR Systems\Embedded Workbench 5.3           #
#                          Evaluation version\8051\INC\CLIB\" -Ohz            #
#    List file          =  D:\个人重要资料(勿删)\yuanwm\桌面\ZStack-CC2530-2. #
#                          2.0-1.3.0\ZStack-CC2530-2.2.0-1.3.0\Projects\zstac #
#                          k\Samples\MyfirstAPP\CC2530DB\CoordinatorEB\List\O #
#                          SAL_MyfirstAppCoord.lst                            #
#    Object file        =  D:\个人重要资料(勿删)\yuanwm\桌面\ZStack-CC2530-2. #
#                          2.0-1.3.0\ZStack-CC2530-2.2.0-1.3.0\Projects\zstac #
#                          k\Samples\MyfirstAPP\CC2530DB\CoordinatorEB\Obj\OS #
#                          AL_MyfirstAppCoord.r51                             #
#                                                                             #
#                                                                             #
###############################################################################

D:\个人重要资料(勿删)\yuanwm\桌面\ZStack-CC2530-2.2.0-1.3.0\ZStack-CC2530-2.2.0-1.3.0\Projects\zstack\Samples\MyfirstAPP\Source\OSAL_MyfirstAppCoord.c
      1          #include "MyfirstAppCoordManage.h"
      2          // The order in this table must be identical to the task initialization calls below in osalInitTask.

   \                                 In  segment XDATA_ROM_C, align 1
      3          const pTaskEventHandlerFn tasksArr[] = {
   \                     tasksArr:
   \   000000   ........     DW ??macEventLoop?relay, ??nwk_event_loop?relay
   \   000004   ........     DW ??Hal_ProcessEvent?relay, ??APS_event_loop?relay
   \   000008   ........     DW ??ZDApp_event_loop?relay, ??My_Task_Process_Event?relay
      4            macEventLoop,
      5            nwk_event_loop,
      6            Hal_ProcessEvent,//硬件抽象层
      7          
      8            APS_event_loop,
      9          
     10            ZDApp_event_loop,
     11          
     12            My_Task_Process_Event 
     13          }; 
     14          //***sizeof(tasksArr[0]) = sizeof(pTaskEventHandlerFn)***********

   \                                 In  segment XDATA_ROM_C, align 1
     15          const uint8 tasksCnt = sizeof( tasksArr ) / sizeof( tasksArr[0] );
   \                     tasksCnt:
   \   000000   06           DB 6

   \                                 In  segment XDATA_Z, align 1, keep-with-next
     16          uint16 *tasksEvents = NULL;
   \                     tasksEvents:
   \   000000                DS 2
   \   000002                REQUIRE __INIT_XDATA_Z
     17          
     18          /*********************************************************************
     19           * @fn      osalInitTasks
     20           *
     21           * @brief   This function invokes the initialization function for each task.
     22           *
     23           * @param   void
     24           *
     25           * @return  none
     26           ****************************************************************/
     27          

   \                                 In  segment BANKED_CODE, align 1, keep-with-next
     28          void osalInitTasks( void )
   \                     osalInitTasks:
     29          {
   \   000000   C082         PUSH    DPL
   \   000002   C083         PUSH    DPH
   \   000004                ; Saved register size: 2
   \   000004                ; Auto size: 0
     30            uint8 taskID = 0;
     31          
     32            tasksEvents = (uint16 *)osal_mem_alloc( sizeof( uint16 ) * tasksCnt);
   \   000004                ; Setup parameters for call to function osal_mem_alloc
   \   000004   7A0C         MOV     R2,#0xc
   \   000006   7B00         MOV     R3,#0x0
   \   000008   12....       LCALL   ??osal_mem_alloc?relay
   \   00000B   90....       MOV     DPTR,#tasksEvents
   \   00000E   EA           MOV     A,R2
   \   00000F   F0           MOVX    @DPTR,A
   \   000010   A3           INC     DPTR
   \   000011   EB           MOV     A,R3
   \   000012   F0           MOVX    @DPTR,A
     33            osal_memset( tasksEvents, 0, (sizeof( uint16 ) * tasksCnt));
   \   000013                ; Setup parameters for call to function osal_memset
   \   000013   7C0C         MOV     R4,#0xc
   \   000015   7D00         MOV     R5,#0x0
   \   000017   7900         MOV     R1,#0x0
   \   000019   12....       LCALL   ??osal_memset?relay
     34          
     35            macTaskInit( taskID++ );
   \   00001C                ; Setup parameters for call to function macTaskInit
   \   00001C   7900         MOV     R1,#0x0
   \   00001E   12....       LCALL   ??macTaskInit?relay
     36            nwk_init( taskID++ );
   \   000021                ; Setup parameters for call to function nwk_init
   \   000021   7901         MOV     R1,#0x1
   \   000023   12....       LCALL   ??nwk_init?relay
     37            Hal_Init( taskID++ );
   \   000026                ; Setup parameters for call to function Hal_Init
   \   000026   7902         MOV     R1,#0x2
   \   000028   12....       LCALL   ??Hal_Init?relay
     38          
     39            APS_Init( taskID++ );
   \   00002B                ; Setup parameters for call to function APS_Init
   \   00002B   7903         MOV     R1,#0x3
   \   00002D   12....       LCALL   ??APS_Init?relay
     40          
     41            ZDApp_Init( taskID++ );
   \   000030                ; Setup parameters for call to function ZDApp_Init
   \   000030   7904         MOV     R1,#0x4
   \   000032   12....       LCALL   ??ZDApp_Init?relay
     42          
     43            My_Task_Init( taskID );
   \   000035                ; Setup parameters for call to function My_Task_Init
   \   000035   7905         MOV     R1,#0x5
   \   000037   12....       LCALL   ??My_Task_Init?relay
     44          }
   \   00003A   D083         POP     DPH
   \   00003C   D082         POP     DPL
   \   00003E   02....       LJMP    ?BRET

   \                                 In  segment BANK_RELAYS, align 1
   \                     ??osalInitTasks?relay:
   \   000000   12....       LCALL   ?BDISPATCH
   \   000003   ......       DC24    osalInitTasks
     45          
     46          /*********************************************************************
     47          *********************************************************************/

   Maximum stack usage in bytes:

     Function            ISTACK PSTACK XSTACK
     --------            ------ ------ ------
     osalInitTasks           2      0      0
       -> osal_mem_alloc     4      0      0
       -> osal_memset        4      0      0
       -> macTaskInit        4      0      0
       -> nwk_init           4      0      0
       -> Hal_Init           4      0      0
       -> APS_Init           4      0      0
       -> ZDApp_Init         4      0      0
       -> My_Task_Init       4      0      0


   Segment part sizes:

     Function/Label        Bytes
     --------------        -----
     tasksArr                12
     tasksCnt                 1
     tasksEvents              2
     osalInitTasks           65
     ??osalInitTasks?relay    6

 
 65 bytes in segment BANKED_CODE
  6 bytes in segment BANK_RELAYS
 13 bytes in segment XDATA_ROM_C
  2 bytes in segment XDATA_Z
 
 71 bytes of CODE  memory
 13 bytes of CONST memory
  2 bytes of XDATA memory

Errors: none
Warnings: none
