###############################################################################
#                                                                             #
# IAR C/C++ Compiler V8.10.3.10338/W32 for 8051         25/May/2019  10:55:46 #
# Copyright 2004-2011 IAR Systems AB.                                         #
#                                                                             #
#    Core               =  plain                                              #
#    Code model         =  banked                                             #
#    Data model         =  large                                              #
#    Calling convention =  xdata reentrant                                    #
#    Constant location  =  data_rom                                           #
#    Dptr setup         =  1,16                                               #
#    Source file        =  F:\Zigbee\1\Zigbee-TempFireHumi\Texas              #
#                          Instruments\Projects\zstack\Samples\MyfirstAPP\Sou #
#                          rce\yanwu.c                                        #
#    Command line       =  -f "F:\Zigbee\1\Zigbee-TempFireHumi\Texas          #
#                          Instruments\Projects\zstack\Samples\MyfirstAPP\CC2 #
#                          530DB\..\..\..\Tools\CC2530DB\f8wCoord.cfg"        #
#                          (-DCPU32MHZ -DROOT=__near_func                     #
#                          -DMAC_CFG_APP_PENDING_QUEUE=TRUE                   #
#                          -DZDO_COORDINATOR -DRTR_NWK -DBLINK_LEDS) -f       #
#                          "F:\Zigbee\1\Zigbee-TempFireHumi\Texas             #
#                          Instruments\Projects\zstack\Samples\MyfirstAPP\CC2 #
#                          530DB\..\..\..\Tools\CC2530DB\f8wConfig.cfg"       #
#                          (-DSECURE=0 -DZG_SECURE_DYNAMIC=0 -DREFLECTOR      #
#                          -DDEFAULT_CHANLIST=0x04000000                      #
#                          -DZDAPP_CONFIG_PAN_ID=0xA1B2                       #
#                          -DNWK_START_DELAY=100 -DEXTENDED_JOINING_RANDOM_MA #
#                          SK=0x007F -DBEACON_REQUEST_DELAY=100               #
#                          -DBEACON_REQ_DELAY_MASK=0x00FF                     #
#                          -DROUTE_EXPIRY_TIME=30 -DAPSC_ACK_WAIT_DURATION_PO #
#                          LLED=3000 -DNWK_INDIRECT_MSG_TIMEOUT=7             #
#                          -DMAX_RREQ_ENTRIES=8 -DAPSC_MAX_FRAME_RETRIES=3    #
#                          -DNWK_MAX_DATA_RETRIES=2                           #
#                          -DMAX_POLL_FAILURE_RETRIES=2 -DMAX_BCAST=9         #
#                          -DAPS_MAX_GROUPS=16 -DMAX_RTG_ENTRIES=40           #
#                          -DNWK_MAX_BINDING_ENTRIES=4                        #
#                          -DMAX_BINDING_CLUSTER_IDS=4 "-DDEFAULT_KEY={0x01,  #
#                          0x03, 0x05, 0x07, 0x09, 0x0B, 0x0D, 0x0F, 0x00,    #
#                          0x02, 0x04, 0x06, 0x08, 0x0A, 0x0C, 0x0D}"         #
#                          -DMAC_MAX_FRAME_SIZE=116 "-DCONST=const __code"    #
#                          -DGENERIC=__generic -DRFD_RCVC_ALWAYS_ON=FALSE     #
#                          -DPOLL_RATE=1000 -DQUEUED_POLL_RATE=100            #
#                          -DRESPONSE_POLL_RATE=100) -DREJOIN_POLL_RATE=440   #
#                          "F:\Zigbee\1\Zigbee-TempFireHumi\Texas             #
#                          Instruments\Projects\zstack\Samples\MyfirstAPP\Sou #
#                          rce\yanwu.c" -D ZIGBEEPRO -D ZTOOL_P1 -D MT_TASK   #
#                          -D MT_SYS_FUNC -D MT_ZDO_FUNC -D                   #
#                          LCD_SUPPORTED=DEBUG -D DH_AD_KEY_DEVICE -lC        #
#                          "F:\Zigbee\1\Zigbee-TempFireHumi\Texas             #
#                          Instruments\Projects\zstack\Samples\MyfirstAPP\CC2 #
#                          530DB\CoordinatorEB-Pro\List\" -lA                 #
#                          "F:\Zigbee\1\Zigbee-TempFireHumi\Texas             #
#                          Instruments\Projects\zstack\Samples\MyfirstAPP\CC2 #
#                          530DB\CoordinatorEB-Pro\List\" --diag_suppress     #
#                          Pe001,Pa010 -o "F:\Zigbee\1\Zigbee-TempFireHumi\Te #
#                          xas Instruments\Projects\zstack\Samples\MyfirstAPP #
#                          \CC2530DB\CoordinatorEB-Pro\Obj\" -e --debug       #
#                          --core=plain --dptr=16,1 --data_model=large        #
#                          --code_model=banked --calling_convention=xdata_ree #
#                          ntrant --place_constants=data_rom                  #
#                          --nr_virtual_regs 8 -I "F:\Zigbee\1\Zigbee-TempFir #
#                          eHumi\Texas Instruments\Projects\zstack\Samples\My #
#                          firstAPP\CC2530DB\" -I "F:\Zigbee\1\Zigbee-TempFir #
#                          eHumi\Texas Instruments\Projects\zstack\Samples\My #
#                          firstAPP\CC2530DB\..\SOURCE\" -I                   #
#                          "F:\Zigbee\1\Zigbee-TempFireHumi\Texas             #
#                          Instruments\Projects\zstack\Samples\MyfirstAPP\CC2 #
#                          530DB\..\..\..\ZMAIN\TI2530DB\" -I                 #
#                          "F:\Zigbee\1\Zigbee-TempFireHumi\Texas             #
#                          Instruments\Projects\zstack\Samples\MyfirstAPP\CC2 #
#                          530DB\..\..\..\..\..\COMPONENTS\MT\" -I            #
#                          "F:\Zigbee\1\Zigbee-TempFireHumi\Texas             #
#                          Instruments\Projects\zstack\Samples\MyfirstAPP\CC2 #
#                          530DB\..\..\..\..\..\COMPONENTS\HAL\INCLUDE\" -I   #
#                          "F:\Zigbee\1\Zigbee-TempFireHumi\Texas             #
#                          Instruments\Projects\zstack\Samples\MyfirstAPP\CC2 #
#                          530DB\..\..\..\..\..\COMPONENTS\HAL\TARGET\CC2530E #
#                          B\" -I "F:\Zigbee\1\Zigbee-TempFireHumi\Texas      #
#                          Instruments\Projects\zstack\Samples\MyfirstAPP\CC2 #
#                          530DB\..\..\..\..\..\COMPONENTS\OSAL\MCU\CCSOC\"   #
#                          -I "F:\Zigbee\1\Zigbee-TempFireHumi\Texas          #
#                          Instruments\Projects\zstack\Samples\MyfirstAPP\CC2 #
#                          530DB\..\..\..\..\..\COMPONENTS\OSAL\INCLUDE\" -I  #
#                          "F:\Zigbee\1\Zigbee-TempFireHumi\Texas             #
#                          Instruments\Projects\zstack\Samples\MyfirstAPP\CC2 #
#                          530DB\..\..\..\..\..\COMPONENTS\STACK\AF\" -I      #
#                          "F:\Zigbee\1\Zigbee-TempFireHumi\Texas             #
#                          Instruments\Projects\zstack\Samples\MyfirstAPP\CC2 #
#                          530DB\..\..\..\..\..\COMPONENTS\STACK\NWK\" -I     #
#                          "F:\Zigbee\1\Zigbee-TempFireHumi\Texas             #
#                          Instruments\Projects\zstack\Samples\MyfirstAPP\CC2 #
#                          530DB\..\..\..\..\..\COMPONENTS\STACK\SEC\" -I     #
#                          "F:\Zigbee\1\Zigbee-TempFireHumi\Texas             #
#                          Instruments\Projects\zstack\Samples\MyfirstAPP\CC2 #
#                          530DB\..\..\..\..\..\COMPONENTS\STACK\SAPI\" -I    #
#                          "F:\Zigbee\1\Zigbee-TempFireHumi\Texas             #
#                          Instruments\Projects\zstack\Samples\MyfirstAPP\CC2 #
#                          530DB\..\..\..\..\..\COMPONENTS\STACK\SYS\" -I     #
#                          "F:\Zigbee\1\Zigbee-TempFireHumi\Texas             #
#                          Instruments\Projects\zstack\Samples\MyfirstAPP\CC2 #
#                          530DB\..\..\..\..\..\COMPONENTS\STACK\ZDO\" -I     #
#                          "F:\Zigbee\1\Zigbee-TempFireHumi\Texas             #
#                          Instruments\Projects\zstack\Samples\MyfirstAPP\CC2 #
#                          530DB\..\..\..\..\..\COMPONENTS\ZMAC\F8W\" -I      #
#                          "F:\Zigbee\1\Zigbee-TempFireHumi\Texas             #
#                          Instruments\Projects\zstack\Samples\MyfirstAPP\CC2 #
#                          530DB\..\..\..\..\..\COMPONENTS\ZMAC\" -I          #
#                          "F:\Zigbee\1\Zigbee-TempFireHumi\Texas             #
#                          Instruments\Projects\zstack\Samples\MyfirstAPP\CC2 #
#                          530DB\..\..\..\..\..\COMPONENTS\SERVICES\SADDR\"   #
#                          -I "F:\Zigbee\1\Zigbee-TempFireHumi\Texas          #
#                          Instruments\Projects\zstack\Samples\MyfirstAPP\CC2 #
#                          530DB\..\..\..\..\..\COMPONENTS\SERVICES\SDATA\"   #
#                          -I "F:\Zigbee\1\Zigbee-TempFireHumi\Texas          #
#                          Instruments\Projects\zstack\Samples\MyfirstAPP\CC2 #
#                          530DB\..\..\..\..\..\COMPONENTS\MAC\INCLUDE\" -I   #
#                          "F:\Zigbee\1\Zigbee-TempFireHumi\Texas             #
#                          Instruments\Projects\zstack\Samples\MyfirstAPP\CC2 #
#                          530DB\..\..\..\..\..\COMPONENTS\MAC\HIGH_LEVEL\"   #
#                          -I "F:\Zigbee\1\Zigbee-TempFireHumi\Texas          #
#                          Instruments\Projects\zstack\Samples\MyfirstAPP\CC2 #
#                          530DB\..\..\..\..\..\COMPONENTS\MAC\LOW_LEVEL\srf0 #
#                          4\" -I "F:\Zigbee\1\Zigbee-TempFireHumi\Texas      #
#                          Instruments\Projects\zstack\Samples\MyfirstAPP\CC2 #
#                          530DB\..\..\..\..\..\COMPONENTS\MAC\LOW_LEVEL\srf0 #
#                          4\SINGLE_CHIP\" -Ohz --require_prototypes          #
#    List file          =  F:\Zigbee\1\Zigbee-TempFireHumi\Texas              #
#                          Instruments\Projects\zstack\Samples\MyfirstAPP\CC2 #
#                          530DB\CoordinatorEB-Pro\List\yanwu.lst             #
#    Object file        =  F:\Zigbee\1\Zigbee-TempFireHumi\Texas              #
#                          Instruments\Projects\zstack\Samples\MyfirstAPP\CC2 #
#                          530DB\CoordinatorEB-Pro\Obj\yanwu.r51              #
#                                                                             #
#                                                                             #
###############################################################################

F:\Zigbee\1\Zigbee-TempFireHumi\Texas Instruments\Projects\zstack\Samples\MyfirstAPP\Source\yanwu.c
      1          
      2          #include <ioCC2530.h>
      3          #include <string.h>
      4          #include "yanwu.h"
      5          #define uchar unsigned char
      6          #define uint unsigned int
      7          uchar R_data[4];
      8          
      9          void getRAIN(void)
                      ^
Error[Pa045]: function "getRAIN" has no prototype
     10          {
     11            DATA_Rain=0;
                   ^
Error[Pe020]: identifier "DATA_Rain" is undefined
     12            Delay_mas(30); //>18MS
                   ^
Error[Pe223]: function "Delay_mas" declared implicitly
     13            DATA_Rain=1;
     14            P0DIR &= ~0x02; //重新配置 IO 口方向 输入
     15            Delay1_10uas();
                   ^
Error[Pe223]: function "Delay1_10uas" declared implicitly
     16            if(DATA_Rain)
     17            {
     18          
     19              R_data[0]='1';
     20            }
     21            else
     22            {
     23              R_data[0]='0';
     24            }
     25          }
     26          void Delay_uas() //1 us 延时
                      ^
Error[Pa045]: function "Delay_uas" has no prototype
     27          {
     28          asm("nop");//如果太多，很有可能校验通不过
     29          asm("nop");
     30          asm("nop");
     31          asm("nop");
     32          }
     33           
     34          void Delay1_10uas() //10 us 延时
                      ^
Error[Pe159]: declaration is incompatible with previous "Delay1_10uas"
          (declared at line 15)

  void Delay1_10uas() //10 us 延时
       ^
"F:\Zigbee\1\Zigbee-TempFireHumi\Texas Instruments\Projects\zstack\Samples\MyfirstAPP\Source\yanwu.c",34  Error[Pa045]: 
          function "Delay1_10uas" has no prototype
     35          {
     36          Delay_uas();
                 ^
Error[Pa045]: function "Delay_uas" has no prototype
     37          Delay_uas();
     38          }
     39          void Delay_mas(uint Time)//n ms 延时
                      ^
Error[Pe159]: declaration is incompatible with previous "Delay_mas" (declared
          at line 12)

  void Delay_mas(uint Time)//n ms 延时
       ^
"F:\Zigbee\1\Zigbee-TempFireHumi\Texas Instruments\Projects\zstack\Samples\MyfirstAPP\Source\yanwu.c",39  Error[Pa045]: 
          function "Delay_mas" has no prototype
     40          {
     41          unsigned char i;
     42          while(Time--)
     43          {
     44          for(i=0;i<100;i++)
     45          Delay1_10uas();
                 ^
Error[Pa045]: function "Delay1_10uas" has no prototype
     46          }
     47          }

Errors: 11
Warnings: none
